Collection status has changed. 1
Collection has been started.
Collection has stopped. Application exit code:  0
Finalizing results
Finalizing the result
Clearing the database
The database has been cleared, elapsed time is 0.350 seconds.
Loading raw data to the database
Loading 'systemcollector-46984-DESKTOP-DNA4QHB.sc' file
Loading '48880-41328.0.trace' file
Updating precomputed scalar metrics
Raw data has been loaded to the database, elapsed time is 0.874 seconds.
Processing profile metrics and debug information
Data transformations have been finished, elapsed time is 0.001 seconds.
Setting data model parameters
Resolving module symbols
Resolving information for `win32u.dll'
Resolving information for `Game.exe'
Resolving information for `msctf.dll'
Resolving information for `gdi32full.dll'
Resolving information for `TextInputFramework.dll'
Resolving information for `MSVCR100D.dll'
Resolving information for `AudioSes.dll'
Resolving information for `windows.storage.dll'
Warning: Cannot locate debugging information for file `C:\Windows\SysWOW64\win32u.dll'.
Warning: Cannot locate debugging information for file `C:\Windows\SysWOW64\msctf.dll'.
Warning: Cannot locate debugging information for file `C:\Windows\SysWOW64\TextInputFramework.dll'.
Warning: Cannot locate debugging information for file `C:\Windows\SysWOW64\gdi32full.dll'.
Warning: Cannot locate debugging information for file `C:\Windows\SysWOW64\AudioSes.dll'.
Warning: Cannot locate debugging information for file `G:\Fenix\trunk\windows\Debug\MSVCR100D.dll'.
Cannot match the module with the symbol file `C:\WINDOWS\Symbols\dll\msvcr100d.i386.pdb'. Make sure to specify the correct path to the symbol file in the Binary/Symbol Search list of directories.
Warning: Cannot locate debugging information for file `C:\Windows\SysWOW64\windows.storage.dll'.
Resolving information for `gdi32.dll'
Resolving information for `libjpeg-8.dll'
Resolving information for `uxtheme.dll'
Resolving information for `SDL_image.dll'
Resolving information for `KernelBase.dll'
Resolving information for `opengl32.dll'
Resolving information for `SHCore.dll'
Warning: Cannot locate debugging information for file `C:\Windows\SysWOW64\gdi32.dll'.
Warning: Cannot locate debugging information for file `C:\Windows\SysWOW64\uxtheme.dll'.
Warning: Cannot locate debugging information for file `C:\Windows\SysWOW64\SHCore.dll'.
Warning: Cannot locate debugging information for file `C:\Windows\SysWOW64\opengl32.dll'.
Warning: Cannot locate debugging information for file `C:\Windows\SysWOW64\KernelBase.dll'.
Resolving information for `SDL.dll'
Resolving information for `rpcrt4.dll'
Resolving information for `MMDevAPI.dll'
Resolving information for `midimap.dll'
Resolving information for `kernel32.dll'
Warning: Cannot locate debugging information for file `C:\Windows\SysWOW64\midimap.dll'.
Warning: Cannot locate debugging information for file `C:\Windows\SysWOW64\MMDevAPI.dll'.
Warning: Cannot locate debugging information for file `C:\Windows\SysWOW64\rpcrt4.dll'.
Warning: Cannot locate debugging information for file `C:\Windows\SysWOW64\kernel32.dll'.
Resolving information for `Windows.Internal.Graphics.Display.DisplayColorManagement.dll'
Resolving information for `imm32.dll'
Resolving information for `dsound.dll'
Resolving information for `zlib1.dll'
Resolving information for `mscms.dll'
Resolving information for `coloradapterclient.dll'
Resolving information for `wdmaud.drv'
Resolving information for `AppXDeploymentClient.dll'
Warning: Cannot locate debugging information for file `C:\Windows\SysWOW64\Windows.Internal.Graphics.Display.DisplayColorManagement.dll'.
Warning: Cannot locate debugging information for file `C:\Windows\SysWOW64\imm32.dll'.
Warning: Cannot locate debugging information for file `C:\Windows\SysWOW64\coloradapterclient.dll'.
Warning: Cannot locate debugging information for file `C:\Windows\SysWOW64\dsound.dll'.
Warning: Cannot locate debugging information for file `C:\Windows\SysWOW64\wdmaud.drv'.
Warning: Cannot locate debugging information for file `C:\Windows\SysWOW64\mscms.dll'.
Warning: Cannot locate debugging information for file `C:\Windows\SysWOW64\AppXDeploymentClient.dll'.
Resolving information for `SDL_ttf.dll'
Resolving information for `msvcrt.dll'
Resolving information for `SDL_mixer.dll'
Resolving information for `libpng15-15.dll'
Resolving information for `winmmbase.dll'
Resolving information for `user32.dll'
Resolving information for `pincrt.dll'
Warning: Cannot locate file `C:\WINDOWS\SysWOW64\DriverStore\FileRepository\nv_dispi.inf_amd64_5dcb5bbf5c3edcf2\nvoglv32.dll'.
Resolving information for `combase.dll'
Warning: Cannot locate debugging information for file `C:\Windows\SysWOW64\msvcrt.dll'.
Resolving information for `nvoglv32.dll'
Warning: Cannot locate debugging information for file `C:\Windows\SysWOW64\winmmbase.dll'.
Warning: Cannot locate debugging information for file `C:\Windows\SysWOW64\user32.dll'.
Warning: Cannot locate debugging information for file `C:\Windows\SysWOW64\combase.dll'.
Resolving information for dangling locations
Resolving information for `ntdll.dll'
Resolving information for `tpsstool.dll'
Warning: Cannot locate debugging information for file `C:\Windows\SysWOW64\ntdll.dll'.
Warning: Cannot locate debugging information for file `C:\Program Files (x86)\IntelSWTools\system_studio_2020\Advisor_2020\bin32\tpsstool.dll'.
Resolving bottom user stack information
Resolving thread name information
Resolving call target names for dynamic code
Symbol resolution has been finished, elapsed time is 4.812 seconds.
Processing profile metrics and debug information
Deferred data transformations have been finished, elapsed time is 0.044 seconds.
Setting data model parameters
Data model parameters have been set, elapsed time is 0.033 seconds.
Precomputing frequently used data
Precomputing frequently used data
Updating precomputed scalar metrics
Precomputing frequently used data has been finished, elapsed time is 0.133 seconds.
Discarding redundant overtime data
Saving the result
Redundant overtime data has been discarded, elapsed time is 0.023 seconds.
Raw collector data has been discarded, elapsed time is 0.000 seconds.
Finalizing the result took 6.619 seconds.
Preparing data for display of survey call tree
Resolving module symbols
Resolving bottom user stack information
Resolving thread name information
Resolving call target names for dynamic code
Precomputing frequently used data
