<?xml version="1.0" encoding="utf-8"?>
<log version="1.0" tool="runtool">

<msg id="1" tool="runtool">
  <type>log-start</type>
  <arg>2020/12/30 16:52:56</arg>
</msg>
<msg id="2" tool="runtool">
  <type>bandwidth-measurement-starts</type>
</msg>
<msg id="3" tool="runtool">
  <type>bandwidth-measurement-done</type>
</msg>
<msg id="4" tool="runtool">
  <type>collector-starts</type>
</msg>
<msg id="5" tool="runtool">
  <type>marker-file</type>
  <arg>G:\Fenix\trunk\windows\Game\My Advisor Results - Game\e000\trc000\trc000.advixe</arg>
</msg>
<msg id="6" tool="trc">
  <type>PROCESS_START</type>
  <arg>G:\Fenix\trunk\windows\Debug\Game.exe</arg>
  <arg>23080</arg>
  <severity>INFO</severity>
  <timestamp>Wed Dec 30 16:53:11 2020</timestamp>
</msg>
<msg id="7" tool="trc">
  <type>PROCESS_ANALYSIS_MODE</type>
  <arg>full</arg>
  <severity>INFO</severity>
  <timestamp>Wed Dec 30 16:53:11 2020</timestamp>
</msg>
<msg id="8" tool="trc">
  <type>LOAD_MODULE</type>
  <arg>G:\Fenix\trunk\windows\Debug\Game.exe</arg>
  <arg>0x640000</arg>
  <arg>0x78afff</arg>
  <severity>INFO</severity>
  <timestamp>Wed Dec 30 16:53:11 2020</timestamp>
</msg>
<msg id="9" tool="trc">
  <type>LOAD_MODULE</type>
  <arg>C:\Windows\SysWOW64\KernelBase.dll</arg>
  <arg>0x766b0000</arg>
  <arg>0x768c3fff</arg>
  <severity>INFO</severity>
  <timestamp>Wed Dec 30 16:53:11 2020</timestamp>
</msg>
<msg id="10" tool="trc">
  <type>LOAD_MODULE</type>
  <arg>C:\Windows\SysWOW64\kernel32.dll</arg>
  <arg>0x775a0000</arg>
  <arg>0x7768ffff</arg>
  <severity>INFO</severity>
  <timestamp>Wed Dec 30 16:53:11 2020</timestamp>
</msg>
<msg id="11" tool="trc">
  <type>LOAD_MODULE</type>
  <arg>C:\Windows\SysWOW64\ntdll.dll</arg>
  <arg>0x77880000</arg>
  <arg>0x77a22fff</arg>
  <severity>INFO</severity>
  <timestamp>Wed Dec 30 16:53:11 2020</timestamp>
</msg>
<msg id="12" tool="trc">
  <type>LOAD_MODULE</type>
  <arg>C:\Windows\SysWOW64\user32.dll</arg>
  <arg>0x76510000</arg>
  <arg>0x766a5fff</arg>
  <severity>INFO</severity>
  <timestamp>Wed Dec 30 16:53:11 2020</timestamp>
</msg>
<msg id="13" tool="trc">
  <type>LOAD_MODULE</type>
  <arg>C:\Windows\SysWOW64\win32u.dll</arg>
  <arg>0x77490000</arg>
  <arg>0x774a7fff</arg>
  <severity>INFO</severity>
  <timestamp>Wed Dec 30 16:53:11 2020</timestamp>
</msg>
<msg id="14" tool="trc">
  <type>LOAD_MODULE</type>
  <arg>C:\Windows\SysWOW64\gdi32.dll</arg>
  <arg>0x772f0000</arg>
  <arg>0x77312fff</arg>
  <severity>INFO</severity>
  <timestamp>Wed Dec 30 16:53:11 2020</timestamp>
</msg>
<msg id="15" tool="trc">
  <type>LOAD_MODULE</type>
  <arg>C:\Windows\SysWOW64\gdi32full.dll</arg>
  <arg>0x75be0000</arg>
  <arg>0x75cbafff</arg>
  <severity>INFO</severity>
  <timestamp>Wed Dec 30 16:53:11 2020</timestamp>
</msg>
<msg id="16" tool="trc">
  <type>LOAD_MODULE</type>
  <arg>C:\Windows\SysWOW64\msvcp_win.dll</arg>
  <arg>0x777f0000</arg>
  <arg>0x7786afff</arg>
  <severity>INFO</severity>
  <timestamp>Wed Dec 30 16:53:11 2020</timestamp>
</msg>
<msg id="17" tool="trc">
  <type>LOAD_MODULE</type>
  <arg>C:\Windows\SysWOW64\ucrtbase.dll</arg>
  <arg>0x763d0000</arg>
  <arg>0x764effff</arg>
  <severity>INFO</severity>
  <timestamp>Wed Dec 30 16:53:11 2020</timestamp>
</msg>
<msg id="18" tool="trc">
  <type>LOAD_MODULE</type>
  <arg>G:\Fenix\trunk\windows\Debug\SDL_image.dll</arg>
  <arg>0x62e40000</arg>
  <arg>0x62e63fff</arg>
  <severity>INFO</severity>
  <timestamp>Wed Dec 30 16:53:11 2020</timestamp>
</msg>
<msg id="19" tool="trc">
  <type>LOAD_MODULE</type>
  <arg>G:\Fenix\trunk\windows\Debug\SDL.dll</arg>
  <arg>0x68100000</arg>
  <arg>0x68158fff</arg>
  <severity>INFO</severity>
  <timestamp>Wed Dec 30 16:53:11 2020</timestamp>
</msg>
<msg id="20" tool="trc">
  <type>LOAD_MODULE</type>
  <arg>G:\Fenix\trunk\windows\Debug\MSVCP100D.dll</arg>
  <arg>0x7a870000</arg>
  <arg>0x7a926fff</arg>
  <severity>INFO</severity>
  <timestamp>Wed Dec 30 16:53:11 2020</timestamp>
</msg>
<msg id="21" tool="trc">
  <type>LOAD_MODULE</type>
  <arg>G:\Fenix\trunk\windows\Debug\MSVCR100D.dll</arg>
  <arg>0x7a930000</arg>
  <arg>0x7aaa1fff</arg>
  <severity>INFO</severity>
  <timestamp>Wed Dec 30 16:53:11 2020</timestamp>
</msg>
<msg id="22" tool="trc">
  <type>LOAD_MODULE</type>
  <arg>C:\Windows\SysWOW64\msvcrt.dll</arg>
  <arg>0x75ae0000</arg>
  <arg>0x75b9efff</arg>
  <severity>INFO</severity>
  <timestamp>Wed Dec 30 16:53:11 2020</timestamp>
</msg>
<msg id="23" tool="trc">
  <type>LOAD_MODULE</type>
  <arg>G:\Fenix\trunk\windows\Debug\SDL_mixer.dll</arg>
  <arg>0x61700000</arg>
  <arg>0x6174efff</arg>
  <severity>INFO</severity>
  <timestamp>Wed Dec 30 16:53:11 2020</timestamp>
</msg>
<msg id="24" tool="trc">
  <type>LOAD_MODULE</type>
  <arg>C:\Windows\SysWOW64\advapi32.dll</arg>
  <arg>0x75a60000</arg>
  <arg>0x75ad9fff</arg>
  <severity>INFO</severity>
  <timestamp>Wed Dec 30 16:53:11 2020</timestamp>
</msg>
<msg id="25" tool="trc">
  <type>LOAD_MODULE</type>
  <arg>G:\Fenix\trunk\windows\Game\SDL_ttf.dll</arg>
  <arg>0x6f4c0000</arg>
  <arg>0x6f4cefff</arg>
  <severity>INFO</severity>
  <timestamp>Wed Dec 30 16:53:11 2020</timestamp>
</msg>
<msg id="26" tool="trc">
  <type>LOAD_MODULE</type>
  <arg>C:\Windows\SysWOW64\opengl32.dll</arg>
  <arg>0x7abf0000</arg>
  <arg>0x7acf2fff</arg>
  <severity>INFO</severity>
  <timestamp>Wed Dec 30 16:53:11 2020</timestamp>
</msg>
<msg id="27" tool="trc">
  <type>LOAD_MODULE</type>
  <arg>C:\Windows\SysWOW64\sechost.dll</arg>
  <arg>0x770a0000</arg>
  <arg>0x77115fff</arg>
  <severity>INFO</severity>
  <timestamp>Wed Dec 30 16:53:11 2020</timestamp>
</msg>
<msg id="28" tool="trc">
  <type>LOAD_MODULE</type>
  <arg>C:\Windows\SysWOW64\winmm.dll</arg>
  <arg>0x71c70000</arg>
  <arg>0x71c97fff</arg>
  <severity>INFO</severity>
  <timestamp>Wed Dec 30 16:53:11 2020</timestamp>
</msg>
<msg id="29" tool="trc">
  <type>LOAD_MODULE</type>
  <arg>C:\Windows\SysWOW64\combase.dll</arg>
  <arg>0x757c0000</arg>
  <arg>0x75a40fff</arg>
  <severity>INFO</severity>
  <timestamp>Wed Dec 30 16:53:11 2020</timestamp>
</msg>
<msg id="30" tool="trc">
  <type>LOAD_MODULE</type>
  <arg>C:\Windows\SysWOW64\rpcrt4.dll</arg>
  <arg>0x77320000</arg>
  <arg>0x773dffff</arg>
  <severity>INFO</severity>
  <timestamp>Wed Dec 30 16:53:11 2020</timestamp>
</msg>
<msg id="31" tool="trc">
  <type>LOAD_MODULE</type>
  <arg>G:\Fenix\trunk\windows\Game\libfreetype-6.dll</arg>
  <arg>0x67c00000</arg>
  <arg>0x67c77fff</arg>
  <severity>INFO</severity>
  <timestamp>Wed Dec 30 16:53:11 2020</timestamp>
</msg>
<msg id="32" tool="trc">
  <type>LOAD_MODULE</type>
  <arg>C:\Windows\SysWOW64\glu32.dll</arg>
  <arg>0x7ad00000</arg>
  <arg>0x7ad3efff</arg>
  <severity>INFO</severity>
  <timestamp>Wed Dec 30 16:53:11 2020</timestamp>
</msg>
<msg id="33" tool="trc">
  <type>LOAD_MODULE</type>
  <arg>G:\Fenix\trunk\windows\Debug\zlib1.dll</arg>
  <arg>0x62e80000</arg>
  <arg>0x62e9efff</arg>
  <severity>INFO</severity>
  <timestamp>Wed Dec 30 16:53:11 2020</timestamp>
</msg>
<msg id="34" tool="trc">
  <type>LOAD_MODULE</type>
  <arg>C:\Windows\SysWOW64\imm32.dll</arg>
  <arg>0x772c0000</arg>
  <arg>0x772e4fff</arg>
  <severity>INFO</severity>
  <timestamp>Wed Dec 30 16:53:12 2020</timestamp>
</msg>
<msg id="35" tool="trc">
  <type>LOAD_MODULE</type>
  <arg>C:\Windows\SysWOW64\ddraw.dll</arg>
  <arg>0x7ad40000</arg>
  <arg>0x7ae28fff</arg>
  <severity>INFO</severity>
  <timestamp>Wed Dec 30 16:53:12 2020</timestamp>
</msg>
<msg id="36" tool="trc">
  <type>LOAD_MODULE</type>
  <arg>C:\Windows\SysWOW64\kernel.appcore.dll</arg>
  <arg>0x75320000</arg>
  <arg>0x7532efff</arg>
  <severity>INFO</severity>
  <timestamp>Wed Dec 30 16:53:12 2020</timestamp>
</msg>
<msg id="37" tool="trc">
  <type>LOAD_MODULE</type>
  <arg>C:\Windows\SysWOW64\dxgi.dll</arg>
  <arg>0x709e0000</arg>
  <arg>0x70aa1fff</arg>
  <severity>INFO</severity>
  <timestamp>Wed Dec 30 16:53:12 2020</timestamp>
</msg>
<msg id="38" tool="trc">
  <type>LOAD_MODULE</type>
  <arg>C:\Windows\SysWOW64\dciman32.dll</arg>
  <arg>0x7ae30000</arg>
  <arg>0x7ae36fff</arg>
  <severity>INFO</severity>
  <timestamp>Wed Dec 30 16:53:12 2020</timestamp>
</msg>
<msg id="39" tool="trc">
  <type>UNLOAD_MODULE</type>
  <arg>C:\Windows\SysWOW64\kernel.appcore.dll</arg>
  <severity>INFO</severity>
  <timestamp>Wed Dec 30 16:53:12 2020</timestamp>
</msg>
<msg id="40" tool="trc">
  <type>UNLOAD_MODULE</type>
  <arg>C:\Windows\SysWOW64\dxgi.dll</arg>
  <severity>INFO</severity>
  <timestamp>Wed Dec 30 16:53:12 2020</timestamp>
</msg>
<msg id="41" tool="trc">
  <type>UNLOAD_MODULE</type>
  <arg>C:\Windows\SysWOW64\dciman32.dll</arg>
  <severity>INFO</severity>
  <timestamp>Wed Dec 30 16:53:12 2020</timestamp>
</msg>
<msg id="42" tool="trc">
  <type>UNLOAD_MODULE</type>
  <arg>C:\Windows\SysWOW64\ddraw.dll</arg>
  <severity>INFO</severity>
  <timestamp>Wed Dec 30 16:53:12 2020</timestamp>
</msg>
<msg id="43" tool="trc">
  <type>LOAD_MODULE</type>
  <arg>C:\Windows\SysWOW64\dsound.dll</arg>
  <arg>0x6f3d0000</arg>
  <arg>0x6f44efff</arg>
  <severity>INFO</severity>
  <timestamp>Wed Dec 30 16:53:12 2020</timestamp>
</msg>
<msg id="44" tool="trc">
  <type>LOAD_MODULE</type>
  <arg>C:\Windows\SysWOW64\powrprof.dll</arg>
  <arg>0x6f380000</arg>
  <arg>0x6f3c3fff</arg>
  <severity>INFO</severity>
  <timestamp>Wed Dec 30 16:53:12 2020</timestamp>
</msg>
<msg id="45" tool="trc">
  <type>LOAD_MODULE</type>
  <arg>C:\Windows\SysWOW64\winmmbase.dll</arg>
  <arg>0x6f360000</arg>
  <arg>0x6f37cfff</arg>
  <severity>INFO</severity>
  <timestamp>Wed Dec 30 16:53:12 2020</timestamp>
</msg>
<msg id="46" tool="trc">
  <type>LOAD_MODULE</type>
  <arg>C:\Windows\SysWOW64\umpdc.dll</arg>
  <arg>0x6f350000</arg>
  <arg>0x6f35cfff</arg>
  <severity>INFO</severity>
  <timestamp>Wed Dec 30 16:53:12 2020</timestamp>
</msg>
<msg id="47" tool="trc">
  <type>LOAD_MODULE</type>
  <arg>C:\Windows\SysWOW64\kernel.appcore.dll</arg>
  <arg>0x75320000</arg>
  <arg>0x7532efff</arg>
  <severity>INFO</severity>
  <timestamp>Wed Dec 30 16:53:13 2020</timestamp>
</msg>
<msg id="48" tool="trc">
  <type>LOAD_MODULE</type>
  <arg>C:\Windows\SysWOW64\bcryptprimitives.dll</arg>
  <arg>0x77690000</arg>
  <arg>0x776ecfff</arg>
  <severity>INFO</severity>
  <timestamp>Wed Dec 30 16:53:13 2020</timestamp>
</msg>
<msg id="49" tool="trc">
  <type>LOAD_MODULE</type>
  <arg>C:\Windows\SysWOW64\clbcatq.dll</arg>
  <arg>0x75740000</arg>
  <arg>0x757bdfff</arg>
  <severity>INFO</severity>
  <timestamp>Wed Dec 30 16:53:13 2020</timestamp>
</msg>
<msg id="50" tool="trc">
  <type>LOAD_MODULE</type>
  <arg>C:\Windows\SysWOW64\MMDevAPI.dll</arg>
  <arg>0x6f2e0000</arg>
  <arg>0x6f349fff</arg>
  <severity>INFO</severity>
  <timestamp>Wed Dec 30 16:53:13 2020</timestamp>
</msg>
<msg id="51" tool="trc">
  <type>LOAD_MODULE</type>
  <arg>C:\Windows\SysWOW64\SHCore.dll</arg>
  <arg>0x77010000</arg>
  <arg>0x77097fff</arg>
  <severity>INFO</severity>
  <timestamp>Wed Dec 30 16:53:13 2020</timestamp>
</msg>
<msg id="52" tool="trc">
  <type>LOAD_MODULE</type>
  <arg>C:\Windows\SysWOW64\devobj.dll</arg>
  <arg>0x72720000</arg>
  <arg>0x72743fff</arg>
  <severity>INFO</severity>
  <timestamp>Wed Dec 30 16:53:13 2020</timestamp>
</msg>
<msg id="53" tool="trc">
  <type>LOAD_MODULE</type>
  <arg>C:\Windows\SysWOW64\cfgmgr32.dll</arg>
  <arg>0x75ba0000</arg>
  <arg>0x75bdafff</arg>
  <severity>INFO</severity>
  <timestamp>Wed Dec 30 16:53:13 2020</timestamp>
</msg>
<msg id="54" tool="trc">
  <type>LOAD_MODULE</type>
  <arg>C:\Windows\SysWOW64\AudioSes.dll</arg>
  <arg>0x6f1a0000</arg>
  <arg>0x6f2d7fff</arg>
  <severity>INFO</severity>
  <timestamp>Wed Dec 30 16:53:14 2020</timestamp>
</msg>
<msg id="55" tool="trc">
  <type>LOAD_MODULE</type>
  <arg>C:\Windows\SysWOW64\oleaut32.dll</arg>
  <arg>0x776f0000</arg>
  <arg>0x77785fff</arg>
  <severity>INFO</severity>
  <timestamp>Wed Dec 30 16:53:14 2020</timestamp>
</msg>
<msg id="56" tool="trc">
  <type>LOAD_MODULE</type>
  <arg>C:\Windows\SysWOW64\ResourcePolicyClient.dll</arg>
  <arg>0x6f190000</arg>
  <arg>0x6f19efff</arg>
  <severity>INFO</severity>
  <timestamp>Wed Dec 30 16:53:14 2020</timestamp>
</msg>
<msg id="57" tool="trc">
  <type>LOAD_MODULE</type>
  <arg>G:\Fenix\trunk\windows\Debug\libmikmod-2.dll</arg>
  <arg>0x6d9c0000</arg>
  <arg>0x6da07fff</arg>
  <severity>INFO</severity>
  <timestamp>Wed Dec 30 16:53:14 2020</timestamp>
</msg>
<msg id="58" tool="trc">
  <type>LOAD_MODULE</type>
  <arg>C:\Windows\SysWOW64\wdmaud.drv</arg>
  <arg>0x5dc80000</arg>
  <arg>0x5dcb9fff</arg>
  <severity>INFO</severity>
  <timestamp>Wed Dec 30 16:53:15 2020</timestamp>
</msg>
<msg id="59" tool="trc">
  <type>LOAD_MODULE</type>
  <arg>C:\Windows\SysWOW64\ksuser.dll</arg>
  <arg>0x5dc70000</arg>
  <arg>0x5dc76fff</arg>
  <severity>INFO</severity>
  <timestamp>Wed Dec 30 16:53:15 2020</timestamp>
</msg>
<msg id="60" tool="trc">
  <type>LOAD_MODULE</type>
  <arg>C:\Windows\SysWOW64\avrt.dll</arg>
  <arg>0x6ef10000</arg>
  <arg>0x6ef17fff</arg>
  <severity>INFO</severity>
  <timestamp>Wed Dec 30 16:53:15 2020</timestamp>
</msg>
<msg id="61" tool="trc">
  <type>LOAD_MODULE</type>
  <arg>C:\Windows\SysWOW64\Windows.UI.dll</arg>
  <arg>0x6f090000</arg>
  <arg>0x6f182fff</arg>
  <severity>INFO</severity>
  <timestamp>Wed Dec 30 16:53:15 2020</timestamp>
</msg>
<msg id="62" tool="trc">
  <type>LOAD_MODULE</type>
  <arg>C:\Windows\SysWOW64\WindowManagementAPI.dll</arg>
  <arg>0x6f010000</arg>
  <arg>0x6f082fff</arg>
  <severity>INFO</severity>
  <timestamp>Wed Dec 30 16:53:15 2020</timestamp>
</msg>
<msg id="63" tool="trc">
  <type>LOAD_MODULE</type>
  <arg>C:\Windows\SysWOW64\InputHost.dll</arg>
  <arg>0x6ef20000</arg>
  <arg>0x6f00cfff</arg>
  <severity>INFO</severity>
  <timestamp>Wed Dec 30 16:53:15 2020</timestamp>
</msg>
<msg id="64" tool="trc">
  <type>LOAD_MODULE</type>
  <arg>C:\Windows\SysWOW64\TextInputFramework.dll</arg>
  <arg>0x6fc40000</arg>
  <arg>0x6fcf9fff</arg>
  <severity>INFO</severity>
  <timestamp>Wed Dec 30 16:53:15 2020</timestamp>
</msg>
<msg id="65" tool="trc">
  <type>LOAD_MODULE</type>
  <arg>C:\Windows\SysWOW64\CoreMessaging.dll</arg>
  <arg>0x6fba0000</arg>
  <arg>0x6fc3afff</arg>
  <severity>INFO</severity>
  <timestamp>Wed Dec 30 16:53:15 2020</timestamp>
</msg>
<msg id="66" tool="trc">
  <type>LOAD_MODULE</type>
  <arg>C:\Windows\SysWOW64\propsys.dll</arg>
  <arg>0x6fe60000</arg>
  <arg>0x6ff22fff</arg>
  <severity>INFO</severity>
  <timestamp>Wed Dec 30 16:53:15 2020</timestamp>
</msg>
<msg id="67" tool="trc">
  <type>LOAD_MODULE</type>
  <arg>C:\Windows\SysWOW64\WinTypes.dll</arg>
  <arg>0x6f810000</arg>
  <arg>0x6f8edfff</arg>
  <severity>INFO</severity>
  <timestamp>Wed Dec 30 16:53:15 2020</timestamp>
</msg>
<msg id="68" tool="trc">
  <type>LOAD_MODULE</type>
  <arg>C:\Windows\SysWOW64\ws2_32.dll</arg>
  <arg>0x773e0000</arg>
  <arg>0x77442fff</arg>
  <severity>INFO</severity>
  <timestamp>Wed Dec 30 16:53:15 2020</timestamp>
</msg>
<msg id="69" tool="trc">
  <type>LOAD_MODULE</type>
  <arg>C:\Windows\SysWOW64\twinapi.appcore.dll</arg>
  <arg>0x70840000</arg>
  <arg>0x709d0fff</arg>
  <severity>INFO</severity>
  <timestamp>Wed Dec 30 16:53:15 2020</timestamp>
</msg>
<msg id="70" tool="trc">
  <type>LOAD_MODULE</type>
  <arg>C:\Windows\SysWOW64\CoreUIComponents.dll</arg>
  <arg>0x6f920000</arg>
  <arg>0x6fb9dfff</arg>
  <severity>INFO</severity>
  <timestamp>Wed Dec 30 16:53:15 2020</timestamp>
</msg>
<msg id="71" tool="trc">
  <type>LOAD_MODULE</type>
  <arg>C:\Windows\SysWOW64\ntmarta.dll</arg>
  <arg>0x6f8f0000</arg>
  <arg>0x6f918fff</arg>
  <severity>INFO</severity>
  <timestamp>Wed Dec 30 16:53:15 2020</timestamp>
</msg>
<msg id="72" tool="trc">
  <type>LOAD_MODULE</type>
  <arg>C:\Windows\SysWOW64\msacm32.drv</arg>
  <arg>0x5dc60000</arg>
  <arg>0x5dc69fff</arg>
  <severity>INFO</severity>
  <timestamp>Wed Dec 30 16:53:16 2020</timestamp>
</msg>
<msg id="73" tool="trc">
  <type>LOAD_MODULE</type>
  <arg>C:\Windows\SysWOW64\msacm32.dll</arg>
  <arg>0x5dc40000</arg>
  <arg>0x5dc58fff</arg>
  <severity>INFO</severity>
  <timestamp>Wed Dec 30 16:53:16 2020</timestamp>
</msg>
<msg id="74" tool="trc">
  <type>LOAD_MODULE</type>
  <arg>C:\Windows\SysWOW64\midimap.dll</arg>
  <arg>0x5dc30000</arg>
  <arg>0x5dc37fff</arg>
  <severity>INFO</severity>
  <timestamp>Wed Dec 30 16:53:16 2020</timestamp>
</msg>
<msg id="75" tool="trc">
  <type>LOAD_MODULE</type>
  <arg>C:\Windows\SysWOW64\uxtheme.dll</arg>
  <arg>0x728b0000</arg>
  <arg>0x72923fff</arg>
  <severity>INFO</severity>
  <timestamp>Wed Dec 30 16:53:17 2020</timestamp>
</msg>
<msg id="76" tool="trc">
  <type>LOAD_MODULE</type>
  <arg>C:\Windows\SysWOW64\msctf.dll</arg>
  <arg>0x771e0000</arg>
  <arg>0x772b3fff</arg>
  <severity>INFO</severity>
  <timestamp>Wed Dec 30 16:53:18 2020</timestamp>
</msg>
<msg id="77" tool="trc">
  <type>LOAD_MODULE</type>
  <arg>C:\Windows\SysWOW64\mscms.dll</arg>
  <arg>0x689f0000</arg>
  <arg>0x68a82fff</arg>
  <severity>INFO</severity>
  <timestamp>Wed Dec 30 16:53:18 2020</timestamp>
</msg>
<msg id="78" tool="trc">
  <type>LOAD_MODULE</type>
  <arg>C:\Windows\SysWOW64\coloradapterclient.dll</arg>
  <arg>0x689e0000</arg>
  <arg>0x689ebfff</arg>
  <severity>INFO</severity>
  <timestamp>Wed Dec 30 16:53:18 2020</timestamp>
</msg>
<msg id="79" tool="trc">
  <type>LOAD_MODULE</type>
  <arg>C:\Windows\SysWOW64\userenv.dll</arg>
  <arg>0x753c0000</arg>
  <arg>0x753e4fff</arg>
  <severity>INFO</severity>
  <timestamp>Wed Dec 30 16:53:18 2020</timestamp>
</msg>
<msg id="80" tool="trc">
  <type>LOAD_MODULE</type>
  <arg>C:\Windows\SysWOW64\Windows.Internal.Graphics.Display.DisplayColorManagement.dll</arg>
  <arg>0x7aab0000</arg>
  <arg>0x7aae0fff</arg>
  <severity>INFO</severity>
  <timestamp>Wed Dec 30 16:53:18 2020</timestamp>
</msg>
<msg id="81" tool="trc">
  <type>LOAD_MODULE</type>
  <arg>C:\Windows\SysWOW64\KBDUS.DLL</arg>
  <arg>0x7a860000</arg>
  <arg>0x7a865fff</arg>
  <severity>INFO</severity>
  <timestamp>Wed Dec 30 16:53:18 2020</timestamp>
</msg>
<msg id="82" tool="trc">
  <type>UNLOAD_MODULE</type>
  <arg>C:\Windows\SysWOW64\KBDUS.DLL</arg>
  <severity>INFO</severity>
  <timestamp>Wed Dec 30 16:53:18 2020</timestamp>
</msg>
<msg id="83" tool="trc">
  <type>LOAD_MODULE</type>
  <arg>C:\Windows\SysWOW64\KBDPL1.DLL</arg>
  <arg>0x7ae40000</arg>
  <arg>0x7ae43fff</arg>
  <severity>INFO</severity>
  <timestamp>Wed Dec 30 16:53:18 2020</timestamp>
</msg>
<msg id="84" tool="trc">
  <type>UNLOAD_MODULE</type>
  <arg>C:\Windows\SysWOW64\KBDPL1.DLL</arg>
  <severity>INFO</severity>
  <timestamp>Wed Dec 30 16:53:18 2020</timestamp>
</msg>
<msg id="85" tool="trc">
  <type>LOAD_MODULE</type>
  <arg>C:\Windows\SysWOW64\AppXDeploymentClient.dll</arg>
  <arg>0x7ae50000</arg>
  <arg>0x7af0afff</arg>
  <severity>INFO</severity>
  <timestamp>Wed Dec 30 16:53:20 2020</timestamp>
</msg>
<msg id="86" tool="trc">
  <type>LOAD_MODULE</type>
  <arg>C:\WINDOWS\System32\DriverStore\FileRepository\nv_dispi.inf_amd64_5dcb5bbf5c3edcf2\nvoglv32.dll</arg>
  <arg>0x17aa0000</arg>
  <arg>0x19d80fff</arg>
  <severity>INFO</severity>
  <timestamp>Wed Dec 30 16:53:20 2020</timestamp>
</msg>
<msg id="87" tool="trc">
  <type>UNLOAD_MODULE</type>
  <arg>C:\WINDOWS\System32\DriverStore\FileRepository\nv_dispi.inf_amd64_5dcb5bbf5c3edcf2\nvoglv32.dll</arg>
  <severity>INFO</severity>
  <timestamp>Wed Dec 30 16:53:20 2020</timestamp>
</msg>
<msg id="88" tool="trc">
  <type>LOAD_MODULE</type>
  <arg>C:\WINDOWS\System32\DriverStore\FileRepository\nv_dispi.inf_amd64_5dcb5bbf5c3edcf2\nvoglv32.dll</arg>
  <arg>0x17aa0000</arg>
  <arg>0x19d80fff</arg>
  <severity>INFO</severity>
  <timestamp>Wed Dec 30 16:53:20 2020</timestamp>
</msg>
<msg id="89" tool="trc">
  <type>LOAD_MODULE</type>
  <arg>C:\Windows\SysWOW64\shell32.dll</arg>
  <arg>0x75e10000</arg>
  <arg>0x763c2fff</arg>
  <severity>INFO</severity>
  <timestamp>Wed Dec 30 16:53:20 2020</timestamp>
</msg>
<msg id="90" tool="trc">
  <type>LOAD_MODULE</type>
  <arg>C:\Windows\SysWOW64\setupapi.dll</arg>
  <arg>0x76bd0000</arg>
  <arg>0x77003fff</arg>
  <severity>INFO</severity>
  <timestamp>Wed Dec 30 16:53:20 2020</timestamp>
</msg>
<msg id="91" tool="trc">
  <type>LOAD_MODULE</type>
  <arg>C:\Windows\SysWOW64\bcrypt.dll</arg>
  <arg>0x77460000</arg>
  <arg>0x77478fff</arg>
  <severity>INFO</severity>
  <timestamp>Wed Dec 30 16:53:20 2020</timestamp>
</msg>
<msg id="92" tool="trc">
  <type>LOAD_MODULE</type>
  <arg>C:\Windows\SysWOW64\ole32.dll</arg>
  <arg>0x774b0000</arg>
  <arg>0x77592fff</arg>
  <severity>INFO</severity>
  <timestamp>Wed Dec 30 16:53:20 2020</timestamp>
</msg>
<msg id="93" tool="trc">
  <type>LOAD_MODULE</type>
  <arg>C:\Windows\SysWOW64\wtsapi32.dll</arg>
  <arg>0x753f0000</arg>
  <arg>0x753fefff</arg>
  <severity>INFO</severity>
  <timestamp>Wed Dec 30 16:53:20 2020</timestamp>
</msg>
<msg id="94" tool="trc">
  <type>LOAD_MODULE</type>
  <arg>C:\Windows\SysWOW64\version.dll</arg>
  <arg>0x75630000</arg>
  <arg>0x75637fff</arg>
  <severity>INFO</severity>
  <timestamp>Wed Dec 30 16:53:20 2020</timestamp>
</msg>
<msg id="95" tool="trc">
  <type>LOAD_MODULE</type>
  <arg>C:\Windows\SysWOW64\msasn1.dll</arg>
  <arg>0x6ff30000</arg>
  <arg>0x6ff3dfff</arg>
  <severity>INFO</severity>
  <timestamp>Wed Dec 30 16:53:21 2020</timestamp>
</msg>
<msg id="96" tool="trc">
  <type>LOAD_MODULE</type>
  <arg>C:\Windows\SysWOW64\cryptnet.dll</arg>
  <arg>0x6adb0000</arg>
  <arg>0x6add5fff</arg>
  <severity>INFO</severity>
  <timestamp>Wed Dec 30 16:53:21 2020</timestamp>
</msg>
<msg id="97" tool="trc">
  <type>LOAD_MODULE</type>
  <arg>C:\Windows\SysWOW64\crypt32.dll</arg>
  <arg>0x75d10000</arg>
  <arg>0x75e0efff</arg>
  <severity>INFO</severity>
  <timestamp>Wed Dec 30 16:53:21 2020</timestamp>
</msg>
<msg id="98" tool="trc">
  <type>LOAD_MODULE</type>
  <arg>C:\Windows\SysWOW64\cryptbase.dll</arg>
  <arg>0x734e0000</arg>
  <arg>0x734e9fff</arg>
  <severity>INFO</severity>
  <timestamp>Wed Dec 30 16:53:21 2020</timestamp>
</msg>
<msg id="99" tool="trc">
  <type>LOAD_MODULE</type>
  <arg>C:\Windows\SysWOW64\wintrust.dll</arg>
  <arg>0x75cc0000</arg>
  <arg>0x75d06fff</arg>
  <severity>INFO</severity>
  <timestamp>Wed Dec 30 16:53:21 2020</timestamp>
</msg>
<msg id="100" tool="trc">
  <type>LOAD_MODULE</type>
  <arg>C:\Windows\SysWOW64\DXCore.dll</arg>
  <arg>0x6ae70000</arg>
  <arg>0x6ae9bfff</arg>
  <severity>INFO</severity>
  <timestamp>Wed Dec 30 16:53:22 2020</timestamp>
</msg>
<msg id="101" tool="trc">
  <type>LOAD_MODULE</type>
  <arg>C:\Windows\SysWOW64\windows.storage.dll</arg>
  <arg>0x72110000</arg>
  <arg>0x72719fff</arg>
  <severity>INFO</severity>
  <timestamp>Wed Dec 30 16:53:22 2020</timestamp>
</msg>
<msg id="102" tool="trc">
  <type>LOAD_MODULE</type>
  <arg>C:\Windows\SysWOW64\wldp.dll</arg>
  <arg>0x72930000</arg>
  <arg>0x72953fff</arg>
  <severity>INFO</severity>
  <timestamp>Wed Dec 30 16:53:22 2020</timestamp>
</msg>
<msg id="103" tool="trc">
  <type>LOAD_MODULE</type>
  <arg>C:\Windows\SysWOW64\shlwapi.dll</arg>
  <arg>0x76af0000</arg>
  <arg>0x76b34fff</arg>
  <severity>INFO</severity>
  <timestamp>Wed Dec 30 16:53:22 2020</timestamp>
</msg>
<msg id="104" tool="trc">
  <type>LOAD_MODULE</type>
  <arg>C:\Windows\SysWOW64\dwmapi.dll</arg>
  <arg>0x71590000</arg>
  <arg>0x715b5fff</arg>
  <severity>INFO</severity>
  <timestamp>Wed Dec 30 16:53:22 2020</timestamp>
</msg>
<msg id="105" tool="trc">
  <type>LOAD_MODULE</type>
  <arg>C:\Windows\SysWOW64\winsta.dll</arg>
  <arg>0x6e810000</arg>
  <arg>0x6e856fff</arg>
  <severity>INFO</severity>
  <timestamp>Wed Dec 30 16:53:23 2020</timestamp>
</msg>
<msg id="106" tool="trc">
  <type>LOAD_MODULE</type>
  <arg>G:\Fenix\trunk\windows\Debug\libpng15-15.dll</arg>
  <arg>0x64740000</arg>
  <arg>0x6476afff</arg>
  <severity>INFO</severity>
  <timestamp>Wed Dec 30 16:53:24 2020</timestamp>
</msg>
<msg id="107" tool="trc">
  <type>LOAD_MODULE</type>
  <arg>G:\Fenix\trunk\windows\Debug\libjpeg-8.dll</arg>
  <arg>0x6b800000</arg>
  <arg>0x6b838fff</arg>
  <severity>INFO</severity>
  <timestamp>Wed Dec 30 16:53:25 2020</timestamp>
</msg>
<msg id="108" tool="trc">
  <type>UNLOAD_MODULE</type>
  <arg>G:\Fenix\trunk\windows\Debug\Game.exe</arg>
  <severity>INFO</severity>
  <timestamp>Wed Dec 30 16:53:29 2020</timestamp>
</msg>
<msg id="109" tool="trc">
  <type>UNLOAD_MODULE</type>
  <arg>C:\Windows\SysWOW64\KernelBase.dll</arg>
  <severity>INFO</severity>
  <timestamp>Wed Dec 30 16:53:29 2020</timestamp>
</msg>
<msg id="110" tool="trc">
  <type>UNLOAD_MODULE</type>
  <arg>C:\Windows\SysWOW64\kernel32.dll</arg>
  <severity>INFO</severity>
  <timestamp>Wed Dec 30 16:53:29 2020</timestamp>
</msg>
<msg id="111" tool="trc">
  <type>UNLOAD_MODULE</type>
  <arg>C:\Windows\SysWOW64\ntdll.dll</arg>
  <severity>INFO</severity>
  <timestamp>Wed Dec 30 16:53:29 2020</timestamp>
</msg>
<msg id="112" tool="trc">
  <type>UNLOAD_MODULE</type>
  <arg>C:\Windows\SysWOW64\user32.dll</arg>
  <severity>INFO</severity>
  <timestamp>Wed Dec 30 16:53:29 2020</timestamp>
</msg>
<msg id="113" tool="trc">
  <type>UNLOAD_MODULE</type>
  <arg>C:\Windows\SysWOW64\win32u.dll</arg>
  <severity>INFO</severity>
  <timestamp>Wed Dec 30 16:53:29 2020</timestamp>
</msg>
<msg id="114" tool="trc">
  <type>UNLOAD_MODULE</type>
  <arg>C:\Windows\SysWOW64\gdi32.dll</arg>
  <severity>INFO</severity>
  <timestamp>Wed Dec 30 16:53:29 2020</timestamp>
</msg>
<msg id="115" tool="trc">
  <type>UNLOAD_MODULE</type>
  <arg>C:\Windows\SysWOW64\gdi32full.dll</arg>
  <severity>INFO</severity>
  <timestamp>Wed Dec 30 16:53:29 2020</timestamp>
</msg>
<msg id="116" tool="trc">
  <type>UNLOAD_MODULE</type>
  <arg>C:\Windows\SysWOW64\msvcp_win.dll</arg>
  <severity>INFO</severity>
  <timestamp>Wed Dec 30 16:53:29 2020</timestamp>
</msg>
<msg id="117" tool="trc">
  <type>UNLOAD_MODULE</type>
  <arg>C:\Windows\SysWOW64\ucrtbase.dll</arg>
  <severity>INFO</severity>
  <timestamp>Wed Dec 30 16:53:29 2020</timestamp>
</msg>
<msg id="118" tool="trc">
  <type>UNLOAD_MODULE</type>
  <arg>G:\Fenix\trunk\windows\Debug\SDL_image.dll</arg>
  <severity>INFO</severity>
  <timestamp>Wed Dec 30 16:53:29 2020</timestamp>
</msg>
<msg id="119" tool="trc">
  <type>UNLOAD_MODULE</type>
  <arg>G:\Fenix\trunk\windows\Debug\SDL.dll</arg>
  <severity>INFO</severity>
  <timestamp>Wed Dec 30 16:53:29 2020</timestamp>
</msg>
<msg id="120" tool="trc">
  <type>UNLOAD_MODULE</type>
  <arg>G:\Fenix\trunk\windows\Debug\MSVCP100D.dll</arg>
  <severity>INFO</severity>
  <timestamp>Wed Dec 30 16:53:29 2020</timestamp>
</msg>
<msg id="121" tool="trc">
  <type>UNLOAD_MODULE</type>
  <arg>G:\Fenix\trunk\windows\Debug\MSVCR100D.dll</arg>
  <severity>INFO</severity>
  <timestamp>Wed Dec 30 16:53:29 2020</timestamp>
</msg>
<msg id="122" tool="trc">
  <type>UNLOAD_MODULE</type>
  <arg>C:\Windows\SysWOW64\msvcrt.dll</arg>
  <severity>INFO</severity>
  <timestamp>Wed Dec 30 16:53:29 2020</timestamp>
</msg>
<msg id="123" tool="trc">
  <type>UNLOAD_MODULE</type>
  <arg>G:\Fenix\trunk\windows\Debug\SDL_mixer.dll</arg>
  <severity>INFO</severity>
  <timestamp>Wed Dec 30 16:53:29 2020</timestamp>
</msg>
<msg id="124" tool="trc">
  <type>UNLOAD_MODULE</type>
  <arg>C:\Windows\SysWOW64\advapi32.dll</arg>
  <severity>INFO</severity>
  <timestamp>Wed Dec 30 16:53:29 2020</timestamp>
</msg>
<msg id="125" tool="trc">
  <type>UNLOAD_MODULE</type>
  <arg>G:\Fenix\trunk\windows\Game\SDL_ttf.dll</arg>
  <severity>INFO</severity>
  <timestamp>Wed Dec 30 16:53:29 2020</timestamp>
</msg>
<msg id="126" tool="trc">
  <type>UNLOAD_MODULE</type>
  <arg>C:\Windows\SysWOW64\opengl32.dll</arg>
  <severity>INFO</severity>
  <timestamp>Wed Dec 30 16:53:29 2020</timestamp>
</msg>
<msg id="127" tool="trc">
  <type>UNLOAD_MODULE</type>
  <arg>C:\Windows\SysWOW64\sechost.dll</arg>
  <severity>INFO</severity>
  <timestamp>Wed Dec 30 16:53:29 2020</timestamp>
</msg>
<msg id="128" tool="trc">
  <type>UNLOAD_MODULE</type>
  <arg>C:\Windows\SysWOW64\winmm.dll</arg>
  <severity>INFO</severity>
  <timestamp>Wed Dec 30 16:53:29 2020</timestamp>
</msg>
<msg id="129" tool="trc">
  <type>UNLOAD_MODULE</type>
  <arg>C:\Windows\SysWOW64\combase.dll</arg>
  <severity>INFO</severity>
  <timestamp>Wed Dec 30 16:53:29 2020</timestamp>
</msg>
<msg id="130" tool="trc">
  <type>UNLOAD_MODULE</type>
  <arg>C:\Windows\SysWOW64\rpcrt4.dll</arg>
  <severity>INFO</severity>
  <timestamp>Wed Dec 30 16:53:29 2020</timestamp>
</msg>
<msg id="131" tool="trc">
  <type>UNLOAD_MODULE</type>
  <arg>G:\Fenix\trunk\windows\Game\libfreetype-6.dll</arg>
  <severity>INFO</severity>
  <timestamp>Wed Dec 30 16:53:29 2020</timestamp>
</msg>
<msg id="132" tool="trc">
  <type>UNLOAD_MODULE</type>
  <arg>C:\Windows\SysWOW64\glu32.dll</arg>
  <severity>INFO</severity>
  <timestamp>Wed Dec 30 16:53:29 2020</timestamp>
</msg>
<msg id="133" tool="trc">
  <type>UNLOAD_MODULE</type>
  <arg>G:\Fenix\trunk\windows\Debug\zlib1.dll</arg>
  <severity>INFO</severity>
  <timestamp>Wed Dec 30 16:53:29 2020</timestamp>
</msg>
<msg id="134" tool="trc">
  <type>UNLOAD_MODULE</type>
  <arg>C:\Windows\SysWOW64\imm32.dll</arg>
  <severity>INFO</severity>
  <timestamp>Wed Dec 30 16:53:29 2020</timestamp>
</msg>
<msg id="135" tool="trc">
  <type>UNLOAD_MODULE</type>
  <arg>C:\Windows\SysWOW64\dsound.dll</arg>
  <severity>INFO</severity>
  <timestamp>Wed Dec 30 16:53:29 2020</timestamp>
</msg>
<msg id="136" tool="trc">
  <type>UNLOAD_MODULE</type>
  <arg>C:\Windows\SysWOW64\powrprof.dll</arg>
  <severity>INFO</severity>
  <timestamp>Wed Dec 30 16:53:29 2020</timestamp>
</msg>
<msg id="137" tool="trc">
  <type>UNLOAD_MODULE</type>
  <arg>C:\Windows\SysWOW64\winmmbase.dll</arg>
  <severity>INFO</severity>
  <timestamp>Wed Dec 30 16:53:29 2020</timestamp>
</msg>
<msg id="138" tool="trc">
  <type>UNLOAD_MODULE</type>
  <arg>C:\Windows\SysWOW64\umpdc.dll</arg>
  <severity>INFO</severity>
  <timestamp>Wed Dec 30 16:53:29 2020</timestamp>
</msg>
<msg id="139" tool="trc">
  <type>UNLOAD_MODULE</type>
  <arg>C:\Windows\SysWOW64\kernel.appcore.dll</arg>
  <severity>INFO</severity>
  <timestamp>Wed Dec 30 16:53:29 2020</timestamp>
</msg>
<msg id="140" tool="trc">
  <type>UNLOAD_MODULE</type>
  <arg>C:\Windows\SysWOW64\bcryptprimitives.dll</arg>
  <severity>INFO</severity>
  <timestamp>Wed Dec 30 16:53:29 2020</timestamp>
</msg>
<msg id="141" tool="trc">
  <type>UNLOAD_MODULE</type>
  <arg>C:\Windows\SysWOW64\clbcatq.dll</arg>
  <severity>INFO</severity>
  <timestamp>Wed Dec 30 16:53:29 2020</timestamp>
</msg>
<msg id="142" tool="trc">
  <type>UNLOAD_MODULE</type>
  <arg>C:\Windows\SysWOW64\MMDevAPI.dll</arg>
  <severity>INFO</severity>
  <timestamp>Wed Dec 30 16:53:29 2020</timestamp>
</msg>
<msg id="143" tool="trc">
  <type>UNLOAD_MODULE</type>
  <arg>C:\Windows\SysWOW64\SHCore.dll</arg>
  <severity>INFO</severity>
  <timestamp>Wed Dec 30 16:53:29 2020</timestamp>
</msg>
<msg id="144" tool="trc">
  <type>UNLOAD_MODULE</type>
  <arg>C:\Windows\SysWOW64\devobj.dll</arg>
  <severity>INFO</severity>
  <timestamp>Wed Dec 30 16:53:29 2020</timestamp>
</msg>
<msg id="145" tool="trc">
  <type>UNLOAD_MODULE</type>
  <arg>C:\Windows\SysWOW64\cfgmgr32.dll</arg>
  <severity>INFO</severity>
  <timestamp>Wed Dec 30 16:53:29 2020</timestamp>
</msg>
<msg id="146" tool="trc">
  <type>UNLOAD_MODULE</type>
  <arg>C:\Windows\SysWOW64\AudioSes.dll</arg>
  <severity>INFO</severity>
  <timestamp>Wed Dec 30 16:53:29 2020</timestamp>
</msg>
<msg id="147" tool="trc">
  <type>UNLOAD_MODULE</type>
  <arg>C:\Windows\SysWOW64\oleaut32.dll</arg>
  <severity>INFO</severity>
  <timestamp>Wed Dec 30 16:53:29 2020</timestamp>
</msg>
<msg id="148" tool="trc">
  <type>UNLOAD_MODULE</type>
  <arg>C:\Windows\SysWOW64\ResourcePolicyClient.dll</arg>
  <severity>INFO</severity>
  <timestamp>Wed Dec 30 16:53:29 2020</timestamp>
</msg>
<msg id="149" tool="trc">
  <type>UNLOAD_MODULE</type>
  <arg>G:\Fenix\trunk\windows\Debug\libmikmod-2.dll</arg>
  <severity>INFO</severity>
  <timestamp>Wed Dec 30 16:53:29 2020</timestamp>
</msg>
<msg id="150" tool="trc">
  <type>UNLOAD_MODULE</type>
  <arg>C:\Windows\SysWOW64\wdmaud.drv</arg>
  <severity>INFO</severity>
  <timestamp>Wed Dec 30 16:53:29 2020</timestamp>
</msg>
<msg id="151" tool="trc">
  <type>UNLOAD_MODULE</type>
  <arg>C:\Windows\SysWOW64\ksuser.dll</arg>
  <severity>INFO</severity>
  <timestamp>Wed Dec 30 16:53:29 2020</timestamp>
</msg>
<msg id="152" tool="trc">
  <type>UNLOAD_MODULE</type>
  <arg>C:\Windows\SysWOW64\avrt.dll</arg>
  <severity>INFO</severity>
  <timestamp>Wed Dec 30 16:53:29 2020</timestamp>
</msg>
<msg id="153" tool="trc">
  <type>UNLOAD_MODULE</type>
  <arg>C:\Windows\SysWOW64\Windows.UI.dll</arg>
  <severity>INFO</severity>
  <timestamp>Wed Dec 30 16:53:29 2020</timestamp>
</msg>
<msg id="154" tool="trc">
  <type>UNLOAD_MODULE</type>
  <arg>C:\Windows\SysWOW64\WindowManagementAPI.dll</arg>
  <severity>INFO</severity>
  <timestamp>Wed Dec 30 16:53:29 2020</timestamp>
</msg>
<msg id="155" tool="trc">
  <type>UNLOAD_MODULE</type>
  <arg>C:\Windows\SysWOW64\InputHost.dll</arg>
  <severity>INFO</severity>
  <timestamp>Wed Dec 30 16:53:29 2020</timestamp>
</msg>
<msg id="156" tool="trc">
  <type>UNLOAD_MODULE</type>
  <arg>C:\Windows\SysWOW64\TextInputFramework.dll</arg>
  <severity>INFO</severity>
  <timestamp>Wed Dec 30 16:53:29 2020</timestamp>
</msg>
<msg id="157" tool="trc">
  <type>UNLOAD_MODULE</type>
  <arg>C:\Windows\SysWOW64\CoreMessaging.dll</arg>
  <severity>INFO</severity>
  <timestamp>Wed Dec 30 16:53:29 2020</timestamp>
</msg>
<msg id="158" tool="trc">
  <type>UNLOAD_MODULE</type>
  <arg>C:\Windows\SysWOW64\propsys.dll</arg>
  <severity>INFO</severity>
  <timestamp>Wed Dec 30 16:53:29 2020</timestamp>
</msg>
<msg id="159" tool="trc">
  <type>UNLOAD_MODULE</type>
  <arg>C:\Windows\SysWOW64\WinTypes.dll</arg>
  <severity>INFO</severity>
  <timestamp>Wed Dec 30 16:53:29 2020</timestamp>
</msg>
<msg id="160" tool="trc">
  <type>UNLOAD_MODULE</type>
  <arg>C:\Windows\SysWOW64\ws2_32.dll</arg>
  <severity>INFO</severity>
  <timestamp>Wed Dec 30 16:53:29 2020</timestamp>
</msg>
<msg id="161" tool="trc">
  <type>UNLOAD_MODULE</type>
  <arg>C:\Windows\SysWOW64\twinapi.appcore.dll</arg>
  <severity>INFO</severity>
  <timestamp>Wed Dec 30 16:53:29 2020</timestamp>
</msg>
<msg id="162" tool="trc">
  <type>UNLOAD_MODULE</type>
  <arg>C:\Windows\SysWOW64\CoreUIComponents.dll</arg>
  <severity>INFO</severity>
  <timestamp>Wed Dec 30 16:53:29 2020</timestamp>
</msg>
<msg id="163" tool="trc">
  <type>UNLOAD_MODULE</type>
  <arg>C:\Windows\SysWOW64\ntmarta.dll</arg>
  <severity>INFO</severity>
  <timestamp>Wed Dec 30 16:53:29 2020</timestamp>
</msg>
<msg id="164" tool="trc">
  <type>UNLOAD_MODULE</type>
  <arg>C:\Windows\SysWOW64\msacm32.drv</arg>
  <severity>INFO</severity>
  <timestamp>Wed Dec 30 16:53:29 2020</timestamp>
</msg>
<msg id="165" tool="trc">
  <type>UNLOAD_MODULE</type>
  <arg>C:\Windows\SysWOW64\msacm32.dll</arg>
  <severity>INFO</severity>
  <timestamp>Wed Dec 30 16:53:29 2020</timestamp>
</msg>
<msg id="166" tool="trc">
  <type>UNLOAD_MODULE</type>
  <arg>C:\Windows\SysWOW64\midimap.dll</arg>
  <severity>INFO</severity>
  <timestamp>Wed Dec 30 16:53:29 2020</timestamp>
</msg>
<msg id="167" tool="trc">
  <type>UNLOAD_MODULE</type>
  <arg>C:\Windows\SysWOW64\uxtheme.dll</arg>
  <severity>INFO</severity>
  <timestamp>Wed Dec 30 16:53:29 2020</timestamp>
</msg>
<msg id="168" tool="trc">
  <type>UNLOAD_MODULE</type>
  <arg>C:\Windows\SysWOW64\msctf.dll</arg>
  <severity>INFO</severity>
  <timestamp>Wed Dec 30 16:53:29 2020</timestamp>
</msg>
<msg id="169" tool="trc">
  <type>UNLOAD_MODULE</type>
  <arg>C:\Windows\SysWOW64\mscms.dll</arg>
  <severity>INFO</severity>
  <timestamp>Wed Dec 30 16:53:29 2020</timestamp>
</msg>
<msg id="170" tool="trc">
  <type>UNLOAD_MODULE</type>
  <arg>C:\Windows\SysWOW64\coloradapterclient.dll</arg>
  <severity>INFO</severity>
  <timestamp>Wed Dec 30 16:53:29 2020</timestamp>
</msg>
<msg id="171" tool="trc">
  <type>UNLOAD_MODULE</type>
  <arg>C:\Windows\SysWOW64\userenv.dll</arg>
  <severity>INFO</severity>
  <timestamp>Wed Dec 30 16:53:29 2020</timestamp>
</msg>
<msg id="172" tool="trc">
  <type>UNLOAD_MODULE</type>
  <arg>C:\Windows\SysWOW64\Windows.Internal.Graphics.Display.DisplayColorManagement.dll</arg>
  <severity>INFO</severity>
  <timestamp>Wed Dec 30 16:53:29 2020</timestamp>
</msg>
<msg id="173" tool="trc">
  <type>UNLOAD_MODULE</type>
  <arg>C:\Windows\SysWOW64\AppXDeploymentClient.dll</arg>
  <severity>INFO</severity>
  <timestamp>Wed Dec 30 16:53:29 2020</timestamp>
</msg>
<msg id="174" tool="trc">
  <type>UNLOAD_MODULE</type>
  <arg>C:\WINDOWS\System32\DriverStore\FileRepository\nv_dispi.inf_amd64_5dcb5bbf5c3edcf2\nvoglv32.dll</arg>
  <severity>INFO</severity>
  <timestamp>Wed Dec 30 16:53:29 2020</timestamp>
</msg>
<msg id="175" tool="trc">
  <type>UNLOAD_MODULE</type>
  <arg>C:\Windows\SysWOW64\shell32.dll</arg>
  <severity>INFO</severity>
  <timestamp>Wed Dec 30 16:53:29 2020</timestamp>
</msg>
<msg id="176" tool="trc">
  <type>UNLOAD_MODULE</type>
  <arg>C:\Windows\SysWOW64\setupapi.dll</arg>
  <severity>INFO</severity>
  <timestamp>Wed Dec 30 16:53:29 2020</timestamp>
</msg>
<msg id="177" tool="trc">
  <type>UNLOAD_MODULE</type>
  <arg>C:\Windows\SysWOW64\bcrypt.dll</arg>
  <severity>INFO</severity>
  <timestamp>Wed Dec 30 16:53:29 2020</timestamp>
</msg>
<msg id="178" tool="trc">
  <type>UNLOAD_MODULE</type>
  <arg>C:\Windows\SysWOW64\ole32.dll</arg>
  <severity>INFO</severity>
  <timestamp>Wed Dec 30 16:53:29 2020</timestamp>
</msg>
<msg id="179" tool="trc">
  <type>UNLOAD_MODULE</type>
  <arg>C:\Windows\SysWOW64\wtsapi32.dll</arg>
  <severity>INFO</severity>
  <timestamp>Wed Dec 30 16:53:29 2020</timestamp>
</msg>
<msg id="180" tool="trc">
  <type>UNLOAD_MODULE</type>
  <arg>C:\Windows\SysWOW64\version.dll</arg>
  <severity>INFO</severity>
  <timestamp>Wed Dec 30 16:53:29 2020</timestamp>
</msg>
<msg id="181" tool="trc">
  <type>UNLOAD_MODULE</type>
  <arg>C:\Windows\SysWOW64\msasn1.dll</arg>
  <severity>INFO</severity>
  <timestamp>Wed Dec 30 16:53:29 2020</timestamp>
</msg>
<msg id="182" tool="trc">
  <type>UNLOAD_MODULE</type>
  <arg>C:\Windows\SysWOW64\cryptnet.dll</arg>
  <severity>INFO</severity>
  <timestamp>Wed Dec 30 16:53:29 2020</timestamp>
</msg>
<msg id="183" tool="trc">
  <type>UNLOAD_MODULE</type>
  <arg>C:\Windows\SysWOW64\crypt32.dll</arg>
  <severity>INFO</severity>
  <timestamp>Wed Dec 30 16:53:29 2020</timestamp>
</msg>
<msg id="184" tool="trc">
  <type>UNLOAD_MODULE</type>
  <arg>C:\Windows\SysWOW64\cryptbase.dll</arg>
  <severity>INFO</severity>
  <timestamp>Wed Dec 30 16:53:29 2020</timestamp>
</msg>
<msg id="185" tool="trc">
  <type>UNLOAD_MODULE</type>
  <arg>C:\Windows\SysWOW64\wintrust.dll</arg>
  <severity>INFO</severity>
  <timestamp>Wed Dec 30 16:53:29 2020</timestamp>
</msg>
<msg id="186" tool="trc">
  <type>UNLOAD_MODULE</type>
  <arg>C:\Windows\SysWOW64\DXCore.dll</arg>
  <severity>INFO</severity>
  <timestamp>Wed Dec 30 16:53:29 2020</timestamp>
</msg>
<msg id="187" tool="trc">
  <type>UNLOAD_MODULE</type>
  <arg>C:\Windows\SysWOW64\windows.storage.dll</arg>
  <severity>INFO</severity>
  <timestamp>Wed Dec 30 16:53:29 2020</timestamp>
</msg>
<msg id="188" tool="trc">
  <type>UNLOAD_MODULE</type>
  <arg>C:\Windows\SysWOW64\wldp.dll</arg>
  <severity>INFO</severity>
  <timestamp>Wed Dec 30 16:53:29 2020</timestamp>
</msg>
<msg id="189" tool="trc">
  <type>UNLOAD_MODULE</type>
  <arg>C:\Windows\SysWOW64\shlwapi.dll</arg>
  <severity>INFO</severity>
  <timestamp>Wed Dec 30 16:53:29 2020</timestamp>
</msg>
<msg id="190" tool="trc">
  <type>UNLOAD_MODULE</type>
  <arg>C:\Windows\SysWOW64\dwmapi.dll</arg>
  <severity>INFO</severity>
  <timestamp>Wed Dec 30 16:53:29 2020</timestamp>
</msg>
<msg id="191" tool="trc">
  <type>UNLOAD_MODULE</type>
  <arg>C:\Windows\SysWOW64\winsta.dll</arg>
  <severity>INFO</severity>
  <timestamp>Wed Dec 30 16:53:29 2020</timestamp>
</msg>
<msg id="192" tool="trc">
  <type>UNLOAD_MODULE</type>
  <arg>G:\Fenix\trunk\windows\Debug\libpng15-15.dll</arg>
  <severity>INFO</severity>
  <timestamp>Wed Dec 30 16:53:29 2020</timestamp>
</msg>
<msg id="193" tool="trc">
  <type>UNLOAD_MODULE</type>
  <arg>G:\Fenix\trunk\windows\Debug\libjpeg-8.dll</arg>
  <severity>INFO</severity>
  <timestamp>Wed Dec 30 16:53:29 2020</timestamp>
</msg>
<msg id="194" tool="trc">
  <type>PROCESS_FINISH</type>
  <arg>G:\Fenix\trunk\windows\Debug\Game.exe</arg>
  <arg>23080</arg>
  <arg>0x0</arg>
  <severity>INFO</severity>
  <timestamp>Wed Dec 30 16:53:30 2020</timestamp>
</msg>
<msg id="195" tool="runtool">
  <type>app-exit-code</type>
  <arg>0</arg>
</msg>
<msg id="196" tool="runtool">
  <type>marker-file</type>
  <arg>G:\Fenix\trunk\windows\Game\My Advisor Results - Game\e000\trc000\trc000.advixe</arg>
</msg>
<msg id="197" tool="runtool">
  <type>collector-done</type>
</msg>
<msg id="198" tool="runtool">
  <type>log-end</type>
  <arg>2020/12/30 16:53:34</arg>
</msg>

</log>

