<?xml version="1.0" encoding="utf-8" ?>
<!-- DO NOT EDIT THIS FILE -->

<log version='2.0' source='trc'>
	<msg id='1' display='false' source='trc'>
		<type>PROCESS_START</type>
		<severity>INFO</severity>
		<timestamp>Wed Dec 30 16:53:11 2020</timestamp>
		<arg name='process'>G:\Fenix\trunk\windows\Debug\Game.exe</arg>
		<arg name='pid'>23080</arg>
	</msg>
	<!-- Instrumentation filter's state:
    Patterns applicability:
        Generic loop pattern.....................: enabled
        Generic loop pattern (with dynamic jumps): enabled
        Known trip value loop pattern............: enabled
        Runtime final value loop pattern.........: enabled
        No initial IV loop pattern...............: enabled
        IV step only loop pattern................: enabled
        No entry loop pattern....................: enabled
    Clustered memory model (CMM) applicability:
        Generic loop pattern.....................: enabled
        Generic loop pattern (with dynamic jumps): enabled
        Known trip value loop pattern............: enabled
        Runtime final value loop pattern.........: enabled
        No initial IV loop pattern...............: enabled
        IV step only loop pattern................: enabled
        No entry loop pattern....................: disabled
 -->
	<!-- Callstack mode:
    filter modules.........: true
    filter routines........: true
    count loops............: false
    count flops............: false
    trace..................: false
    extended trace.........: false
    omp trace..............: false
    jit trace..............: false
    failures trace.........: false
    dump raw...............: false
    dump final.............: false
    dump all...............: false
    stack stitching........: true
    stl profiling..........: true
    aggressive frame switch: true
    unwind frame exit......: true
    analyze child loops....: true
 -->
	<!-- Gpu Profiling: -->
	<!-- Managed application profiling: -->
	<!-- 	State...................: enabled -->
	<msg id='2' display='false' source='trc'>
		<type>PROCESS_ANALYSIS_MODE</type>
		<severity>INFO</severity>
		<timestamp>Wed Dec 30 16:53:11 2020</timestamp>
		<arg name='mode'>full</arg>
	</msg>
	<msg id='3' display='false' source='trc'>
		<type>LOAD_MODULE</type>
		<severity>INFO</severity>
		<timestamp>Wed Dec 30 16:53:11 2020</timestamp>
		<arg name='module'>G:\Fenix\trunk\windows\Debug\Game.exe</arg>
		<arg name='basement'>0x640000</arg>
		<arg name='ceiling'>0x78afff</arg>
	</msg>
	<!-- Instrumenting image: id = 1, name = G:\Fenix\trunk\windows\Debug\Game.exe -->
	<!-- Instrumenting loops in routine "SceneEditor::render" -->
	<!-- skipping routine "SDL_main", reason cannot build control-flow graph (HasInvalidJumpTarget) -->
	<!-- skipping routine "std::_String_val<char,std::allocator<char> >::_String_val<char,std::allocator<char> >", reason cannot build control-flow graph (HasInvalidJumpTarget) -->
	<!-- Instrumenting loops in routine "Datafile::Datafile" -->
	<!-- Instrumenting loops in routine "_tmainCRTStartup" -->
	<msg id='4' display='false' source='trc'>
		<type>LOAD_MODULE</type>
		<severity>INFO</severity>
		<timestamp>Wed Dec 30 16:53:11 2020</timestamp>
		<arg name='module'>C:\Windows\SysWOW64\KernelBase.dll</arg>
		<arg name='basement'>0x766b0000</arg>
		<arg name='ceiling'>0x768c3fff</arg>
	</msg>
	<!-- Instrumenting image: id = 2, name = C:\Windows\SysWOW64\KernelBase.dll -->
	<!-- skipping routine "CreateFileW", reason cannot build control-flow graph (HasInvalidJumpTarget) -->
	<!-- Instrumenting loops in routine "LoadLibraryExW" -->
	<!-- Instrumenting loops in routine "WaitForSingleObjectEx" -->
	<!-- Instrumenting loops in routine "OpenThread" -->
	<!-- Instrumenting loops in routine "WaitForMultipleObjectsEx" -->
	<!-- Instrumenting loops in routine "SleepEx" -->
	<!-- Instrumenting loops in routine "GetSystemTimes" -->
	<msg id='5' display='false' source='trc'>
		<type>LOAD_MODULE</type>
		<severity>INFO</severity>
		<timestamp>Wed Dec 30 16:53:11 2020</timestamp>
		<arg name='module'>C:\Windows\SysWOW64\kernel32.dll</arg>
		<arg name='basement'>0x775a0000</arg>
		<arg name='ceiling'>0x7768ffff</arg>
	</msg>
	<!-- Instrumentation of C:\Windows\SysWOW64\kernel32.dll image skipped because of filter conditions. -->
	<msg id='6' display='false' source='trc'>
		<type>LOAD_MODULE</type>
		<severity>INFO</severity>
		<timestamp>Wed Dec 30 16:53:11 2020</timestamp>
		<arg name='module'>C:\Windows\SysWOW64\ntdll.dll</arg>
		<arg name='basement'>0x77880000</arg>
		<arg name='ceiling'>0x77a22fff</arg>
	</msg>
	<!-- NtDelayExecution was replaced in ntdll.dll -->
	<!-- Instrumentation of C:\Windows\SysWOW64\ntdll.dll image skipped because of filter conditions. -->
	<msg id='7' display='false' source='trc'>
		<type>LOAD_MODULE</type>
		<severity>INFO</severity>
		<timestamp>Wed Dec 30 16:53:11 2020</timestamp>
		<arg name='module'>C:\Windows\SysWOW64\user32.dll</arg>
		<arg name='basement'>0x76510000</arg>
		<arg name='ceiling'>0x766a5fff</arg>
	</msg>
	<!-- Instrumentation of C:\Windows\SysWOW64\user32.dll image skipped because of filter conditions. -->
	<msg id='8' display='false' source='trc'>
		<type>LOAD_MODULE</type>
		<severity>INFO</severity>
		<timestamp>Wed Dec 30 16:53:11 2020</timestamp>
		<arg name='module'>C:\Windows\SysWOW64\win32u.dll</arg>
		<arg name='basement'>0x77490000</arg>
		<arg name='ceiling'>0x774a7fff</arg>
	</msg>
	<!-- Instrumentation of C:\Windows\SysWOW64\win32u.dll image skipped because of filter conditions [cs-mode]. -->
	<msg id='9' display='false' source='trc'>
		<type>LOAD_MODULE</type>
		<severity>INFO</severity>
		<timestamp>Wed Dec 30 16:53:11 2020</timestamp>
		<arg name='module'>C:\Windows\SysWOW64\gdi32.dll</arg>
		<arg name='basement'>0x772f0000</arg>
		<arg name='ceiling'>0x77312fff</arg>
	</msg>
	<!-- Instrumentation of C:\Windows\SysWOW64\gdi32.dll image skipped because of filter conditions [cs-mode]. -->
	<msg id='10' display='false' source='trc'>
		<type>LOAD_MODULE</type>
		<severity>INFO</severity>
		<timestamp>Wed Dec 30 16:53:11 2020</timestamp>
		<arg name='module'>C:\Windows\SysWOW64\gdi32full.dll</arg>
		<arg name='basement'>0x75be0000</arg>
		<arg name='ceiling'>0x75cbafff</arg>
	</msg>
	<!-- Instrumentation of C:\Windows\SysWOW64\gdi32full.dll image skipped because of filter conditions [cs-mode]. -->
	<msg id='11' display='false' source='trc'>
		<type>LOAD_MODULE</type>
		<severity>INFO</severity>
		<timestamp>Wed Dec 30 16:53:11 2020</timestamp>
		<arg name='module'>C:\Windows\SysWOW64\msvcp_win.dll</arg>
		<arg name='basement'>0x777f0000</arg>
		<arg name='ceiling'>0x7786afff</arg>
	</msg>
	<!-- Instrumentation of C:\Windows\SysWOW64\msvcp_win.dll image skipped because of filter conditions [cs-mode]. -->
	<msg id='12' display='false' source='trc'>
		<type>LOAD_MODULE</type>
		<severity>INFO</severity>
		<timestamp>Wed Dec 30 16:53:11 2020</timestamp>
		<arg name='module'>C:\Windows\SysWOW64\ucrtbase.dll</arg>
		<arg name='basement'>0x763d0000</arg>
		<arg name='ceiling'>0x764effff</arg>
	</msg>
	<!-- Instrumentation of C:\Windows\SysWOW64\ucrtbase.dll image skipped because of filter conditions [cs-mode]. -->
	<msg id='13' display='false' source='trc'>
		<type>LOAD_MODULE</type>
		<severity>INFO</severity>
		<timestamp>Wed Dec 30 16:53:11 2020</timestamp>
		<arg name='module'>G:\Fenix\trunk\windows\Debug\SDL_image.dll</arg>
		<arg name='basement'>0x62e40000</arg>
		<arg name='ceiling'>0x62e63fff</arg>
	</msg>
	<!-- Instrumenting image: id = 11, name = G:\Fenix\trunk\windows\Debug\SDL_image.dll -->
	<!-- Instrumenting loops in routine "IMG_LoadTyped_RW" -->
	<!-- Instrumenting loops in routine "IMG_LoadJPG_RW" -->
	<!-- Instrumenting loops in routine "IMG_LoadPNG_RW" -->
	<msg id='14' display='false' source='trc'>
		<type>LOAD_MODULE</type>
		<severity>INFO</severity>
		<timestamp>Wed Dec 30 16:53:11 2020</timestamp>
		<arg name='module'>G:\Fenix\trunk\windows\Debug\SDL.dll</arg>
		<arg name='basement'>0x68100000</arg>
		<arg name='ceiling'>0x68158fff</arg>
	</msg>
	<!-- Instrumenting image: id = 12, name = G:\Fenix\trunk\windows\Debug\SDL.dll -->
	<!-- Instrumenting loops in routine "SDL_OpenAudio" -->
	<!-- Instrumenting loops in routine "SDL_AudioInit" -->
	<!-- Instrumenting loops in routine "SDL_FreeSurface" -->
	<!-- Instrumenting loops in routine "SDL_VideoInit" -->
	<!-- Instrumenting loops in routine "SDL_SetVideoMode" -->
	<msg id='15' display='false' source='trc'>
		<type>LOAD_MODULE</type>
		<severity>INFO</severity>
		<timestamp>Wed Dec 30 16:53:11 2020</timestamp>
		<arg name='module'>G:\Fenix\trunk\windows\Debug\MSVCP100D.dll</arg>
		<arg name='basement'>0x7a870000</arg>
		<arg name='ceiling'>0x7a926fff</arg>
	</msg>
	<!-- Instrumentation of G:\Fenix\trunk\windows\Debug\MSVCP100D.dll image skipped because of filter conditions [cs-mode]. -->
	<msg id='16' display='false' source='trc'>
		<type>LOAD_MODULE</type>
		<severity>INFO</severity>
		<timestamp>Wed Dec 30 16:53:11 2020</timestamp>
		<arg name='module'>G:\Fenix\trunk\windows\Debug\MSVCR100D.dll</arg>
		<arg name='basement'>0x7a930000</arg>
		<arg name='ceiling'>0x7aaa1fff</arg>
	</msg>
	<!-- Instrumenting image: id = 14, name = G:\Fenix\trunk\windows\Debug\MSVCR100D.dll -->
	<msg id='17' display='false' source='trc'>
		<type>LOAD_MODULE</type>
		<severity>INFO</severity>
		<timestamp>Wed Dec 30 16:53:11 2020</timestamp>
		<arg name='module'>C:\Windows\SysWOW64\msvcrt.dll</arg>
		<arg name='basement'>0x75ae0000</arg>
		<arg name='ceiling'>0x75b9efff</arg>
	</msg>
	<!-- Instrumentation of C:\Windows\SysWOW64\msvcrt.dll image skipped because of filter conditions. -->
	<msg id='18' display='false' source='trc'>
		<type>LOAD_MODULE</type>
		<severity>INFO</severity>
		<timestamp>Wed Dec 30 16:53:11 2020</timestamp>
		<arg name='module'>G:\Fenix\trunk\windows\Debug\SDL_mixer.dll</arg>
		<arg name='basement'>0x61700000</arg>
		<arg name='ceiling'>0x6174efff</arg>
	</msg>
	<!-- Instrumenting image: id = 16, name = G:\Fenix\trunk\windows\Debug\SDL_mixer.dll -->
	<!-- Instrumenting loops in routine "Mix_OpenAudio" -->
	<msg id='19' display='false' source='trc'>
		<type>LOAD_MODULE</type>
		<severity>INFO</severity>
		<timestamp>Wed Dec 30 16:53:11 2020</timestamp>
		<arg name='module'>C:\Windows\SysWOW64\advapi32.dll</arg>
		<arg name='basement'>0x75a60000</arg>
		<arg name='ceiling'>0x75ad9fff</arg>
	</msg>
	<!-- Instrumentation of C:\Windows\SysWOW64\advapi32.dll image skipped because of filter conditions [cs-mode]. -->
	<msg id='20' display='false' source='trc'>
		<type>LOAD_MODULE</type>
		<severity>INFO</severity>
		<timestamp>Wed Dec 30 16:53:11 2020</timestamp>
		<arg name='module'>G:\Fenix\trunk\windows\Game\SDL_ttf.dll</arg>
		<arg name='basement'>0x6f4c0000</arg>
		<arg name='ceiling'>0x6f4cefff</arg>
	</msg>
	<!-- Instrumenting image: id = 18, name = G:\Fenix\trunk\windows\Game\SDL_ttf.dll -->
	<!-- Instrumenting loops in routine "TTF_RenderUNICODE_Blended" -->
	<!-- Instrumenting loops in routine "TTF_RenderText_Blended" -->
	<msg id='21' display='false' source='trc'>
		<type>LOAD_MODULE</type>
		<severity>INFO</severity>
		<timestamp>Wed Dec 30 16:53:11 2020</timestamp>
		<arg name='module'>C:\Windows\SysWOW64\opengl32.dll</arg>
		<arg name='basement'>0x7abf0000</arg>
		<arg name='ceiling'>0x7acf2fff</arg>
	</msg>
	<!-- Instrumenting image: id = 19, name = C:\Windows\SysWOW64\opengl32.dll -->
	<!-- Instrumenting loops in routine "wglChoosePixelFormat" -->
	<msg id='22' display='false' source='trc'>
		<type>LOAD_MODULE</type>
		<severity>INFO</severity>
		<timestamp>Wed Dec 30 16:53:11 2020</timestamp>
		<arg name='module'>C:\Windows\SysWOW64\sechost.dll</arg>
		<arg name='basement'>0x770a0000</arg>
		<arg name='ceiling'>0x77115fff</arg>
	</msg>
	<!-- Instrumentation of C:\Windows\SysWOW64\sechost.dll image skipped because of filter conditions [cs-mode]. -->
	<msg id='23' display='false' source='trc'>
		<type>LOAD_MODULE</type>
		<severity>INFO</severity>
		<timestamp>Wed Dec 30 16:53:11 2020</timestamp>
		<arg name='module'>C:\Windows\SysWOW64\winmm.dll</arg>
		<arg name='basement'>0x71c70000</arg>
		<arg name='ceiling'>0x71c97fff</arg>
	</msg>
	<!-- Instrumentation of C:\Windows\SysWOW64\winmm.dll image skipped because of filter conditions [cs-mode]. -->
	<msg id='24' display='false' source='trc'>
		<type>LOAD_MODULE</type>
		<severity>INFO</severity>
		<timestamp>Wed Dec 30 16:53:11 2020</timestamp>
		<arg name='module'>C:\Windows\SysWOW64\combase.dll</arg>
		<arg name='basement'>0x757c0000</arg>
		<arg name='ceiling'>0x75a40fff</arg>
	</msg>
	<!-- Instrumenting image: id = 22, name = C:\Windows\SysWOW64\combase.dll -->
	<!-- Instrumenting loops in routine "CoCreateInstance" -->
	<!-- Instrumenting loops in routine "RoInitialize" -->
	<msg id='25' display='false' source='trc'>
		<type>LOAD_MODULE</type>
		<severity>INFO</severity>
		<timestamp>Wed Dec 30 16:53:11 2020</timestamp>
		<arg name='module'>C:\Windows\SysWOW64\rpcrt4.dll</arg>
		<arg name='basement'>0x77320000</arg>
		<arg name='ceiling'>0x773dffff</arg>
	</msg>
	<!-- Instrumentation of C:\Windows\SysWOW64\rpcrt4.dll image skipped because of filter conditions [cs-mode]. -->
	<msg id='26' display='false' source='trc'>
		<type>LOAD_MODULE</type>
		<severity>INFO</severity>
		<timestamp>Wed Dec 30 16:53:11 2020</timestamp>
		<arg name='module'>G:\Fenix\trunk\windows\Game\libfreetype-6.dll</arg>
		<arg name='basement'>0x67c00000</arg>
		<arg name='ceiling'>0x67c77fff</arg>
	</msg>
	<!-- Instrumentation of G:\Fenix\trunk\windows\Game\libfreetype-6.dll image skipped because of filter conditions [cs-mode]. -->
	<msg id='27' display='false' source='trc'>
		<type>LOAD_MODULE</type>
		<severity>INFO</severity>
		<timestamp>Wed Dec 30 16:53:11 2020</timestamp>
		<arg name='module'>C:\Windows\SysWOW64\glu32.dll</arg>
		<arg name='basement'>0x7ad00000</arg>
		<arg name='ceiling'>0x7ad3efff</arg>
	</msg>
	<!-- Instrumentation of C:\Windows\SysWOW64\glu32.dll image skipped because of filter conditions [cs-mode]. -->
	<msg id='28' display='false' source='trc'>
		<type>LOAD_MODULE</type>
		<severity>INFO</severity>
		<timestamp>Wed Dec 30 16:53:11 2020</timestamp>
		<arg name='module'>G:\Fenix\trunk\windows\Debug\zlib1.dll</arg>
		<arg name='basement'>0x62e80000</arg>
		<arg name='ceiling'>0x62e9efff</arg>
	</msg>
	<!-- Instrumentation of G:\Fenix\trunk\windows\Debug\zlib1.dll image skipped because of filter conditions. -->
	<msg id='29' display='false' source='trc'>
		<type>LOAD_MODULE</type>
		<severity>INFO</severity>
		<timestamp>Wed Dec 30 16:53:12 2020</timestamp>
		<arg name='module'>C:\Windows\SysWOW64\imm32.dll</arg>
		<arg name='basement'>0x772c0000</arg>
		<arg name='ceiling'>0x772e4fff</arg>
	</msg>
	<!-- Instrumentation of C:\Windows\SysWOW64\imm32.dll image skipped because of filter conditions [cs-mode]. -->
	<msg id='30' display='false' source='trc'>
		<type>LOAD_MODULE</type>
		<severity>INFO</severity>
		<timestamp>Wed Dec 30 16:53:12 2020</timestamp>
		<arg name='module'>C:\Windows\SysWOW64\ddraw.dll</arg>
		<arg name='basement'>0x7ad40000</arg>
		<arg name='ceiling'>0x7ae28fff</arg>
	</msg>
	<!-- Instrumentation of C:\Windows\SysWOW64\ddraw.dll image skipped because of filter conditions [cs-mode]. -->
	<msg id='31' display='false' source='trc'>
		<type>LOAD_MODULE</type>
		<severity>INFO</severity>
		<timestamp>Wed Dec 30 16:53:12 2020</timestamp>
		<arg name='module'>C:\Windows\SysWOW64\kernel.appcore.dll</arg>
		<arg name='basement'>0x75320000</arg>
		<arg name='ceiling'>0x7532efff</arg>
	</msg>
	<!-- Instrumentation of C:\Windows\SysWOW64\kernel.appcore.dll image skipped because of filter conditions [cs-mode]. -->
	<msg id='32' display='false' source='trc'>
		<type>LOAD_MODULE</type>
		<severity>INFO</severity>
		<timestamp>Wed Dec 30 16:53:12 2020</timestamp>
		<arg name='module'>C:\Windows\SysWOW64\dxgi.dll</arg>
		<arg name='basement'>0x709e0000</arg>
		<arg name='ceiling'>0x70aa1fff</arg>
	</msg>
	<!-- Instrumentation of C:\Windows\SysWOW64\dxgi.dll image skipped because of filter conditions [cs-mode]. -->
	<msg id='33' display='false' source='trc'>
		<type>LOAD_MODULE</type>
		<severity>INFO</severity>
		<timestamp>Wed Dec 30 16:53:12 2020</timestamp>
		<arg name='module'>C:\Windows\SysWOW64\dciman32.dll</arg>
		<arg name='basement'>0x7ae30000</arg>
		<arg name='ceiling'>0x7ae36fff</arg>
	</msg>
	<!-- Instrumentation of C:\Windows\SysWOW64\dciman32.dll image skipped because of filter conditions [cs-mode]. -->
	<msg id='34' display='false' source='trc'>
		<type>UNLOAD_MODULE</type>
		<severity>INFO</severity>
		<timestamp>Wed Dec 30 16:53:12 2020</timestamp>
		<arg name='module'>C:\Windows\SysWOW64\kernel.appcore.dll</arg>
	</msg>
	<msg id='35' display='false' source='trc'>
		<type>UNLOAD_MODULE</type>
		<severity>INFO</severity>
		<timestamp>Wed Dec 30 16:53:12 2020</timestamp>
		<arg name='module'>C:\Windows\SysWOW64\dxgi.dll</arg>
	</msg>
	<msg id='36' display='false' source='trc'>
		<type>UNLOAD_MODULE</type>
		<severity>INFO</severity>
		<timestamp>Wed Dec 30 16:53:12 2020</timestamp>
		<arg name='module'>C:\Windows\SysWOW64\dciman32.dll</arg>
	</msg>
	<msg id='37' display='false' source='trc'>
		<type>UNLOAD_MODULE</type>
		<severity>INFO</severity>
		<timestamp>Wed Dec 30 16:53:12 2020</timestamp>
		<arg name='module'>C:\Windows\SysWOW64\ddraw.dll</arg>
	</msg>
	<msg id='38' display='false' source='trc'>
		<type>LOAD_MODULE</type>
		<severity>INFO</severity>
		<timestamp>Wed Dec 30 16:53:12 2020</timestamp>
		<arg name='module'>C:\Windows\SysWOW64\dsound.dll</arg>
		<arg name='basement'>0x6f3d0000</arg>
		<arg name='ceiling'>0x6f44efff</arg>
	</msg>
	<!-- Instrumenting image: id = 32, name = C:\Windows\SysWOW64\dsound.dll -->
	<msg id='39' display='false' source='trc'>
		<type>LOAD_MODULE</type>
		<severity>INFO</severity>
		<timestamp>Wed Dec 30 16:53:12 2020</timestamp>
		<arg name='module'>C:\Windows\SysWOW64\powrprof.dll</arg>
		<arg name='basement'>0x6f380000</arg>
		<arg name='ceiling'>0x6f3c3fff</arg>
	</msg>
	<!-- Instrumentation of C:\Windows\SysWOW64\powrprof.dll image skipped because of filter conditions [cs-mode]. -->
	<msg id='40' display='false' source='trc'>
		<type>LOAD_MODULE</type>
		<severity>INFO</severity>
		<timestamp>Wed Dec 30 16:53:12 2020</timestamp>
		<arg name='module'>C:\Windows\SysWOW64\winmmbase.dll</arg>
		<arg name='basement'>0x6f360000</arg>
		<arg name='ceiling'>0x6f37cfff</arg>
	</msg>
	<!-- Instrumentation of C:\Windows\SysWOW64\winmmbase.dll image skipped because of filter conditions. -->
	<msg id='41' display='false' source='trc'>
		<type>LOAD_MODULE</type>
		<severity>INFO</severity>
		<timestamp>Wed Dec 30 16:53:12 2020</timestamp>
		<arg name='module'>C:\Windows\SysWOW64\umpdc.dll</arg>
		<arg name='basement'>0x6f350000</arg>
		<arg name='ceiling'>0x6f35cfff</arg>
	</msg>
	<!-- Instrumentation of C:\Windows\SysWOW64\umpdc.dll image skipped because of filter conditions [cs-mode]. -->
	<msg id='42' display='false' source='trc'>
		<type>LOAD_MODULE</type>
		<severity>INFO</severity>
		<timestamp>Wed Dec 30 16:53:13 2020</timestamp>
		<arg name='module'>C:\Windows\SysWOW64\kernel.appcore.dll</arg>
		<arg name='basement'>0x75320000</arg>
		<arg name='ceiling'>0x7532efff</arg>
	</msg>
	<!-- Instrumentation of C:\Windows\SysWOW64\kernel.appcore.dll image skipped because of filter conditions [cs-mode]. -->
	<msg id='43' display='false' source='trc'>
		<type>LOAD_MODULE</type>
		<severity>INFO</severity>
		<timestamp>Wed Dec 30 16:53:13 2020</timestamp>
		<arg name='module'>C:\Windows\SysWOW64\bcryptprimitives.dll</arg>
		<arg name='basement'>0x77690000</arg>
		<arg name='ceiling'>0x776ecfff</arg>
	</msg>
	<!-- Instrumentation of C:\Windows\SysWOW64\bcryptprimitives.dll image skipped because of filter conditions [cs-mode]. -->
	<msg id='44' display='false' source='trc'>
		<type>LOAD_MODULE</type>
		<severity>INFO</severity>
		<timestamp>Wed Dec 30 16:53:13 2020</timestamp>
		<arg name='module'>C:\Windows\SysWOW64\clbcatq.dll</arg>
		<arg name='basement'>0x75740000</arg>
		<arg name='ceiling'>0x757bdfff</arg>
	</msg>
	<!-- Instrumentation of C:\Windows\SysWOW64\clbcatq.dll image skipped because of filter conditions [cs-mode]. -->
	<msg id='45' display='false' source='trc'>
		<type>LOAD_MODULE</type>
		<severity>INFO</severity>
		<timestamp>Wed Dec 30 16:53:13 2020</timestamp>
		<arg name='module'>C:\Windows\SysWOW64\MMDevAPI.dll</arg>
		<arg name='basement'>0x6f2e0000</arg>
		<arg name='ceiling'>0x6f349fff</arg>
	</msg>
	<!-- Instrumentation of C:\Windows\SysWOW64\MMDevAPI.dll image skipped because of filter conditions [cs-mode]. -->
	<msg id='46' display='false' source='trc'>
		<type>LOAD_MODULE</type>
		<severity>INFO</severity>
		<timestamp>Wed Dec 30 16:53:13 2020</timestamp>
		<arg name='module'>C:\Windows\SysWOW64\SHCore.dll</arg>
		<arg name='basement'>0x77010000</arg>
		<arg name='ceiling'>0x77097fff</arg>
	</msg>
	<!-- Instrumenting image: id = 40, name = C:\Windows\SysWOW64\SHCore.dll -->
	<!-- skipping routine "SHTaskPoolQueueTask", reason cannot build control-flow graph (HasInvalidJumpTarget) -->
	<msg id='47' display='false' source='trc'>
		<type>LOAD_MODULE</type>
		<severity>INFO</severity>
		<timestamp>Wed Dec 30 16:53:13 2020</timestamp>
		<arg name='module'>C:\Windows\SysWOW64\devobj.dll</arg>
		<arg name='basement'>0x72720000</arg>
		<arg name='ceiling'>0x72743fff</arg>
	</msg>
	<!-- Instrumentation of C:\Windows\SysWOW64\devobj.dll image skipped because of filter conditions [cs-mode]. -->
	<msg id='48' display='false' source='trc'>
		<type>LOAD_MODULE</type>
		<severity>INFO</severity>
		<timestamp>Wed Dec 30 16:53:13 2020</timestamp>
		<arg name='module'>C:\Windows\SysWOW64\cfgmgr32.dll</arg>
		<arg name='basement'>0x75ba0000</arg>
		<arg name='ceiling'>0x75bdafff</arg>
	</msg>
	<!-- Instrumentation of C:\Windows\SysWOW64\cfgmgr32.dll image skipped because of filter conditions [cs-mode]. -->
	<msg id='49' display='false' source='trc'>
		<type>LOAD_MODULE</type>
		<severity>INFO</severity>
		<timestamp>Wed Dec 30 16:53:14 2020</timestamp>
		<arg name='module'>C:\Windows\SysWOW64\AudioSes.dll</arg>
		<arg name='basement'>0x6f1a0000</arg>
		<arg name='ceiling'>0x6f2d7fff</arg>
	</msg>
	<!-- Instrumentation of C:\Windows\SysWOW64\AudioSes.dll image skipped because of filter conditions [cs-mode]. -->
	<msg id='50' display='false' source='trc'>
		<type>LOAD_MODULE</type>
		<severity>INFO</severity>
		<timestamp>Wed Dec 30 16:53:14 2020</timestamp>
		<arg name='module'>C:\Windows\SysWOW64\oleaut32.dll</arg>
		<arg name='basement'>0x776f0000</arg>
		<arg name='ceiling'>0x77785fff</arg>
	</msg>
	<!-- Instrumentation of C:\Windows\SysWOW64\oleaut32.dll image skipped because of filter conditions [cs-mode]. -->
	<msg id='51' display='false' source='trc'>
		<type>LOAD_MODULE</type>
		<severity>INFO</severity>
		<timestamp>Wed Dec 30 16:53:14 2020</timestamp>
		<arg name='module'>C:\Windows\SysWOW64\ResourcePolicyClient.dll</arg>
		<arg name='basement'>0x6f190000</arg>
		<arg name='ceiling'>0x6f19efff</arg>
	</msg>
	<!-- Instrumentation of C:\Windows\SysWOW64\ResourcePolicyClient.dll image skipped because of filter conditions [cs-mode]. -->
	<msg id='52' display='false' source='trc'>
		<type>LOAD_MODULE</type>
		<severity>INFO</severity>
		<timestamp>Wed Dec 30 16:53:14 2020</timestamp>
		<arg name='module'>G:\Fenix\trunk\windows\Debug\libmikmod-2.dll</arg>
		<arg name='basement'>0x6d9c0000</arg>
		<arg name='ceiling'>0x6da07fff</arg>
	</msg>
	<!-- Instrumentation of G:\Fenix\trunk\windows\Debug\libmikmod-2.dll image skipped because of filter conditions [cs-mode]. -->
	<msg id='53' display='false' source='trc'>
		<type>LOAD_MODULE</type>
		<severity>INFO</severity>
		<timestamp>Wed Dec 30 16:53:15 2020</timestamp>
		<arg name='module'>C:\Windows\SysWOW64\wdmaud.drv</arg>
		<arg name='basement'>0x5dc80000</arg>
		<arg name='ceiling'>0x5dcb9fff</arg>
	</msg>
	<!-- Instrumenting image: id = 47, name = C:\Windows\SysWOW64\wdmaud.drv -->
	<msg id='54' display='false' source='trc'>
		<type>LOAD_MODULE</type>
		<severity>INFO</severity>
		<timestamp>Wed Dec 30 16:53:15 2020</timestamp>
		<arg name='module'>C:\Windows\SysWOW64\ksuser.dll</arg>
		<arg name='basement'>0x5dc70000</arg>
		<arg name='ceiling'>0x5dc76fff</arg>
	</msg>
	<!-- Instrumentation of C:\Windows\SysWOW64\ksuser.dll image skipped because of filter conditions [cs-mode]. -->
	<msg id='55' display='false' source='trc'>
		<type>LOAD_MODULE</type>
		<severity>INFO</severity>
		<timestamp>Wed Dec 30 16:53:15 2020</timestamp>
		<arg name='module'>C:\Windows\SysWOW64\avrt.dll</arg>
		<arg name='basement'>0x6ef10000</arg>
		<arg name='ceiling'>0x6ef17fff</arg>
	</msg>
	<!-- Instrumentation of C:\Windows\SysWOW64\avrt.dll image skipped because of filter conditions [cs-mode]. -->
	<msg id='56' display='false' source='trc'>
		<type>LOAD_MODULE</type>
		<severity>INFO</severity>
		<timestamp>Wed Dec 30 16:53:15 2020</timestamp>
		<arg name='module'>C:\Windows\SysWOW64\Windows.UI.dll</arg>
		<arg name='basement'>0x6f090000</arg>
		<arg name='ceiling'>0x6f182fff</arg>
	</msg>
	<!-- Instrumentation of C:\Windows\SysWOW64\Windows.UI.dll image skipped because of filter conditions [cs-mode]. -->
	<msg id='57' display='false' source='trc'>
		<type>LOAD_MODULE</type>
		<severity>INFO</severity>
		<timestamp>Wed Dec 30 16:53:15 2020</timestamp>
		<arg name='module'>C:\Windows\SysWOW64\WindowManagementAPI.dll</arg>
		<arg name='basement'>0x6f010000</arg>
		<arg name='ceiling'>0x6f082fff</arg>
	</msg>
	<!-- Instrumentation of C:\Windows\SysWOW64\WindowManagementAPI.dll image skipped because of filter conditions [cs-mode]. -->
	<msg id='58' display='false' source='trc'>
		<type>LOAD_MODULE</type>
		<severity>INFO</severity>
		<timestamp>Wed Dec 30 16:53:15 2020</timestamp>
		<arg name='module'>C:\Windows\SysWOW64\InputHost.dll</arg>
		<arg name='basement'>0x6ef20000</arg>
		<arg name='ceiling'>0x6f00cfff</arg>
	</msg>
	<!-- Instrumentation of C:\Windows\SysWOW64\InputHost.dll image skipped because of filter conditions [cs-mode]. -->
	<msg id='59' display='false' source='trc'>
		<type>LOAD_MODULE</type>
		<severity>INFO</severity>
		<timestamp>Wed Dec 30 16:53:15 2020</timestamp>
		<arg name='module'>C:\Windows\SysWOW64\TextInputFramework.dll</arg>
		<arg name='basement'>0x6fc40000</arg>
		<arg name='ceiling'>0x6fcf9fff</arg>
	</msg>
	<!-- Instrumentation of C:\Windows\SysWOW64\TextInputFramework.dll image skipped because of filter conditions [cs-mode]. -->
	<msg id='60' display='false' source='trc'>
		<type>LOAD_MODULE</type>
		<severity>INFO</severity>
		<timestamp>Wed Dec 30 16:53:15 2020</timestamp>
		<arg name='module'>C:\Windows\SysWOW64\CoreMessaging.dll</arg>
		<arg name='basement'>0x6fba0000</arg>
		<arg name='ceiling'>0x6fc3afff</arg>
	</msg>
	<!-- Instrumentation of C:\Windows\SysWOW64\CoreMessaging.dll image skipped because of filter conditions [cs-mode]. -->
	<msg id='61' display='false' source='trc'>
		<type>LOAD_MODULE</type>
		<severity>INFO</severity>
		<timestamp>Wed Dec 30 16:53:15 2020</timestamp>
		<arg name='module'>C:\Windows\SysWOW64\propsys.dll</arg>
		<arg name='basement'>0x6fe60000</arg>
		<arg name='ceiling'>0x6ff22fff</arg>
	</msg>
	<!-- Instrumentation of C:\Windows\SysWOW64\propsys.dll image skipped because of filter conditions [cs-mode]. -->
	<msg id='62' display='false' source='trc'>
		<type>LOAD_MODULE</type>
		<severity>INFO</severity>
		<timestamp>Wed Dec 30 16:53:15 2020</timestamp>
		<arg name='module'>C:\Windows\SysWOW64\WinTypes.dll</arg>
		<arg name='basement'>0x6f810000</arg>
		<arg name='ceiling'>0x6f8edfff</arg>
	</msg>
	<!-- Instrumentation of C:\Windows\SysWOW64\WinTypes.dll image skipped because of filter conditions [cs-mode]. -->
	<msg id='63' display='false' source='trc'>
		<type>LOAD_MODULE</type>
		<severity>INFO</severity>
		<timestamp>Wed Dec 30 16:53:15 2020</timestamp>
		<arg name='module'>C:\Windows\SysWOW64\ws2_32.dll</arg>
		<arg name='basement'>0x773e0000</arg>
		<arg name='ceiling'>0x77442fff</arg>
	</msg>
	<!-- Instrumentation of C:\Windows\SysWOW64\ws2_32.dll image skipped because of filter conditions [cs-mode]. -->
	<msg id='64' display='false' source='trc'>
		<type>LOAD_MODULE</type>
		<severity>INFO</severity>
		<timestamp>Wed Dec 30 16:53:15 2020</timestamp>
		<arg name='module'>C:\Windows\SysWOW64\twinapi.appcore.dll</arg>
		<arg name='basement'>0x70840000</arg>
		<arg name='ceiling'>0x709d0fff</arg>
	</msg>
	<!-- Instrumentation of C:\Windows\SysWOW64\twinapi.appcore.dll image skipped because of filter conditions [cs-mode]. -->
	<msg id='65' display='false' source='trc'>
		<type>LOAD_MODULE</type>
		<severity>INFO</severity>
		<timestamp>Wed Dec 30 16:53:15 2020</timestamp>
		<arg name='module'>C:\Windows\SysWOW64\CoreUIComponents.dll</arg>
		<arg name='basement'>0x6f920000</arg>
		<arg name='ceiling'>0x6fb9dfff</arg>
	</msg>
	<!-- Instrumentation of C:\Windows\SysWOW64\CoreUIComponents.dll image skipped because of filter conditions [cs-mode]. -->
	<msg id='66' display='false' source='trc'>
		<type>LOAD_MODULE</type>
		<severity>INFO</severity>
		<timestamp>Wed Dec 30 16:53:15 2020</timestamp>
		<arg name='module'>C:\Windows\SysWOW64\ntmarta.dll</arg>
		<arg name='basement'>0x6f8f0000</arg>
		<arg name='ceiling'>0x6f918fff</arg>
	</msg>
	<!-- Instrumentation of C:\Windows\SysWOW64\ntmarta.dll image skipped because of filter conditions [cs-mode]. -->
	<msg id='67' display='false' source='trc'>
		<type>LOAD_MODULE</type>
		<severity>INFO</severity>
		<timestamp>Wed Dec 30 16:53:16 2020</timestamp>
		<arg name='module'>C:\Windows\SysWOW64\msacm32.drv</arg>
		<arg name='basement'>0x5dc60000</arg>
		<arg name='ceiling'>0x5dc69fff</arg>
	</msg>
	<!-- Instrumentation of C:\Windows\SysWOW64\msacm32.drv image skipped because of filter conditions [cs-mode]. -->
	<msg id='68' display='false' source='trc'>
		<type>LOAD_MODULE</type>
		<severity>INFO</severity>
		<timestamp>Wed Dec 30 16:53:16 2020</timestamp>
		<arg name='module'>C:\Windows\SysWOW64\msacm32.dll</arg>
		<arg name='basement'>0x5dc40000</arg>
		<arg name='ceiling'>0x5dc58fff</arg>
	</msg>
	<!-- Instrumentation of C:\Windows\SysWOW64\msacm32.dll image skipped because of filter conditions [cs-mode]. -->
	<msg id='69' display='false' source='trc'>
		<type>LOAD_MODULE</type>
		<severity>INFO</severity>
		<timestamp>Wed Dec 30 16:53:16 2020</timestamp>
		<arg name='module'>C:\Windows\SysWOW64\midimap.dll</arg>
		<arg name='basement'>0x5dc30000</arg>
		<arg name='ceiling'>0x5dc37fff</arg>
	</msg>
	<!-- Instrumentation of C:\Windows\SysWOW64\midimap.dll image skipped because of filter conditions [cs-mode]. -->
	<msg id='70' display='false' source='trc'>
		<type>LOAD_MODULE</type>
		<severity>INFO</severity>
		<timestamp>Wed Dec 30 16:53:17 2020</timestamp>
		<arg name='module'>C:\Windows\SysWOW64\uxtheme.dll</arg>
		<arg name='basement'>0x728b0000</arg>
		<arg name='ceiling'>0x72923fff</arg>
	</msg>
	<!-- Instrumentation of C:\Windows\SysWOW64\uxtheme.dll image skipped because of filter conditions [cs-mode]. -->
	<msg id='71' display='false' source='trc'>
		<type>LOAD_MODULE</type>
		<severity>INFO</severity>
		<timestamp>Wed Dec 30 16:53:18 2020</timestamp>
		<arg name='module'>C:\Windows\SysWOW64\msctf.dll</arg>
		<arg name='basement'>0x771e0000</arg>
		<arg name='ceiling'>0x772b3fff</arg>
	</msg>
	<!-- Instrumenting image: id = 65, name = C:\Windows\SysWOW64\msctf.dll -->
	<msg id='72' display='false' source='trc'>
		<type>LOAD_MODULE</type>
		<severity>INFO</severity>
		<timestamp>Wed Dec 30 16:53:18 2020</timestamp>
		<arg name='module'>C:\Windows\SysWOW64\mscms.dll</arg>
		<arg name='basement'>0x689f0000</arg>
		<arg name='ceiling'>0x68a82fff</arg>
	</msg>
	<!-- Instrumentation of C:\Windows\SysWOW64\mscms.dll image skipped because of filter conditions [cs-mode]. -->
	<msg id='73' display='false' source='trc'>
		<type>LOAD_MODULE</type>
		<severity>INFO</severity>
		<timestamp>Wed Dec 30 16:53:18 2020</timestamp>
		<arg name='module'>C:\Windows\SysWOW64\coloradapterclient.dll</arg>
		<arg name='basement'>0x689e0000</arg>
		<arg name='ceiling'>0x689ebfff</arg>
	</msg>
	<!-- Instrumentation of C:\Windows\SysWOW64\coloradapterclient.dll image skipped because of filter conditions [cs-mode]. -->
	<msg id='74' display='false' source='trc'>
		<type>LOAD_MODULE</type>
		<severity>INFO</severity>
		<timestamp>Wed Dec 30 16:53:18 2020</timestamp>
		<arg name='module'>C:\Windows\SysWOW64\userenv.dll</arg>
		<arg name='basement'>0x753c0000</arg>
		<arg name='ceiling'>0x753e4fff</arg>
	</msg>
	<!-- Instrumentation of C:\Windows\SysWOW64\userenv.dll image skipped because of filter conditions [cs-mode]. -->
	<msg id='75' display='false' source='trc'>
		<type>LOAD_MODULE</type>
		<severity>INFO</severity>
		<timestamp>Wed Dec 30 16:53:18 2020</timestamp>
		<arg name='module'>C:\Windows\SysWOW64\Windows.Internal.Graphics.Display.DisplayColorManagement.dll</arg>
		<arg name='basement'>0x7aab0000</arg>
		<arg name='ceiling'>0x7aae0fff</arg>
	</msg>
	<!-- Instrumentation of C:\Windows\SysWOW64\Windows.Internal.Graphics.Display.DisplayColorManagement.dll image skipped because of filter conditions [cs-mode]. -->
	<msg id='76' display='false' source='trc'>
		<type>LOAD_MODULE</type>
		<severity>INFO</severity>
		<timestamp>Wed Dec 30 16:53:18 2020</timestamp>
		<arg name='module'>C:\Windows\SysWOW64\KBDUS.DLL</arg>
		<arg name='basement'>0x7a860000</arg>
		<arg name='ceiling'>0x7a865fff</arg>
	</msg>
	<!-- Instrumentation of C:\Windows\SysWOW64\KBDUS.DLL image skipped because of filter conditions [cs-mode]. -->
	<msg id='77' display='false' source='trc'>
		<type>UNLOAD_MODULE</type>
		<severity>INFO</severity>
		<timestamp>Wed Dec 30 16:53:18 2020</timestamp>
		<arg name='module'>C:\Windows\SysWOW64\KBDUS.DLL</arg>
	</msg>
	<msg id='78' display='false' source='trc'>
		<type>LOAD_MODULE</type>
		<severity>INFO</severity>
		<timestamp>Wed Dec 30 16:53:18 2020</timestamp>
		<arg name='module'>C:\Windows\SysWOW64\KBDPL1.DLL</arg>
		<arg name='basement'>0x7ae40000</arg>
		<arg name='ceiling'>0x7ae43fff</arg>
	</msg>
	<!-- Instrumentation of C:\Windows\SysWOW64\KBDPL1.DLL image skipped because of filter conditions [cs-mode]. -->
	<msg id='79' display='false' source='trc'>
		<type>UNLOAD_MODULE</type>
		<severity>INFO</severity>
		<timestamp>Wed Dec 30 16:53:18 2020</timestamp>
		<arg name='module'>C:\Windows\SysWOW64\KBDPL1.DLL</arg>
	</msg>
	<msg id='80' display='false' source='trc'>
		<type>LOAD_MODULE</type>
		<severity>INFO</severity>
		<timestamp>Wed Dec 30 16:53:20 2020</timestamp>
		<arg name='module'>C:\Windows\SysWOW64\AppXDeploymentClient.dll</arg>
		<arg name='basement'>0x7ae50000</arg>
		<arg name='ceiling'>0x7af0afff</arg>
	</msg>
	<!-- Instrumenting image: id = 72, name = C:\Windows\SysWOW64\AppXDeploymentClient.dll -->
	<msg id='81' display='false' source='trc'>
		<type>LOAD_MODULE</type>
		<severity>INFO</severity>
		<timestamp>Wed Dec 30 16:53:20 2020</timestamp>
		<arg name='module'>C:\WINDOWS\System32\DriverStore\FileRepository\nv_dispi.inf_amd64_5dcb5bbf5c3edcf2\nvoglv32.dll</arg>
		<arg name='basement'>0x17aa0000</arg>
		<arg name='ceiling'>0x19d80fff</arg>
	</msg>
	<!-- Instrumentation of C:\WINDOWS\System32\DriverStore\FileRepository\nv_dispi.inf_amd64_5dcb5bbf5c3edcf2\nvoglv32.dll image skipped because of filter conditions [cs-mode]. -->
	<msg id='82' display='false' source='trc'>
		<type>UNLOAD_MODULE</type>
		<severity>INFO</severity>
		<timestamp>Wed Dec 30 16:53:20 2020</timestamp>
		<arg name='module'>C:\WINDOWS\System32\DriverStore\FileRepository\nv_dispi.inf_amd64_5dcb5bbf5c3edcf2\nvoglv32.dll</arg>
	</msg>
	<msg id='83' display='false' source='trc'>
		<type>LOAD_MODULE</type>
		<severity>INFO</severity>
		<timestamp>Wed Dec 30 16:53:20 2020</timestamp>
		<arg name='module'>C:\WINDOWS\System32\DriverStore\FileRepository\nv_dispi.inf_amd64_5dcb5bbf5c3edcf2\nvoglv32.dll</arg>
		<arg name='basement'>0x17aa0000</arg>
		<arg name='ceiling'>0x19d80fff</arg>
	</msg>
	<!-- Instrumentation of C:\WINDOWS\System32\DriverStore\FileRepository\nv_dispi.inf_amd64_5dcb5bbf5c3edcf2\nvoglv32.dll image skipped because of filter conditions [cs-mode]. -->
	<msg id='84' display='false' source='trc'>
		<type>LOAD_MODULE</type>
		<severity>INFO</severity>
		<timestamp>Wed Dec 30 16:53:20 2020</timestamp>
		<arg name='module'>C:\Windows\SysWOW64\shell32.dll</arg>
		<arg name='basement'>0x75e10000</arg>
		<arg name='ceiling'>0x763c2fff</arg>
	</msg>
	<!-- Instrumentation of C:\Windows\SysWOW64\shell32.dll image skipped because of filter conditions [cs-mode]. -->
	<msg id='85' display='false' source='trc'>
		<type>LOAD_MODULE</type>
		<severity>INFO</severity>
		<timestamp>Wed Dec 30 16:53:20 2020</timestamp>
		<arg name='module'>C:\Windows\SysWOW64\setupapi.dll</arg>
		<arg name='basement'>0x76bd0000</arg>
		<arg name='ceiling'>0x77003fff</arg>
	</msg>
	<!-- Instrumentation of C:\Windows\SysWOW64\setupapi.dll image skipped because of filter conditions [cs-mode]. -->
	<msg id='86' display='false' source='trc'>
		<type>LOAD_MODULE</type>
		<severity>INFO</severity>
		<timestamp>Wed Dec 30 16:53:20 2020</timestamp>
		<arg name='module'>C:\Windows\SysWOW64\bcrypt.dll</arg>
		<arg name='basement'>0x77460000</arg>
		<arg name='ceiling'>0x77478fff</arg>
	</msg>
	<!-- Instrumentation of C:\Windows\SysWOW64\bcrypt.dll image skipped because of filter conditions [cs-mode]. -->
	<msg id='87' display='false' source='trc'>
		<type>LOAD_MODULE</type>
		<severity>INFO</severity>
		<timestamp>Wed Dec 30 16:53:20 2020</timestamp>
		<arg name='module'>C:\Windows\SysWOW64\ole32.dll</arg>
		<arg name='basement'>0x774b0000</arg>
		<arg name='ceiling'>0x77592fff</arg>
	</msg>
	<!-- Instrumentation of C:\Windows\SysWOW64\ole32.dll image skipped because of filter conditions [cs-mode]. -->
	<msg id='88' display='false' source='trc'>
		<type>LOAD_MODULE</type>
		<severity>INFO</severity>
		<timestamp>Wed Dec 30 16:53:20 2020</timestamp>
		<arg name='module'>C:\Windows\SysWOW64\wtsapi32.dll</arg>
		<arg name='basement'>0x753f0000</arg>
		<arg name='ceiling'>0x753fefff</arg>
	</msg>
	<!-- Instrumentation of C:\Windows\SysWOW64\wtsapi32.dll image skipped because of filter conditions [cs-mode]. -->
	<msg id='89' display='false' source='trc'>
		<type>LOAD_MODULE</type>
		<severity>INFO</severity>
		<timestamp>Wed Dec 30 16:53:20 2020</timestamp>
		<arg name='module'>C:\Windows\SysWOW64\version.dll</arg>
		<arg name='basement'>0x75630000</arg>
		<arg name='ceiling'>0x75637fff</arg>
	</msg>
	<!-- Instrumentation of C:\Windows\SysWOW64\version.dll image skipped because of filter conditions [cs-mode]. -->
	<msg id='90' display='false' source='trc'>
		<type>LOAD_MODULE</type>
		<severity>INFO</severity>
		<timestamp>Wed Dec 30 16:53:21 2020</timestamp>
		<arg name='module'>C:\Windows\SysWOW64\msasn1.dll</arg>
		<arg name='basement'>0x6ff30000</arg>
		<arg name='ceiling'>0x6ff3dfff</arg>
	</msg>
	<!-- Instrumentation of C:\Windows\SysWOW64\msasn1.dll image skipped because of filter conditions [cs-mode]. -->
	<msg id='91' display='false' source='trc'>
		<type>LOAD_MODULE</type>
		<severity>INFO</severity>
		<timestamp>Wed Dec 30 16:53:21 2020</timestamp>
		<arg name='module'>C:\Windows\SysWOW64\cryptnet.dll</arg>
		<arg name='basement'>0x6adb0000</arg>
		<arg name='ceiling'>0x6add5fff</arg>
	</msg>
	<!-- Instrumentation of C:\Windows\SysWOW64\cryptnet.dll image skipped because of filter conditions [cs-mode]. -->
	<msg id='92' display='false' source='trc'>
		<type>LOAD_MODULE</type>
		<severity>INFO</severity>
		<timestamp>Wed Dec 30 16:53:21 2020</timestamp>
		<arg name='module'>C:\Windows\SysWOW64\crypt32.dll</arg>
		<arg name='basement'>0x75d10000</arg>
		<arg name='ceiling'>0x75e0efff</arg>
	</msg>
	<!-- Instrumentation of C:\Windows\SysWOW64\crypt32.dll image skipped because of filter conditions [cs-mode]. -->
	<msg id='93' display='false' source='trc'>
		<type>LOAD_MODULE</type>
		<severity>INFO</severity>
		<timestamp>Wed Dec 30 16:53:21 2020</timestamp>
		<arg name='module'>C:\Windows\SysWOW64\cryptbase.dll</arg>
		<arg name='basement'>0x734e0000</arg>
		<arg name='ceiling'>0x734e9fff</arg>
	</msg>
	<!-- Instrumentation of C:\Windows\SysWOW64\cryptbase.dll image skipped because of filter conditions [cs-mode]. -->
	<msg id='94' display='false' source='trc'>
		<type>LOAD_MODULE</type>
		<severity>INFO</severity>
		<timestamp>Wed Dec 30 16:53:21 2020</timestamp>
		<arg name='module'>C:\Windows\SysWOW64\wintrust.dll</arg>
		<arg name='basement'>0x75cc0000</arg>
		<arg name='ceiling'>0x75d06fff</arg>
	</msg>
	<!-- Instrumentation of C:\Windows\SysWOW64\wintrust.dll image skipped because of filter conditions [cs-mode]. -->
	<msg id='95' display='false' source='trc'>
		<type>LOAD_MODULE</type>
		<severity>INFO</severity>
		<timestamp>Wed Dec 30 16:53:22 2020</timestamp>
		<arg name='module'>C:\Windows\SysWOW64\DXCore.dll</arg>
		<arg name='basement'>0x6ae70000</arg>
		<arg name='ceiling'>0x6ae9bfff</arg>
	</msg>
	<!-- Instrumentation of C:\Windows\SysWOW64\DXCore.dll image skipped because of filter conditions [cs-mode]. -->
	<msg id='96' display='false' source='trc'>
		<type>LOAD_MODULE</type>
		<severity>INFO</severity>
		<timestamp>Wed Dec 30 16:53:22 2020</timestamp>
		<arg name='module'>C:\Windows\SysWOW64\windows.storage.dll</arg>
		<arg name='basement'>0x72110000</arg>
		<arg name='ceiling'>0x72719fff</arg>
	</msg>
	<!-- Instrumenting image: id = 87, name = C:\Windows\SysWOW64\windows.storage.dll -->
	<!-- Instrumenting loops in routine "SHGetFolderPathW" -->
	<msg id='97' display='false' source='trc'>
		<type>LOAD_MODULE</type>
		<severity>INFO</severity>
		<timestamp>Wed Dec 30 16:53:22 2020</timestamp>
		<arg name='module'>C:\Windows\SysWOW64\wldp.dll</arg>
		<arg name='basement'>0x72930000</arg>
		<arg name='ceiling'>0x72953fff</arg>
	</msg>
	<!-- Instrumentation of C:\Windows\SysWOW64\wldp.dll image skipped because of filter conditions [cs-mode]. -->
	<msg id='98' display='false' source='trc'>
		<type>LOAD_MODULE</type>
		<severity>INFO</severity>
		<timestamp>Wed Dec 30 16:53:22 2020</timestamp>
		<arg name='module'>C:\Windows\SysWOW64\shlwapi.dll</arg>
		<arg name='basement'>0x76af0000</arg>
		<arg name='ceiling'>0x76b34fff</arg>
	</msg>
	<!-- Instrumentation of C:\Windows\SysWOW64\shlwapi.dll image skipped because of filter conditions [cs-mode]. -->
	<msg id='99' display='false' source='trc'>
		<type>LOAD_MODULE</type>
		<severity>INFO</severity>
		<timestamp>Wed Dec 30 16:53:22 2020</timestamp>
		<arg name='module'>C:\Windows\SysWOW64\dwmapi.dll</arg>
		<arg name='basement'>0x71590000</arg>
		<arg name='ceiling'>0x715b5fff</arg>
	</msg>
	<!-- Instrumentation of C:\Windows\SysWOW64\dwmapi.dll image skipped because of filter conditions [cs-mode]. -->
	<msg id='100' display='false' source='trc'>
		<type>LOAD_MODULE</type>
		<severity>INFO</severity>
		<timestamp>Wed Dec 30 16:53:23 2020</timestamp>
		<arg name='module'>C:\Windows\SysWOW64\winsta.dll</arg>
		<arg name='basement'>0x6e810000</arg>
		<arg name='ceiling'>0x6e856fff</arg>
	</msg>
	<!-- Instrumentation of C:\Windows\SysWOW64\winsta.dll image skipped because of filter conditions [cs-mode]. -->
	<msg id='101' display='false' source='trc'>
		<type>LOAD_MODULE</type>
		<severity>INFO</severity>
		<timestamp>Wed Dec 30 16:53:24 2020</timestamp>
		<arg name='module'>G:\Fenix\trunk\windows\Debug\libpng15-15.dll</arg>
		<arg name='basement'>0x64740000</arg>
		<arg name='ceiling'>0x6476afff</arg>
	</msg>
	<!-- Instrumenting image: id = 92, name = G:\Fenix\trunk\windows\Debug\libpng15-15.dll -->
	<!-- Instrumenting loops in routine "png_read_row" with dynamic jumps -->
	<!-- Instrumenting loops in routine "png_read_image" -->
	<msg id='102' display='false' source='trc'>
		<type>LOAD_MODULE</type>
		<severity>INFO</severity>
		<timestamp>Wed Dec 30 16:53:25 2020</timestamp>
		<arg name='module'>G:\Fenix\trunk\windows\Debug\libjpeg-8.dll</arg>
		<arg name='basement'>0x6b800000</arg>
		<arg name='ceiling'>0x6b838fff</arg>
	</msg>
	<!-- Instrumenting image: id = 93, name = G:\Fenix\trunk\windows\Debug\libjpeg-8.dll -->
	<!-- Instrumenting loops in routine "jpeg_idct_islow" -->
	<msg id='103' display='false' source='trc'>
		<type>UNLOAD_MODULE</type>
		<severity>INFO</severity>
		<timestamp>Wed Dec 30 16:53:29 2020</timestamp>
		<arg name='module'>G:\Fenix\trunk\windows\Debug\Game.exe</arg>
	</msg>
	<msg id='104' display='false' source='trc'>
		<type>UNLOAD_MODULE</type>
		<severity>INFO</severity>
		<timestamp>Wed Dec 30 16:53:29 2020</timestamp>
		<arg name='module'>C:\Windows\SysWOW64\KernelBase.dll</arg>
	</msg>
	<msg id='105' display='false' source='trc'>
		<type>UNLOAD_MODULE</type>
		<severity>INFO</severity>
		<timestamp>Wed Dec 30 16:53:29 2020</timestamp>
		<arg name='module'>C:\Windows\SysWOW64\kernel32.dll</arg>
	</msg>
	<msg id='106' display='false' source='trc'>
		<type>UNLOAD_MODULE</type>
		<severity>INFO</severity>
		<timestamp>Wed Dec 30 16:53:29 2020</timestamp>
		<arg name='module'>C:\Windows\SysWOW64\ntdll.dll</arg>
	</msg>
	<msg id='107' display='false' source='trc'>
		<type>UNLOAD_MODULE</type>
		<severity>INFO</severity>
		<timestamp>Wed Dec 30 16:53:29 2020</timestamp>
		<arg name='module'>C:\Windows\SysWOW64\user32.dll</arg>
	</msg>
	<msg id='108' display='false' source='trc'>
		<type>UNLOAD_MODULE</type>
		<severity>INFO</severity>
		<timestamp>Wed Dec 30 16:53:29 2020</timestamp>
		<arg name='module'>C:\Windows\SysWOW64\win32u.dll</arg>
	</msg>
	<msg id='109' display='false' source='trc'>
		<type>UNLOAD_MODULE</type>
		<severity>INFO</severity>
		<timestamp>Wed Dec 30 16:53:29 2020</timestamp>
		<arg name='module'>C:\Windows\SysWOW64\gdi32.dll</arg>
	</msg>
	<msg id='110' display='false' source='trc'>
		<type>UNLOAD_MODULE</type>
		<severity>INFO</severity>
		<timestamp>Wed Dec 30 16:53:29 2020</timestamp>
		<arg name='module'>C:\Windows\SysWOW64\gdi32full.dll</arg>
	</msg>
	<msg id='111' display='false' source='trc'>
		<type>UNLOAD_MODULE</type>
		<severity>INFO</severity>
		<timestamp>Wed Dec 30 16:53:29 2020</timestamp>
		<arg name='module'>C:\Windows\SysWOW64\msvcp_win.dll</arg>
	</msg>
	<msg id='112' display='false' source='trc'>
		<type>UNLOAD_MODULE</type>
		<severity>INFO</severity>
		<timestamp>Wed Dec 30 16:53:29 2020</timestamp>
		<arg name='module'>C:\Windows\SysWOW64\ucrtbase.dll</arg>
	</msg>
	<msg id='113' display='false' source='trc'>
		<type>UNLOAD_MODULE</type>
		<severity>INFO</severity>
		<timestamp>Wed Dec 30 16:53:29 2020</timestamp>
		<arg name='module'>G:\Fenix\trunk\windows\Debug\SDL_image.dll</arg>
	</msg>
	<msg id='114' display='false' source='trc'>
		<type>UNLOAD_MODULE</type>
		<severity>INFO</severity>
		<timestamp>Wed Dec 30 16:53:29 2020</timestamp>
		<arg name='module'>G:\Fenix\trunk\windows\Debug\SDL.dll</arg>
	</msg>
	<msg id='115' display='false' source='trc'>
		<type>UNLOAD_MODULE</type>
		<severity>INFO</severity>
		<timestamp>Wed Dec 30 16:53:29 2020</timestamp>
		<arg name='module'>G:\Fenix\trunk\windows\Debug\MSVCP100D.dll</arg>
	</msg>
	<msg id='116' display='false' source='trc'>
		<type>UNLOAD_MODULE</type>
		<severity>INFO</severity>
		<timestamp>Wed Dec 30 16:53:29 2020</timestamp>
		<arg name='module'>G:\Fenix\trunk\windows\Debug\MSVCR100D.dll</arg>
	</msg>
	<msg id='117' display='false' source='trc'>
		<type>UNLOAD_MODULE</type>
		<severity>INFO</severity>
		<timestamp>Wed Dec 30 16:53:29 2020</timestamp>
		<arg name='module'>C:\Windows\SysWOW64\msvcrt.dll</arg>
	</msg>
	<msg id='118' display='false' source='trc'>
		<type>UNLOAD_MODULE</type>
		<severity>INFO</severity>
		<timestamp>Wed Dec 30 16:53:29 2020</timestamp>
		<arg name='module'>G:\Fenix\trunk\windows\Debug\SDL_mixer.dll</arg>
	</msg>
	<msg id='119' display='false' source='trc'>
		<type>UNLOAD_MODULE</type>
		<severity>INFO</severity>
		<timestamp>Wed Dec 30 16:53:29 2020</timestamp>
		<arg name='module'>C:\Windows\SysWOW64\advapi32.dll</arg>
	</msg>
	<msg id='120' display='false' source='trc'>
		<type>UNLOAD_MODULE</type>
		<severity>INFO</severity>
		<timestamp>Wed Dec 30 16:53:29 2020</timestamp>
		<arg name='module'>G:\Fenix\trunk\windows\Game\SDL_ttf.dll</arg>
	</msg>
	<msg id='121' display='false' source='trc'>
		<type>UNLOAD_MODULE</type>
		<severity>INFO</severity>
		<timestamp>Wed Dec 30 16:53:29 2020</timestamp>
		<arg name='module'>C:\Windows\SysWOW64\opengl32.dll</arg>
	</msg>
	<msg id='122' display='false' source='trc'>
		<type>UNLOAD_MODULE</type>
		<severity>INFO</severity>
		<timestamp>Wed Dec 30 16:53:29 2020</timestamp>
		<arg name='module'>C:\Windows\SysWOW64\sechost.dll</arg>
	</msg>
	<msg id='123' display='false' source='trc'>
		<type>UNLOAD_MODULE</type>
		<severity>INFO</severity>
		<timestamp>Wed Dec 30 16:53:29 2020</timestamp>
		<arg name='module'>C:\Windows\SysWOW64\winmm.dll</arg>
	</msg>
	<msg id='124' display='false' source='trc'>
		<type>UNLOAD_MODULE</type>
		<severity>INFO</severity>
		<timestamp>Wed Dec 30 16:53:29 2020</timestamp>
		<arg name='module'>C:\Windows\SysWOW64\combase.dll</arg>
	</msg>
	<msg id='125' display='false' source='trc'>
		<type>UNLOAD_MODULE</type>
		<severity>INFO</severity>
		<timestamp>Wed Dec 30 16:53:29 2020</timestamp>
		<arg name='module'>C:\Windows\SysWOW64\rpcrt4.dll</arg>
	</msg>
	<msg id='126' display='false' source='trc'>
		<type>UNLOAD_MODULE</type>
		<severity>INFO</severity>
		<timestamp>Wed Dec 30 16:53:29 2020</timestamp>
		<arg name='module'>G:\Fenix\trunk\windows\Game\libfreetype-6.dll</arg>
	</msg>
	<msg id='127' display='false' source='trc'>
		<type>UNLOAD_MODULE</type>
		<severity>INFO</severity>
		<timestamp>Wed Dec 30 16:53:29 2020</timestamp>
		<arg name='module'>C:\Windows\SysWOW64\glu32.dll</arg>
	</msg>
	<msg id='128' display='false' source='trc'>
		<type>UNLOAD_MODULE</type>
		<severity>INFO</severity>
		<timestamp>Wed Dec 30 16:53:29 2020</timestamp>
		<arg name='module'>G:\Fenix\trunk\windows\Debug\zlib1.dll</arg>
	</msg>
	<msg id='129' display='false' source='trc'>
		<type>UNLOAD_MODULE</type>
		<severity>INFO</severity>
		<timestamp>Wed Dec 30 16:53:29 2020</timestamp>
		<arg name='module'>C:\Windows\SysWOW64\imm32.dll</arg>
	</msg>
	<msg id='130' display='false' source='trc'>
		<type>UNLOAD_MODULE</type>
		<severity>INFO</severity>
		<timestamp>Wed Dec 30 16:53:29 2020</timestamp>
		<arg name='module'>C:\Windows\SysWOW64\dsound.dll</arg>
	</msg>
	<msg id='131' display='false' source='trc'>
		<type>UNLOAD_MODULE</type>
		<severity>INFO</severity>
		<timestamp>Wed Dec 30 16:53:29 2020</timestamp>
		<arg name='module'>C:\Windows\SysWOW64\powrprof.dll</arg>
	</msg>
	<msg id='132' display='false' source='trc'>
		<type>UNLOAD_MODULE</type>
		<severity>INFO</severity>
		<timestamp>Wed Dec 30 16:53:29 2020</timestamp>
		<arg name='module'>C:\Windows\SysWOW64\winmmbase.dll</arg>
	</msg>
	<msg id='133' display='false' source='trc'>
		<type>UNLOAD_MODULE</type>
		<severity>INFO</severity>
		<timestamp>Wed Dec 30 16:53:29 2020</timestamp>
		<arg name='module'>C:\Windows\SysWOW64\umpdc.dll</arg>
	</msg>
	<msg id='134' display='false' source='trc'>
		<type>UNLOAD_MODULE</type>
		<severity>INFO</severity>
		<timestamp>Wed Dec 30 16:53:29 2020</timestamp>
		<arg name='module'>C:\Windows\SysWOW64\kernel.appcore.dll</arg>
	</msg>
	<msg id='135' display='false' source='trc'>
		<type>UNLOAD_MODULE</type>
		<severity>INFO</severity>
		<timestamp>Wed Dec 30 16:53:29 2020</timestamp>
		<arg name='module'>C:\Windows\SysWOW64\bcryptprimitives.dll</arg>
	</msg>
	<msg id='136' display='false' source='trc'>
		<type>UNLOAD_MODULE</type>
		<severity>INFO</severity>
		<timestamp>Wed Dec 30 16:53:29 2020</timestamp>
		<arg name='module'>C:\Windows\SysWOW64\clbcatq.dll</arg>
	</msg>
	<msg id='137' display='false' source='trc'>
		<type>UNLOAD_MODULE</type>
		<severity>INFO</severity>
		<timestamp>Wed Dec 30 16:53:29 2020</timestamp>
		<arg name='module'>C:\Windows\SysWOW64\MMDevAPI.dll</arg>
	</msg>
	<msg id='138' display='false' source='trc'>
		<type>UNLOAD_MODULE</type>
		<severity>INFO</severity>
		<timestamp>Wed Dec 30 16:53:29 2020</timestamp>
		<arg name='module'>C:\Windows\SysWOW64\SHCore.dll</arg>
	</msg>
	<msg id='139' display='false' source='trc'>
		<type>UNLOAD_MODULE</type>
		<severity>INFO</severity>
		<timestamp>Wed Dec 30 16:53:29 2020</timestamp>
		<arg name='module'>C:\Windows\SysWOW64\devobj.dll</arg>
	</msg>
	<msg id='140' display='false' source='trc'>
		<type>UNLOAD_MODULE</type>
		<severity>INFO</severity>
		<timestamp>Wed Dec 30 16:53:29 2020</timestamp>
		<arg name='module'>C:\Windows\SysWOW64\cfgmgr32.dll</arg>
	</msg>
	<msg id='141' display='false' source='trc'>
		<type>UNLOAD_MODULE</type>
		<severity>INFO</severity>
		<timestamp>Wed Dec 30 16:53:29 2020</timestamp>
		<arg name='module'>C:\Windows\SysWOW64\AudioSes.dll</arg>
	</msg>
	<msg id='142' display='false' source='trc'>
		<type>UNLOAD_MODULE</type>
		<severity>INFO</severity>
		<timestamp>Wed Dec 30 16:53:29 2020</timestamp>
		<arg name='module'>C:\Windows\SysWOW64\oleaut32.dll</arg>
	</msg>
	<msg id='143' display='false' source='trc'>
		<type>UNLOAD_MODULE</type>
		<severity>INFO</severity>
		<timestamp>Wed Dec 30 16:53:29 2020</timestamp>
		<arg name='module'>C:\Windows\SysWOW64\ResourcePolicyClient.dll</arg>
	</msg>
	<msg id='144' display='false' source='trc'>
		<type>UNLOAD_MODULE</type>
		<severity>INFO</severity>
		<timestamp>Wed Dec 30 16:53:29 2020</timestamp>
		<arg name='module'>G:\Fenix\trunk\windows\Debug\libmikmod-2.dll</arg>
	</msg>
	<msg id='145' display='false' source='trc'>
		<type>UNLOAD_MODULE</type>
		<severity>INFO</severity>
		<timestamp>Wed Dec 30 16:53:29 2020</timestamp>
		<arg name='module'>C:\Windows\SysWOW64\wdmaud.drv</arg>
	</msg>
	<msg id='146' display='false' source='trc'>
		<type>UNLOAD_MODULE</type>
		<severity>INFO</severity>
		<timestamp>Wed Dec 30 16:53:29 2020</timestamp>
		<arg name='module'>C:\Windows\SysWOW64\ksuser.dll</arg>
	</msg>
	<msg id='147' display='false' source='trc'>
		<type>UNLOAD_MODULE</type>
		<severity>INFO</severity>
		<timestamp>Wed Dec 30 16:53:29 2020</timestamp>
		<arg name='module'>C:\Windows\SysWOW64\avrt.dll</arg>
	</msg>
	<msg id='148' display='false' source='trc'>
		<type>UNLOAD_MODULE</type>
		<severity>INFO</severity>
		<timestamp>Wed Dec 30 16:53:29 2020</timestamp>
		<arg name='module'>C:\Windows\SysWOW64\Windows.UI.dll</arg>
	</msg>
	<msg id='149' display='false' source='trc'>
		<type>UNLOAD_MODULE</type>
		<severity>INFO</severity>
		<timestamp>Wed Dec 30 16:53:29 2020</timestamp>
		<arg name='module'>C:\Windows\SysWOW64\WindowManagementAPI.dll</arg>
	</msg>
	<msg id='150' display='false' source='trc'>
		<type>UNLOAD_MODULE</type>
		<severity>INFO</severity>
		<timestamp>Wed Dec 30 16:53:29 2020</timestamp>
		<arg name='module'>C:\Windows\SysWOW64\InputHost.dll</arg>
	</msg>
	<msg id='151' display='false' source='trc'>
		<type>UNLOAD_MODULE</type>
		<severity>INFO</severity>
		<timestamp>Wed Dec 30 16:53:29 2020</timestamp>
		<arg name='module'>C:\Windows\SysWOW64\TextInputFramework.dll</arg>
	</msg>
	<msg id='152' display='false' source='trc'>
		<type>UNLOAD_MODULE</type>
		<severity>INFO</severity>
		<timestamp>Wed Dec 30 16:53:29 2020</timestamp>
		<arg name='module'>C:\Windows\SysWOW64\CoreMessaging.dll</arg>
	</msg>
	<msg id='153' display='false' source='trc'>
		<type>UNLOAD_MODULE</type>
		<severity>INFO</severity>
		<timestamp>Wed Dec 30 16:53:29 2020</timestamp>
		<arg name='module'>C:\Windows\SysWOW64\propsys.dll</arg>
	</msg>
	<msg id='154' display='false' source='trc'>
		<type>UNLOAD_MODULE</type>
		<severity>INFO</severity>
		<timestamp>Wed Dec 30 16:53:29 2020</timestamp>
		<arg name='module'>C:\Windows\SysWOW64\WinTypes.dll</arg>
	</msg>
	<msg id='155' display='false' source='trc'>
		<type>UNLOAD_MODULE</type>
		<severity>INFO</severity>
		<timestamp>Wed Dec 30 16:53:29 2020</timestamp>
		<arg name='module'>C:\Windows\SysWOW64\ws2_32.dll</arg>
	</msg>
	<msg id='156' display='false' source='trc'>
		<type>UNLOAD_MODULE</type>
		<severity>INFO</severity>
		<timestamp>Wed Dec 30 16:53:29 2020</timestamp>
		<arg name='module'>C:\Windows\SysWOW64\twinapi.appcore.dll</arg>
	</msg>
	<msg id='157' display='false' source='trc'>
		<type>UNLOAD_MODULE</type>
		<severity>INFO</severity>
		<timestamp>Wed Dec 30 16:53:29 2020</timestamp>
		<arg name='module'>C:\Windows\SysWOW64\CoreUIComponents.dll</arg>
	</msg>
	<msg id='158' display='false' source='trc'>
		<type>UNLOAD_MODULE</type>
		<severity>INFO</severity>
		<timestamp>Wed Dec 30 16:53:29 2020</timestamp>
		<arg name='module'>C:\Windows\SysWOW64\ntmarta.dll</arg>
	</msg>
	<msg id='159' display='false' source='trc'>
		<type>UNLOAD_MODULE</type>
		<severity>INFO</severity>
		<timestamp>Wed Dec 30 16:53:29 2020</timestamp>
		<arg name='module'>C:\Windows\SysWOW64\msacm32.drv</arg>
	</msg>
	<msg id='160' display='false' source='trc'>
		<type>UNLOAD_MODULE</type>
		<severity>INFO</severity>
		<timestamp>Wed Dec 30 16:53:29 2020</timestamp>
		<arg name='module'>C:\Windows\SysWOW64\msacm32.dll</arg>
	</msg>
	<msg id='161' display='false' source='trc'>
		<type>UNLOAD_MODULE</type>
		<severity>INFO</severity>
		<timestamp>Wed Dec 30 16:53:29 2020</timestamp>
		<arg name='module'>C:\Windows\SysWOW64\midimap.dll</arg>
	</msg>
	<msg id='162' display='false' source='trc'>
		<type>UNLOAD_MODULE</type>
		<severity>INFO</severity>
		<timestamp>Wed Dec 30 16:53:29 2020</timestamp>
		<arg name='module'>C:\Windows\SysWOW64\uxtheme.dll</arg>
	</msg>
	<msg id='163' display='false' source='trc'>
		<type>UNLOAD_MODULE</type>
		<severity>INFO</severity>
		<timestamp>Wed Dec 30 16:53:29 2020</timestamp>
		<arg name='module'>C:\Windows\SysWOW64\msctf.dll</arg>
	</msg>
	<msg id='164' display='false' source='trc'>
		<type>UNLOAD_MODULE</type>
		<severity>INFO</severity>
		<timestamp>Wed Dec 30 16:53:29 2020</timestamp>
		<arg name='module'>C:\Windows\SysWOW64\mscms.dll</arg>
	</msg>
	<msg id='165' display='false' source='trc'>
		<type>UNLOAD_MODULE</type>
		<severity>INFO</severity>
		<timestamp>Wed Dec 30 16:53:29 2020</timestamp>
		<arg name='module'>C:\Windows\SysWOW64\coloradapterclient.dll</arg>
	</msg>
	<msg id='166' display='false' source='trc'>
		<type>UNLOAD_MODULE</type>
		<severity>INFO</severity>
		<timestamp>Wed Dec 30 16:53:29 2020</timestamp>
		<arg name='module'>C:\Windows\SysWOW64\userenv.dll</arg>
	</msg>
	<msg id='167' display='false' source='trc'>
		<type>UNLOAD_MODULE</type>
		<severity>INFO</severity>
		<timestamp>Wed Dec 30 16:53:29 2020</timestamp>
		<arg name='module'>C:\Windows\SysWOW64\Windows.Internal.Graphics.Display.DisplayColorManagement.dll</arg>
	</msg>
	<msg id='168' display='false' source='trc'>
		<type>UNLOAD_MODULE</type>
		<severity>INFO</severity>
		<timestamp>Wed Dec 30 16:53:29 2020</timestamp>
		<arg name='module'>C:\Windows\SysWOW64\AppXDeploymentClient.dll</arg>
	</msg>
	<msg id='169' display='false' source='trc'>
		<type>UNLOAD_MODULE</type>
		<severity>INFO</severity>
		<timestamp>Wed Dec 30 16:53:29 2020</timestamp>
		<arg name='module'>C:\WINDOWS\System32\DriverStore\FileRepository\nv_dispi.inf_amd64_5dcb5bbf5c3edcf2\nvoglv32.dll</arg>
	</msg>
	<msg id='170' display='false' source='trc'>
		<type>UNLOAD_MODULE</type>
		<severity>INFO</severity>
		<timestamp>Wed Dec 30 16:53:29 2020</timestamp>
		<arg name='module'>C:\Windows\SysWOW64\shell32.dll</arg>
	</msg>
	<msg id='171' display='false' source='trc'>
		<type>UNLOAD_MODULE</type>
		<severity>INFO</severity>
		<timestamp>Wed Dec 30 16:53:29 2020</timestamp>
		<arg name='module'>C:\Windows\SysWOW64\setupapi.dll</arg>
	</msg>
	<msg id='172' display='false' source='trc'>
		<type>UNLOAD_MODULE</type>
		<severity>INFO</severity>
		<timestamp>Wed Dec 30 16:53:29 2020</timestamp>
		<arg name='module'>C:\Windows\SysWOW64\bcrypt.dll</arg>
	</msg>
	<msg id='173' display='false' source='trc'>
		<type>UNLOAD_MODULE</type>
		<severity>INFO</severity>
		<timestamp>Wed Dec 30 16:53:29 2020</timestamp>
		<arg name='module'>C:\Windows\SysWOW64\ole32.dll</arg>
	</msg>
	<msg id='174' display='false' source='trc'>
		<type>UNLOAD_MODULE</type>
		<severity>INFO</severity>
		<timestamp>Wed Dec 30 16:53:29 2020</timestamp>
		<arg name='module'>C:\Windows\SysWOW64\wtsapi32.dll</arg>
	</msg>
	<msg id='175' display='false' source='trc'>
		<type>UNLOAD_MODULE</type>
		<severity>INFO</severity>
		<timestamp>Wed Dec 30 16:53:29 2020</timestamp>
		<arg name='module'>C:\Windows\SysWOW64\version.dll</arg>
	</msg>
	<msg id='176' display='false' source='trc'>
		<type>UNLOAD_MODULE</type>
		<severity>INFO</severity>
		<timestamp>Wed Dec 30 16:53:29 2020</timestamp>
		<arg name='module'>C:\Windows\SysWOW64\msasn1.dll</arg>
	</msg>
	<msg id='177' display='false' source='trc'>
		<type>UNLOAD_MODULE</type>
		<severity>INFO</severity>
		<timestamp>Wed Dec 30 16:53:29 2020</timestamp>
		<arg name='module'>C:\Windows\SysWOW64\cryptnet.dll</arg>
	</msg>
	<msg id='178' display='false' source='trc'>
		<type>UNLOAD_MODULE</type>
		<severity>INFO</severity>
		<timestamp>Wed Dec 30 16:53:29 2020</timestamp>
		<arg name='module'>C:\Windows\SysWOW64\crypt32.dll</arg>
	</msg>
	<msg id='179' display='false' source='trc'>
		<type>UNLOAD_MODULE</type>
		<severity>INFO</severity>
		<timestamp>Wed Dec 30 16:53:29 2020</timestamp>
		<arg name='module'>C:\Windows\SysWOW64\cryptbase.dll</arg>
	</msg>
	<msg id='180' display='false' source='trc'>
		<type>UNLOAD_MODULE</type>
		<severity>INFO</severity>
		<timestamp>Wed Dec 30 16:53:29 2020</timestamp>
		<arg name='module'>C:\Windows\SysWOW64\wintrust.dll</arg>
	</msg>
	<msg id='181' display='false' source='trc'>
		<type>UNLOAD_MODULE</type>
		<severity>INFO</severity>
		<timestamp>Wed Dec 30 16:53:29 2020</timestamp>
		<arg name='module'>C:\Windows\SysWOW64\DXCore.dll</arg>
	</msg>
	<msg id='182' display='false' source='trc'>
		<type>UNLOAD_MODULE</type>
		<severity>INFO</severity>
		<timestamp>Wed Dec 30 16:53:29 2020</timestamp>
		<arg name='module'>C:\Windows\SysWOW64\windows.storage.dll</arg>
	</msg>
	<msg id='183' display='false' source='trc'>
		<type>UNLOAD_MODULE</type>
		<severity>INFO</severity>
		<timestamp>Wed Dec 30 16:53:29 2020</timestamp>
		<arg name='module'>C:\Windows\SysWOW64\wldp.dll</arg>
	</msg>
	<msg id='184' display='false' source='trc'>
		<type>UNLOAD_MODULE</type>
		<severity>INFO</severity>
		<timestamp>Wed Dec 30 16:53:29 2020</timestamp>
		<arg name='module'>C:\Windows\SysWOW64\shlwapi.dll</arg>
	</msg>
	<msg id='185' display='false' source='trc'>
		<type>UNLOAD_MODULE</type>
		<severity>INFO</severity>
		<timestamp>Wed Dec 30 16:53:29 2020</timestamp>
		<arg name='module'>C:\Windows\SysWOW64\dwmapi.dll</arg>
	</msg>
	<msg id='186' display='false' source='trc'>
		<type>UNLOAD_MODULE</type>
		<severity>INFO</severity>
		<timestamp>Wed Dec 30 16:53:29 2020</timestamp>
		<arg name='module'>C:\Windows\SysWOW64\winsta.dll</arg>
	</msg>
	<msg id='187' display='false' source='trc'>
		<type>UNLOAD_MODULE</type>
		<severity>INFO</severity>
		<timestamp>Wed Dec 30 16:53:29 2020</timestamp>
		<arg name='module'>G:\Fenix\trunk\windows\Debug\libpng15-15.dll</arg>
	</msg>
	<msg id='188' display='false' source='trc'>
		<type>UNLOAD_MODULE</type>
		<severity>INFO</severity>
		<timestamp>Wed Dec 30 16:53:29 2020</timestamp>
		<arg name='module'>G:\Fenix\trunk\windows\Debug\libjpeg-8.dll</arg>
	</msg>
	<msg id='189' display='false' source='trc'>
		<type>PROCESS_FINISH</type>
		<severity>INFO</severity>
		<timestamp>Wed Dec 30 16:53:30 2020</timestamp>
		<arg name='process'>G:\Fenix\trunk\windows\Debug\Game.exe</arg>
		<arg name='pid'>23080</arg>
		<arg name='exitcode'>0x0</arg>
	</msg>
	<!-- Application exited with code 0 -->
</log>