E:\GEMSOFATLANTIS\TRUNK\WINDOWS\GAME\GAME\DEBUG\ANIMATION.OBJ
E:\GEMSOFATLANTIS\TRUNK\WINDOWS\GAME\GAME\DEBUG\BEZIER.OBJ
E:\GEMSOFATLANTIS\TRUNK\WINDOWS\GAME\GAME\DEBUG\BUTTON.OBJ
E:\GEMSOFATLANTIS\TRUNK\WINDOWS\GAME\GAME\DEBUG\CHECKBOX.OBJ
E:\GemsOfAtlantis\trunk\windows\Game\Game\Debug\cl.command.1.tlog
E:\GemsOfAtlantis\trunk\windows\Game\Game\Debug\CL.read.1.tlog
E:\GemsOfAtlantis\trunk\windows\Game\Game\Debug\CL.write.1.tlog
E:\GEMSOFATLANTIS\TRUNK\WINDOWS\GAME\GAME\DEBUG\CRSPLINE.OBJ
E:\GEMSOFATLANTIS\TRUNK\WINDOWS\GAME\GAME\DEBUG\DATAFILE.OBJ
E:\GEMSOFATLANTIS\TRUNK\WINDOWS\GAME\GAME\DEBUG\ECONGRATULATIONS.OBJ
E:\GEMSOFATLANTIS\TRUNK\WINDOWS\GAME\GAME\DEBUG\ECREDITS.OBJ
E:\GEMSOFATLANTIS\TRUNK\WINDOWS\GAME\GAME\DEBUG\EHELP.OBJ
E:\GEMSOFATLANTIS\TRUNK\WINDOWS\GAME\GAME\DEBUG\EINGAME.OBJ
E:\GEMSOFATLANTIS\TRUNK\WINDOWS\GAME\GAME\DEBUG\EINTRO.OBJ
E:\GEMSOFATLANTIS\TRUNK\WINDOWS\GAME\GAME\DEBUG\ELANGUAGE.OBJ
E:\GEMSOFATLANTIS\TRUNK\WINDOWS\GAME\GAME\DEBUG\ELEVELMENU.OBJ
E:\GEMSOFATLANTIS\TRUNK\WINDOWS\GAME\GAME\DEBUG\EMAINMENU.OBJ
E:\GEMSOFATLANTIS\TRUNK\WINDOWS\GAME\GAME\DEBUG\EPOSTGAME.OBJ
E:\GEMSOFATLANTIS\TRUNK\WINDOWS\GAME\GAME\DEBUG\EPOSTTROOPHY.OBJ
E:\GEMSOFATLANTIS\TRUNK\WINDOWS\GAME\GAME\DEBUG\EPRELOAD.OBJ
E:\GEMSOFATLANTIS\TRUNK\WINDOWS\GAME\GAME\DEBUG\ESETTINGS.OBJ
E:\GEMSOFATLANTIS\TRUNK\WINDOWS\GAME\GAME\DEBUG\ETROOPHY.OBJ
E:\GEMSOFATLANTIS\TRUNK\WINDOWS\GAME\GAME\DEBUG\FXMANAGER.OBJ
E:\GEMSOFATLANTIS\TRUNK\WINDOWS\GAME\GAME\DEBUG\GAME.OBJ
E:\GemsOfAtlantis\trunk\windows\Game\Game\Debug\Game.vcxprojResolveAssemblyReference.cache
E:\GemsOfAtlantis\trunk\windows\Game\Game\Debug\Game.write.1.tlog
E:\GEMSOFATLANTIS\TRUNK\WINDOWS\GAME\GAME\DEBUG\GAMEOBJECT.OBJ
E:\GEMSOFATLANTIS\TRUNK\WINDOWS\GAME\GAME\DEBUG\GAMESETTINGS.OBJ
E:\GEMSOFATLANTIS\TRUNK\WINDOWS\GAME\GAME\DEBUG\HIGHSCORE.OBJ
E:\GemsOfAtlantis\trunk\windows\Game\Game\Debug\link.command.1.tlog
E:\GemsOfAtlantis\trunk\windows\Game\Game\Debug\link.read.1.tlog
E:\GemsOfAtlantis\trunk\windows\Game\Game\Debug\link.write.1.tlog
E:\GEMSOFATLANTIS\TRUNK\WINDOWS\GAME\GAME\DEBUG\MOBILEKEYBOARD.OBJ
E:\GEMSOFATLANTIS\TRUNK\WINDOWS\GAME\GAME\DEBUG\MOUSE.OBJ
E:\GEMSOFATLANTIS\TRUNK\WINDOWS\GAME\GAME\DEBUG\OGL.OBJ
E:\GEMSOFATLANTIS\TRUNK\WINDOWS\GAME\GAME\DEBUG\PARTICLE2D.OBJ
E:\GEMSOFATLANTIS\TRUNK\WINDOWS\GAME\GAME\DEBUG\PARTICLE2DMANAGER.OBJ
E:\GEMSOFATLANTIS\TRUNK\WINDOWS\GAME\GAME\DEBUG\POPUP.OBJ
E:\GEMSOFATLANTIS\TRUNK\WINDOWS\GAME\GAME\DEBUG\PROFILE.OBJ
E:\GemsOfAtlantis\trunk\windows\Game\Game\Debug\rc.command.1.tlog
E:\GemsOfAtlantis\trunk\windows\Game\Game\Debug\rc.read.1.tlog
E:\GemsOfAtlantis\trunk\windows\Game\Game\Debug\rc.write.1.tlog
E:\GEMSOFATLANTIS\TRUNK\WINDOWS\GAME\GAME\DEBUG\RESOURCE.RES
E:\GEMSOFATLANTIS\TRUNK\WINDOWS\GAME\GAME\DEBUG\SCREEN.OBJ
E:\GEMSOFATLANTIS\TRUNK\WINDOWS\GAME\GAME\DEBUG\SINTABLE.OBJ
E:\GEMSOFATLANTIS\TRUNK\WINDOWS\GAME\GAME\DEBUG\SPRITE.OBJ
E:\GEMSOFATLANTIS\TRUNK\WINDOWS\GAME\GAME\DEBUG\SPRITEFONT.OBJ
E:\GEMSOFATLANTIS\TRUNK\WINDOWS\GAME\GAME\DEBUG\SPRITEOBJECT.OBJ
E:\GEMSOFATLANTIS\TRUNK\WINDOWS\GAME\GAME\DEBUG\TWEEN.OBJ
E:\GEMSOFATLANTIS\TRUNK\WINDOWS\GAME\GAME\DEBUG\UNZIP.OBJ
E:\GemsOfAtlantis\trunk\windows\Game\Game\Debug\vc100.idb
E:\GEMSOFATLANTIS\TRUNK\WINDOWS\GAME\GAME\DEBUG\VC100.PDB
E:\GEMSOFATLANTIS\TRUNK\WINDOWS\GAME\GAME\DEBUG\ZIP.OBJ
