Build started 2016-09-24 22:28:12.
     1>Project "E:\GemsOfAtlantis\trunk\windows\Game\Game\Game.vcxproj" on node 2 (build target(s)).
     1>InitializeBuildStatus:
         Touching "Debug\Game.unsuccessfulbuild".
       ClCompile:
         C:\Program Files (x86)\Microsoft Visual Studio 10.0\VC\bin\CL.exe /c /I..\..\SDL\include /I..\..\SDL_image\include /I..\..\SDL_mixer\include /I"C:\Program Files (x86)\Visual Leak Detector\include" /ZI /nologo /W3 /WX- /Od /Oy- /D WIN32 /D _DEBUG /D _CONSOLE /D _MBCS /Gm- /EHsc /RTC1 /MDd /GS /fp:precise /Zc:wchar_t /Zc:forScope /Fo"Debug\\" /Fd"Debug\vc100.pdb" /Gd /TP /analyze- /errorReport:prompt Animation.cpp Bezier.cpp Button.cpp Checkbox.cpp CRSpline.cpp Datafile.cpp eCongratulations.cpp eCredits.cpp eHelp.cpp eIngame.cpp eIntro.cpp eLanguage.cpp eLevelMenu.cpp eMainMenu.cpp ePostGame.cpp ePostTroophy.cpp ePreload.cpp eSettings.cpp eTroophy.cpp FXManager.cpp Game.cpp GameObject.cpp GameSettings.cpp HighScore.cpp MobileKeyboard.cpp Mouse.cpp OGL.cpp Particle2D.cpp Particle2DManager.cpp Popup.cpp Profile.cpp Screen.cpp Sprite.cpp SpriteFont.cpp SpriteObject.cpp src\math\SinTable.cpp Tween.cpp Unzip.cpp Zip.cpp
         Animation.cpp
         Bezier.cpp
         Button.cpp
         Checkbox.cpp
         CRSpline.cpp
     1>e:\gemsofatlantis\trunk\windows\game\game\crspline.cpp(26): warning C4244: 'initializing' : conversion from 'double' to 'float', possible loss of data
     1>e:\gemsofatlantis\trunk\windows\game\game\crspline.cpp(27): warning C4244: 'initializing' : conversion from 'double' to 'float', possible loss of data
     1>e:\gemsofatlantis\trunk\windows\game\game\crspline.cpp(28): warning C4244: 'initializing' : conversion from 'double' to 'float', possible loss of data
     1>e:\gemsofatlantis\trunk\windows\game\game\crspline.cpp(29): warning C4244: 'initializing' : conversion from 'double' to 'float', possible loss of data
         Datafile.cpp
     1>e:\gemsofatlantis\trunk\windows\game\game\datafile.cpp(18): warning C4996: 'fopen': This function or variable may be unsafe. Consider using fopen_s instead. To disable deprecation, use _CRT_SECURE_NO_WARNINGS. See online help for details.
                 c:\program files (x86)\microsoft visual studio 10.0\vc\include\stdio.h(234) : see declaration of 'fopen'
     1>e:\gemsofatlantis\trunk\windows\game\game\datafile.cpp(26): warning C4996: 'fscanf': This function or variable may be unsafe. Consider using fscanf_s instead. To disable deprecation, use _CRT_SECURE_NO_WARNINGS. See online help for details.
                 c:\program files (x86)\microsoft visual studio 10.0\vc\include\stdio.h(253) : see declaration of 'fscanf'
     1>e:\gemsofatlantis\trunk\windows\game\game\datafile.cpp(49): warning C4996: 'fopen': This function or variable may be unsafe. Consider using fopen_s instead. To disable deprecation, use _CRT_SECURE_NO_WARNINGS. See online help for details.
                 c:\program files (x86)\microsoft visual studio 10.0\vc\include\stdio.h(234) : see declaration of 'fopen'
     1>e:\gemsofatlantis\trunk\windows\game\game\datafile.cpp(58): warning C4018: '<' : signed/unsigned mismatch
         eCongratulations.cpp
         eCredits.cpp
         eHelp.cpp
         eIngame.cpp
     1>e:\gemsofatlantis\trunk\windows\game\game\eingame.cpp(1334): warning C4244: 'argument' : conversion from 'int' to 'float', possible loss of data
     1>e:\gemsofatlantis\trunk\windows\game\game\eingame.cpp(1334): warning C4244: 'argument' : conversion from 'int' to 'float', possible loss of data
     1>e:\gemsofatlantis\trunk\windows\game\game\eingame.cpp(1338): warning C4244: 'argument' : conversion from 'int' to 'float', possible loss of data
     1>e:\gemsofatlantis\trunk\windows\game\game\eingame.cpp(1338): warning C4244: 'argument' : conversion from 'int' to 'float', possible loss of data
     1>e:\gemsofatlantis\trunk\windows\game\game\eingame.cpp(1347): warning C4244: 'argument' : conversion from 'int' to 'float', possible loss of data
     1>e:\gemsofatlantis\trunk\windows\game\game\eingame.cpp(1347): warning C4244: 'argument' : conversion from 'int' to 'float', possible loss of data
     1>e:\gemsofatlantis\trunk\windows\game\game\eingame.cpp(1348): warning C4244: 'argument' : conversion from 'float' to 'int', possible loss of data
     1>e:\gemsofatlantis\trunk\windows\game\game\eingame.cpp(1370): warning C4244: 'argument' : conversion from 'int' to 'float', possible loss of data
     1>e:\gemsofatlantis\trunk\windows\game\game\eingame.cpp(1370): warning C4244: 'argument' : conversion from 'int' to 'float', possible loss of data
     1>e:\gemsofatlantis\trunk\windows\game\game\eingame.cpp(1371): warning C4244: 'argument' : conversion from 'float' to 'int', possible loss of data
     1>e:\gemsofatlantis\trunk\windows\game\game\eingame.cpp(1453): warning C4806: '==' : unsafe operation: no value of type 'bool' promoted to type 'int' can equal the given constant
     1>e:\gemsofatlantis\trunk\windows\game\game\eingame.cpp(1480): warning C4244: '=' : conversion from 'int' to 'float', possible loss of data
     1>e:\gemsofatlantis\trunk\windows\game\game\eingame.cpp(1513): warning C4244: '=' : conversion from 'int' to 'float', possible loss of data
     1>e:\gemsofatlantis\trunk\windows\game\game\eingame.cpp(1566): warning C4244: 'argument' : conversion from 'float' to 'int', possible loss of data
     1>e:\gemsofatlantis\trunk\windows\game\game\eingame.cpp(1566): warning C4244: 'argument' : conversion from 'float' to 'int', possible loss of data
     1>e:\gemsofatlantis\trunk\windows\game\game\eingame.cpp(1571): warning C4244: 'argument' : conversion from 'float' to 'int', possible loss of data
     1>e:\gemsofatlantis\trunk\windows\game\game\eingame.cpp(1571): warning C4244: 'argument' : conversion from 'float' to 'int', possible loss of data
     1>e:\gemsofatlantis\trunk\windows\game\game\eingame.cpp(1576): warning C4244: 'argument' : conversion from 'float' to 'int', possible loss of data
     1>e:\gemsofatlantis\trunk\windows\game\game\eingame.cpp(1576): warning C4244: 'argument' : conversion from 'float' to 'int', possible loss of data
     1>e:\gemsofatlantis\trunk\windows\game\game\eingame.cpp(1581): warning C4244: 'argument' : conversion from 'float' to 'int', possible loss of data
     1>e:\gemsofatlantis\trunk\windows\game\game\eingame.cpp(1581): warning C4244: 'argument' : conversion from 'float' to 'int', possible loss of data
     1>e:\gemsofatlantis\trunk\windows\game\game\eingame.cpp(1598): warning C4244: 'argument' : conversion from 'float' to 'int', possible loss of data
     1>e:\gemsofatlantis\trunk\windows\game\game\eingame.cpp(1601): warning C4244: 'argument' : conversion from 'float' to 'int', possible loss of data
     1>e:\gemsofatlantis\trunk\windows\game\game\eingame.cpp(1604): warning C4244: 'argument' : conversion from 'float' to 'int', possible loss of data
     1>e:\gemsofatlantis\trunk\windows\game\game\eingame.cpp(1607): warning C4244: 'argument' : conversion from 'float' to 'int', possible loss of data
     1>e:\gemsofatlantis\trunk\windows\game\game\eingame.cpp(1649): warning C4244: '=' : conversion from 'float' to 'int', possible loss of data
     1>e:\gemsofatlantis\trunk\windows\game\game\eingame.cpp(1659): warning C4244: '=' : conversion from 'float' to 'int', possible loss of data
     1>e:\gemsofatlantis\trunk\windows\game\game\eingame.cpp(1665): warning C4244: '=' : conversion from 'float' to 'int', possible loss of data
     1>e:\gemsofatlantis\trunk\windows\game\game\eingame.cpp(1813): warning C4244: 'argument' : conversion from 'float' to 'int', possible loss of data
     1>e:\gemsofatlantis\trunk\windows\game\game\eingame.cpp(1814): warning C4244: 'argument' : conversion from 'float' to 'int', possible loss of data
     1>e:\gemsofatlantis\trunk\windows\game\game\eingame.cpp(1879): warning C4244: 'argument' : conversion from 'float' to 'int', possible loss of data
     1>e:\gemsofatlantis\trunk\windows\game\game\eingame.cpp(1907): warning C4244: 'argument' : conversion from 'float' to 'int', possible loss of data
     1>e:\gemsofatlantis\trunk\windows\game\game\eingame.cpp(1960): warning C4244: '=' : conversion from 'int' to 'float', possible loss of data
     1>e:\gemsofatlantis\trunk\windows\game\game\eingame.cpp(1966): warning C4244: '=' : conversion from 'int' to 'float', possible loss of data
     1>e:\gemsofatlantis\trunk\windows\game\game\eingame.cpp(1973): warning C4244: '=' : conversion from 'int' to 'float', possible loss of data
     1>e:\gemsofatlantis\trunk\windows\game\game\eingame.cpp(1979): warning C4244: '=' : conversion from 'int' to 'float', possible loss of data
     1>e:\gemsofatlantis\trunk\windows\game\game\eingame.cpp(2008): warning C4244: '=' : conversion from 'float' to 'int', possible loss of data
     1>e:\gemsofatlantis\trunk\windows\game\game\eingame.cpp(2033): warning C4244: '=' : conversion from 'float' to 'int', possible loss of data
     1>e:\gemsofatlantis\trunk\windows\game\game\eingame.cpp(2051): warning C4244: 'argument' : conversion from 'float' to 'int', possible loss of data
     1>e:\gemsofatlantis\trunk\windows\game\game\eingame.cpp(2051): warning C4244: 'argument' : conversion from 'float' to 'int', possible loss of data
     1>e:\gemsofatlantis\trunk\windows\game\game\eingame.cpp(2074): warning C4244: 'argument' : conversion from 'float' to 'int', possible loss of data
     1>e:\gemsofatlantis\trunk\windows\game\game\eingame.cpp(2117): warning C4244: 'argument' : conversion from 'int' to 'float', possible loss of data
     1>e:\gemsofatlantis\trunk\windows\game\game\eingame.cpp(2117): warning C4244: 'argument' : conversion from 'int' to 'float', possible loss of data
     1>e:\gemsofatlantis\trunk\windows\game\game\eingame.cpp(2171): warning C4244: 'argument' : conversion from 'int' to 'float', possible loss of data
     1>e:\gemsofatlantis\trunk\windows\game\game\eingame.cpp(2175): warning C4244: 'argument' : conversion from 'int' to 'float', possible loss of data
     1>e:\gemsofatlantis\trunk\windows\game\game\eingame.cpp(2179): warning C4244: 'argument' : conversion from 'int' to 'float', possible loss of data
     1>e:\gemsofatlantis\trunk\windows\game\game\eingame.cpp(2183): warning C4244: 'argument' : conversion from 'int' to 'float', possible loss of data
     1>e:\gemsofatlantis\trunk\windows\game\game\eingame.cpp(2224): warning C4018: '>' : signed/unsigned mismatch
         eIntro.cpp
         eLanguage.cpp
     1>e:\gemsofatlantis\trunk\windows\game\game\elanguage.cpp(35): warning C4244: '=' : conversion from 'int' to 'float', possible loss of data
     1>e:\gemsofatlantis\trunk\windows\game\game\elanguage.cpp(36): warning C4244: '=' : conversion from 'int' to 'float', possible loss of data
     1>e:\gemsofatlantis\trunk\windows\game\game\elanguage.cpp(41): warning C4244: 'argument' : conversion from 'float' to 'long', possible loss of data
     1>e:\gemsofatlantis\trunk\windows\game\game\elanguage.cpp(41): warning C4244: 'argument' : conversion from 'float' to 'long', possible loss of data
     1>e:\gemsofatlantis\trunk\windows\game\game\elanguage.cpp(42): warning C4244: 'argument' : conversion from 'float' to 'long', possible loss of data
     1>e:\gemsofatlantis\trunk\windows\game\game\elanguage.cpp(42): warning C4244: 'argument' : conversion from 'float' to 'long', possible loss of data
     1>e:\gemsofatlantis\trunk\windows\game\game\elanguage.cpp(42): warning C4244: 'argument' : conversion from 'float' to 'long', possible loss of data
     1>e:\gemsofatlantis\trunk\windows\game\game\elanguage.cpp(42): warning C4244: 'argument' : conversion from 'float' to 'long', possible loss of data
     1>e:\gemsofatlantis\trunk\windows\game\game\elanguage.cpp(45): warning C4244: 'argument' : conversion from 'float' to 'long', possible loss of data
     1>e:\gemsofatlantis\trunk\windows\game\game\elanguage.cpp(45): warning C4244: 'argument' : conversion from 'float' to 'long', possible loss of data
     1>e:\gemsofatlantis\trunk\windows\game\game\elanguage.cpp(46): warning C4244: 'argument' : conversion from 'float' to 'long', possible loss of data
     1>e:\gemsofatlantis\trunk\windows\game\game\elanguage.cpp(46): warning C4244: 'argument' : conversion from 'float' to 'long', possible loss of data
     1>e:\gemsofatlantis\trunk\windows\game\game\elanguage.cpp(46): warning C4244: 'argument' : conversion from 'float' to 'long', possible loss of data
     1>e:\gemsofatlantis\trunk\windows\game\game\elanguage.cpp(46): warning C4244: 'argument' : conversion from 'float' to 'long', possible loss of data
     1>e:\gemsofatlantis\trunk\windows\game\game\elanguage.cpp(49): warning C4244: 'argument' : conversion from 'float' to 'long', possible loss of data
     1>e:\gemsofatlantis\trunk\windows\game\game\elanguage.cpp(49): warning C4244: 'argument' : conversion from 'float' to 'long', possible loss of data
     1>e:\gemsofatlantis\trunk\windows\game\game\elanguage.cpp(50): warning C4244: 'argument' : conversion from 'float' to 'long', possible loss of data
     1>e:\gemsofatlantis\trunk\windows\game\game\elanguage.cpp(50): warning C4244: 'argument' : conversion from 'float' to 'long', possible loss of data
     1>e:\gemsofatlantis\trunk\windows\game\game\elanguage.cpp(50): warning C4244: 'argument' : conversion from 'float' to 'long', possible loss of data
     1>e:\gemsofatlantis\trunk\windows\game\game\elanguage.cpp(50): warning C4244: 'argument' : conversion from 'float' to 'long', possible loss of data
     1>e:\gemsofatlantis\trunk\windows\game\game\elanguage.cpp(53): warning C4244: 'argument' : conversion from 'float' to 'long', possible loss of data
     1>e:\gemsofatlantis\trunk\windows\game\game\elanguage.cpp(53): warning C4244: 'argument' : conversion from 'float' to 'long', possible loss of data
     1>e:\gemsofatlantis\trunk\windows\game\game\elanguage.cpp(54): warning C4244: 'argument' : conversion from 'float' to 'long', possible loss of data
     1>e:\gemsofatlantis\trunk\windows\game\game\elanguage.cpp(54): warning C4244: 'argument' : conversion from 'float' to 'long', possible loss of data
     1>e:\gemsofatlantis\trunk\windows\game\game\elanguage.cpp(54): warning C4244: 'argument' : conversion from 'float' to 'long', possible loss of data
     1>e:\gemsofatlantis\trunk\windows\game\game\elanguage.cpp(54): warning C4244: 'argument' : conversion from 'float' to 'long', possible loss of data
     1>e:\gemsofatlantis\trunk\windows\game\game\elanguage.cpp(57): warning C4244: 'argument' : conversion from 'float' to 'long', possible loss of data
     1>e:\gemsofatlantis\trunk\windows\game\game\elanguage.cpp(57): warning C4244: 'argument' : conversion from 'float' to 'long', possible loss of data
     1>e:\gemsofatlantis\trunk\windows\game\game\elanguage.cpp(58): warning C4244: 'argument' : conversion from 'float' to 'long', possible loss of data
     1>e:\gemsofatlantis\trunk\windows\game\game\elanguage.cpp(58): warning C4244: 'argument' : conversion from 'float' to 'long', possible loss of data
     1>e:\gemsofatlantis\trunk\windows\game\game\elanguage.cpp(58): warning C4244: 'argument' : conversion from 'float' to 'long', possible loss of data
     1>e:\gemsofatlantis\trunk\windows\game\game\elanguage.cpp(58): warning C4244: 'argument' : conversion from 'float' to 'long', possible loss of data
     1>e:\gemsofatlantis\trunk\windows\game\game\elanguage.cpp(63): warning C4244: 'argument' : conversion from 'float' to 'long', possible loss of data
     1>e:\gemsofatlantis\trunk\windows\game\game\elanguage.cpp(63): warning C4244: 'argument' : conversion from 'float' to 'long', possible loss of data
     1>e:\gemsofatlantis\trunk\windows\game\game\elanguage.cpp(64): warning C4244: 'argument' : conversion from 'float' to 'long', possible loss of data
     1>e:\gemsofatlantis\trunk\windows\game\game\elanguage.cpp(64): warning C4244: 'argument' : conversion from 'float' to 'long', possible loss of data
     1>e:\gemsofatlantis\trunk\windows\game\game\elanguage.cpp(64): warning C4244: 'argument' : conversion from 'float' to 'long', possible loss of data
     1>e:\gemsofatlantis\trunk\windows\game\game\elanguage.cpp(64): warning C4244: 'argument' : conversion from 'float' to 'long', possible loss of data
     1>e:\gemsofatlantis\trunk\windows\game\game\elanguage.cpp(67): warning C4244: 'argument' : conversion from 'float' to 'long', possible loss of data
     1>e:\gemsofatlantis\trunk\windows\game\game\elanguage.cpp(67): warning C4244: 'argument' : conversion from 'float' to 'long', possible loss of data
     1>e:\gemsofatlantis\trunk\windows\game\game\elanguage.cpp(68): warning C4244: 'argument' : conversion from 'float' to 'long', possible loss of data
     1>e:\gemsofatlantis\trunk\windows\game\game\elanguage.cpp(68): warning C4244: 'argument' : conversion from 'float' to 'long', possible loss of data
     1>e:\gemsofatlantis\trunk\windows\game\game\elanguage.cpp(68): warning C4244: 'argument' : conversion from 'float' to 'long', possible loss of data
     1>e:\gemsofatlantis\trunk\windows\game\game\elanguage.cpp(68): warning C4244: 'argument' : conversion from 'float' to 'long', possible loss of data
     1>e:\gemsofatlantis\trunk\windows\game\game\elanguage.cpp(71): warning C4244: 'argument' : conversion from 'float' to 'long', possible loss of data
     1>e:\gemsofatlantis\trunk\windows\game\game\elanguage.cpp(71): warning C4244: 'argument' : conversion from 'float' to 'long', possible loss of data
     1>e:\gemsofatlantis\trunk\windows\game\game\elanguage.cpp(72): warning C4244: 'argument' : conversion from 'float' to 'long', possible loss of data
     1>e:\gemsofatlantis\trunk\windows\game\game\elanguage.cpp(72): warning C4244: 'argument' : conversion from 'float' to 'long', possible loss of data
     1>e:\gemsofatlantis\trunk\windows\game\game\elanguage.cpp(72): warning C4244: 'argument' : conversion from 'float' to 'long', possible loss of data
     1>e:\gemsofatlantis\trunk\windows\game\game\elanguage.cpp(72): warning C4244: 'argument' : conversion from 'float' to 'long', possible loss of data
     1>e:\gemsofatlantis\trunk\windows\game\game\elanguage.cpp(75): warning C4244: 'argument' : conversion from 'float' to 'long', possible loss of data
     1>e:\gemsofatlantis\trunk\windows\game\game\elanguage.cpp(75): warning C4244: 'argument' : conversion from 'float' to 'long', possible loss of data
     1>e:\gemsofatlantis\trunk\windows\game\game\elanguage.cpp(76): warning C4244: 'argument' : conversion from 'float' to 'long', possible loss of data
     1>e:\gemsofatlantis\trunk\windows\game\game\elanguage.cpp(76): warning C4244: 'argument' : conversion from 'float' to 'long', possible loss of data
     1>e:\gemsofatlantis\trunk\windows\game\game\elanguage.cpp(76): warning C4244: 'argument' : conversion from 'float' to 'long', possible loss of data
     1>e:\gemsofatlantis\trunk\windows\game\game\elanguage.cpp(76): warning C4244: 'argument' : conversion from 'float' to 'long', possible loss of data
     1>e:\gemsofatlantis\trunk\windows\game\game\elanguage.cpp(79): warning C4244: 'argument' : conversion from 'float' to 'long', possible loss of data
     1>e:\gemsofatlantis\trunk\windows\game\game\elanguage.cpp(79): warning C4244: 'argument' : conversion from 'float' to 'long', possible loss of data
     1>e:\gemsofatlantis\trunk\windows\game\game\elanguage.cpp(80): warning C4244: 'argument' : conversion from 'float' to 'long', possible loss of data
     1>e:\gemsofatlantis\trunk\windows\game\game\elanguage.cpp(80): warning C4244: 'argument' : conversion from 'float' to 'long', possible loss of data
     1>e:\gemsofatlantis\trunk\windows\game\game\elanguage.cpp(80): warning C4244: 'argument' : conversion from 'float' to 'long', possible loss of data
     1>e:\gemsofatlantis\trunk\windows\game\game\elanguage.cpp(80): warning C4244: 'argument' : conversion from 'float' to 'long', possible loss of data
     1>e:\gemsofatlantis\trunk\windows\game\game\elanguage.cpp(85): warning C4244: 'argument' : conversion from 'float' to 'long', possible loss of data
     1>e:\gemsofatlantis\trunk\windows\game\game\elanguage.cpp(85): warning C4244: 'argument' : conversion from 'float' to 'long', possible loss of data
     1>e:\gemsofatlantis\trunk\windows\game\game\elanguage.cpp(86): warning C4244: 'argument' : conversion from 'float' to 'long', possible loss of data
     1>e:\gemsofatlantis\trunk\windows\game\game\elanguage.cpp(86): warning C4244: 'argument' : conversion from 'float' to 'long', possible loss of data
     1>e:\gemsofatlantis\trunk\windows\game\game\elanguage.cpp(86): warning C4244: 'argument' : conversion from 'float' to 'long', possible loss of data
     1>e:\gemsofatlantis\trunk\windows\game\game\elanguage.cpp(86): warning C4244: 'argument' : conversion from 'float' to 'long', possible loss of data
     1>e:\gemsofatlantis\trunk\windows\game\game\elanguage.cpp(89): warning C4244: 'argument' : conversion from 'float' to 'long', possible loss of data
     1>e:\gemsofatlantis\trunk\windows\game\game\elanguage.cpp(89): warning C4244: 'argument' : conversion from 'float' to 'long', possible loss of data
     1>e:\gemsofatlantis\trunk\windows\game\game\elanguage.cpp(90): warning C4244: 'argument' : conversion from 'float' to 'long', possible loss of data
     1>e:\gemsofatlantis\trunk\windows\game\game\elanguage.cpp(90): warning C4244: 'argument' : conversion from 'float' to 'long', possible loss of data
     1>e:\gemsofatlantis\trunk\windows\game\game\elanguage.cpp(90): warning C4244: 'argument' : conversion from 'float' to 'long', possible loss of data
     1>e:\gemsofatlantis\trunk\windows\game\game\elanguage.cpp(90): warning C4244: 'argument' : conversion from 'float' to 'long', possible loss of data
     1>e:\gemsofatlantis\trunk\windows\game\game\elanguage.cpp(93): warning C4244: 'argument' : conversion from 'float' to 'long', possible loss of data
     1>e:\gemsofatlantis\trunk\windows\game\game\elanguage.cpp(93): warning C4244: 'argument' : conversion from 'float' to 'long', possible loss of data
     1>e:\gemsofatlantis\trunk\windows\game\game\elanguage.cpp(94): warning C4244: 'argument' : conversion from 'float' to 'long', possible loss of data
     1>e:\gemsofatlantis\trunk\windows\game\game\elanguage.cpp(94): warning C4244: 'argument' : conversion from 'float' to 'long', possible loss of data
     1>e:\gemsofatlantis\trunk\windows\game\game\elanguage.cpp(94): warning C4244: 'argument' : conversion from 'float' to 'long', possible loss of data
     1>e:\gemsofatlantis\trunk\windows\game\game\elanguage.cpp(94): warning C4244: 'argument' : conversion from 'float' to 'long', possible loss of data
     1>e:\gemsofatlantis\trunk\windows\game\game\elanguage.cpp(97): warning C4244: 'argument' : conversion from 'float' to 'long', possible loss of data
     1>e:\gemsofatlantis\trunk\windows\game\game\elanguage.cpp(97): warning C4244: 'argument' : conversion from 'float' to 'long', possible loss of data
     1>e:\gemsofatlantis\trunk\windows\game\game\elanguage.cpp(98): warning C4244: 'argument' : conversion from 'float' to 'long', possible loss of data
     1>e:\gemsofatlantis\trunk\windows\game\game\elanguage.cpp(98): warning C4244: 'argument' : conversion from 'float' to 'long', possible loss of data
     1>e:\gemsofatlantis\trunk\windows\game\game\elanguage.cpp(98): warning C4244: 'argument' : conversion from 'float' to 'long', possible loss of data
     1>e:\gemsofatlantis\trunk\windows\game\game\elanguage.cpp(98): warning C4244: 'argument' : conversion from 'float' to 'long', possible loss of data
     1>e:\gemsofatlantis\trunk\windows\game\game\elanguage.cpp(101): warning C4244: 'argument' : conversion from 'float' to 'long', possible loss of data
     1>e:\gemsofatlantis\trunk\windows\game\game\elanguage.cpp(101): warning C4244: 'argument' : conversion from 'float' to 'long', possible loss of data
     1>e:\gemsofatlantis\trunk\windows\game\game\elanguage.cpp(102): warning C4244: 'argument' : conversion from 'float' to 'long', possible loss of data
     1>e:\gemsofatlantis\trunk\windows\game\game\elanguage.cpp(102): warning C4244: 'argument' : conversion from 'float' to 'long', possible loss of data
     1>e:\gemsofatlantis\trunk\windows\game\game\elanguage.cpp(102): warning C4244: 'argument' : conversion from 'float' to 'long', possible loss of data
     1>e:\gemsofatlantis\trunk\windows\game\game\elanguage.cpp(102): warning C4244: 'argument' : conversion from 'float' to 'long', possible loss of data
     1>e:\gemsofatlantis\trunk\windows\game\game\elanguage.cpp(107): warning C4244: 'argument' : conversion from 'float' to 'long', possible loss of data
     1>e:\gemsofatlantis\trunk\windows\game\game\elanguage.cpp(107): warning C4244: 'argument' : conversion from 'float' to 'long', possible loss of data
     1>e:\gemsofatlantis\trunk\windows\game\game\elanguage.cpp(108): warning C4244: 'argument' : conversion from 'float' to 'long', possible loss of data
     1>e:\gemsofatlantis\trunk\windows\game\game\elanguage.cpp(108): warning C4244: 'argument' : conversion from 'float' to 'long', possible loss of data
     1>e:\gemsofatlantis\trunk\windows\game\game\elanguage.cpp(108): warning C4244: 'argument' : conversion from 'float' to 'long', possible loss of data
     1>e:\gemsofatlantis\trunk\windows\game\game\elanguage.cpp(108): warning C4244: 'argument' : conversion from 'float' to 'long', possible loss of data
     1>e:\gemsofatlantis\trunk\windows\game\game\elanguage.cpp(111): warning C4244: 'argument' : conversion from 'float' to 'long', possible loss of data
     1>e:\gemsofatlantis\trunk\windows\game\game\elanguage.cpp(111): warning C4244: 'argument' : conversion from 'float' to 'long', possible loss of data
     1>e:\gemsofatlantis\trunk\windows\game\game\elanguage.cpp(112): warning C4244: 'argument' : conversion from 'float' to 'long', possible loss of data
     1>e:\gemsofatlantis\trunk\windows\game\game\elanguage.cpp(112): warning C4244: 'argument' : conversion from 'float' to 'long', possible loss of data
     1>e:\gemsofatlantis\trunk\windows\game\game\elanguage.cpp(112): warning C4244: 'argument' : conversion from 'float' to 'long', possible loss of data
     1>e:\gemsofatlantis\trunk\windows\game\game\elanguage.cpp(112): warning C4244: 'argument' : conversion from 'float' to 'long', possible loss of data
     1>e:\gemsofatlantis\trunk\windows\game\game\elanguage.cpp(115): warning C4244: 'argument' : conversion from 'float' to 'long', possible loss of data
     1>e:\gemsofatlantis\trunk\windows\game\game\elanguage.cpp(115): warning C4244: 'argument' : conversion from 'float' to 'long', possible loss of data
     1>e:\gemsofatlantis\trunk\windows\game\game\elanguage.cpp(116): warning C4244: 'argument' : conversion from 'float' to 'long', possible loss of data
     1>e:\gemsofatlantis\trunk\windows\game\game\elanguage.cpp(116): warning C4244: 'argument' : conversion from 'float' to 'long', possible loss of data
     1>e:\gemsofatlantis\trunk\windows\game\game\elanguage.cpp(116): warning C4244: 'argument' : conversion from 'float' to 'long', possible loss of data
     1>e:\gemsofatlantis\trunk\windows\game\game\elanguage.cpp(116): warning C4244: 'argument' : conversion from 'float' to 'long', possible loss of data
     1>e:\gemsofatlantis\trunk\windows\game\game\elanguage.cpp(119): warning C4244: 'argument' : conversion from 'float' to 'long', possible loss of data
     1>e:\gemsofatlantis\trunk\windows\game\game\elanguage.cpp(119): warning C4244: 'argument' : conversion from 'float' to 'long', possible loss of data
     1>e:\gemsofatlantis\trunk\windows\game\game\elanguage.cpp(120): warning C4244: 'argument' : conversion from 'float' to 'long', possible loss of data
     1>e:\gemsofatlantis\trunk\windows\game\game\elanguage.cpp(120): warning C4244: 'argument' : conversion from 'float' to 'long', possible loss of data
     1>e:\gemsofatlantis\trunk\windows\game\game\elanguage.cpp(120): warning C4244: 'argument' : conversion from 'float' to 'long', possible loss of data
     1>e:\gemsofatlantis\trunk\windows\game\game\elanguage.cpp(120): warning C4244: 'argument' : conversion from 'float' to 'long', possible loss of data
     1>e:\gemsofatlantis\trunk\windows\game\game\elanguage.cpp(123): warning C4244: 'argument' : conversion from 'float' to 'long', possible loss of data
     1>e:\gemsofatlantis\trunk\windows\game\game\elanguage.cpp(123): warning C4244: 'argument' : conversion from 'float' to 'long', possible loss of data
     1>e:\gemsofatlantis\trunk\windows\game\game\elanguage.cpp(124): warning C4244: 'argument' : conversion from 'float' to 'long', possible loss of data
     1>e:\gemsofatlantis\trunk\windows\game\game\elanguage.cpp(124): warning C4244: 'argument' : conversion from 'float' to 'long', possible loss of data
     1>e:\gemsofatlantis\trunk\windows\game\game\elanguage.cpp(124): warning C4244: 'argument' : conversion from 'float' to 'long', possible loss of data
     1>e:\gemsofatlantis\trunk\windows\game\game\elanguage.cpp(124): warning C4244: 'argument' : conversion from 'float' to 'long', possible loss of data
         eLevelMenu.cpp
     1>e:\gemsofatlantis\trunk\windows\game\game\elevelmenu.cpp(96): warning C4018: '<=' : signed/unsigned mismatch
         eMainMenu.cpp
     1>e:\gemsofatlantis\trunk\windows\game\game\emainmenu.cpp(490): warning C4244: 'argument' : conversion from 'double' to 'float', possible loss of data
     1>e:\gemsofatlantis\trunk\windows\game\game\emainmenu.cpp(558): warning C4244: 'argument' : conversion from 'int' to 'float', possible loss of data
     1>e:\gemsofatlantis\trunk\windows\game\game\emainmenu.cpp(562): warning C4244: 'argument' : conversion from 'int' to 'float', possible loss of data
     1>e:\gemsofatlantis\trunk\windows\game\game\emainmenu.cpp(566): warning C4244: 'argument' : conversion from 'int' to 'float', possible loss of data
     1>e:\gemsofatlantis\trunk\windows\game\game\emainmenu.cpp(570): warning C4244: 'argument' : conversion from 'int' to 'float', possible loss of data
         ePostGame.cpp
     1>e:\gemsofatlantis\trunk\windows\game\game\epostgame.cpp(175): warning C4244: 'argument' : conversion from 'int' to 'float', possible loss of data
     1>e:\gemsofatlantis\trunk\windows\game\game\epostgame.cpp(175): warning C4244: 'argument' : conversion from 'int' to 'float', possible loss of data
     1>e:\gemsofatlantis\trunk\windows\game\game\epostgame.cpp(185): warning C4244: 'argument' : conversion from 'int' to 'float', possible loss of data
     1>e:\gemsofatlantis\trunk\windows\game\game\epostgame.cpp(185): warning C4244: 'argument' : conversion from 'int' to 'float', possible loss of data
     1>e:\gemsofatlantis\trunk\windows\game\game\epostgame.cpp(193): warning C4244: 'argument' : conversion from 'int' to 'float', possible loss of data
     1>e:\gemsofatlantis\trunk\windows\game\game\epostgame.cpp(193): warning C4244: 'argument' : conversion from 'int' to 'float', possible loss of data
     1>e:\gemsofatlantis\trunk\windows\game\game\epostgame.cpp(196): warning C4244: 'argument' : conversion from 'int' to 'float', possible loss of data
     1>e:\gemsofatlantis\trunk\windows\game\game\epostgame.cpp(196): warning C4244: 'argument' : conversion from 'int' to 'float', possible loss of data
     1>e:\gemsofatlantis\trunk\windows\game\game\epostgame.cpp(203): warning C4244: 'argument' : conversion from 'int' to 'float', possible loss of data
     1>e:\gemsofatlantis\trunk\windows\game\game\epostgame.cpp(211): warning C4244: 'argument' : conversion from 'int' to 'float', possible loss of data
     1>e:\gemsofatlantis\trunk\windows\game\game\epostgame.cpp(211): warning C4244: 'argument' : conversion from 'int' to 'float', possible loss of data
     1>e:\gemsofatlantis\trunk\windows\game\game\epostgame.cpp(245): warning C4244: 'argument' : conversion from 'float' to 'int', possible loss of data
     1>e:\gemsofatlantis\trunk\windows\game\game\epostgame.cpp(247): warning C4244: 'argument' : conversion from 'float' to 'int', possible loss of data
         ePostTroophy.cpp
     1>e:\gemsofatlantis\trunk\windows\game\game\eposttroophy.cpp(56): warning C4996: 'sprintf': This function or variable may be unsafe. Consider using sprintf_s instead. To disable deprecation, use _CRT_SECURE_NO_WARNINGS. See online help for details.
                 c:\program files (x86)\microsoft visual studio 10.0\vc\include\stdio.h(371) : see declaration of 'sprintf'
     1>e:\gemsofatlantis\trunk\windows\game\game\eposttroophy.cpp(166): warning C4244: 'argument' : conversion from 'int' to 'float', possible loss of data
     1>e:\gemsofatlantis\trunk\windows\game\game\eposttroophy.cpp(166): warning C4244: 'argument' : conversion from 'int' to 'float', possible loss of data
     1>e:\gemsofatlantis\trunk\windows\game\game\eposttroophy.cpp(181): warning C4244: 'argument' : conversion from 'unsigned long' to 'float', possible loss of data
     1>e:\gemsofatlantis\trunk\windows\game\game\eposttroophy.cpp(184): warning C4244: 'argument' : conversion from 'unsigned long' to 'float', possible loss of data
     1>e:\gemsofatlantis\trunk\windows\game\game\eposttroophy.cpp(187): warning C4244: 'argument' : conversion from 'int' to 'float', possible loss of data
     1>e:\gemsofatlantis\trunk\windows\game\game\eposttroophy.cpp(187): warning C4244: 'argument' : conversion from 'int' to 'float', possible loss of data
         ePreload.cpp
         eSettings.cpp
         eTroophy.cpp
     1>e:\gemsofatlantis\trunk\windows\game\game\etroophy.cpp(53): warning C4800: 'unsigned char' : forcing value to bool 'true' or 'false' (performance warning)
         FXManager.cpp
     1>e:\gemsofatlantis\trunk\windows\game\game\fxmanager.cpp(30): warning C4018: '<' : signed/unsigned mismatch
     1>e:\gemsofatlantis\trunk\windows\game\game\fxmanager.cpp(240): warning C4018: '<' : signed/unsigned mismatch
     1>e:\gemsofatlantis\trunk\windows\game\game\fxmanager.cpp(262): warning C4018: '<' : signed/unsigned mismatch
         Generating Code...
         Compiling...
         Game.cpp
     1>e:\gemsofatlantis\trunk\windows\game\game\game.cpp(126): warning C4244: 'return' : conversion from 'DWORDLONG' to 'size_t', possible loss of data
         GameObject.cpp
         GameSettings.cpp
     1>e:\gemsofatlantis\trunk\windows\game\game\gamesettings.cpp(61): warning C4800: 'char' : forcing value to bool 'true' or 'false' (performance warning)
     1>e:\gemsofatlantis\trunk\windows\game\game\gamesettings.cpp(66): warning C4800: 'char' : forcing value to bool 'true' or 'false' (performance warning)
     1>e:\gemsofatlantis\trunk\windows\game\game\gamesettings.cpp(71): warning C4800: 'char' : forcing value to bool 'true' or 'false' (performance warning)
         HighScore.cpp
         MobileKeyboard.cpp
         Mouse.cpp
         OGL.cpp
         Particle2D.cpp
         Particle2DManager.cpp
     1>e:\gemsofatlantis\trunk\windows\game\game\particle2dmanager.cpp(293): warning C4244: 'argument' : conversion from 'double' to 'float', possible loss of data
         Popup.cpp
         Profile.cpp
     1>e:\gemsofatlantis\trunk\windows\game\game\profile.cpp(7): warning C4996: 'strcpy': This function or variable may be unsafe. Consider using strcpy_s instead. To disable deprecation, use _CRT_SECURE_NO_WARNINGS. See online help for details.
                 c:\program files (x86)\microsoft visual studio 10.0\vc\include\string.h(105) : see declaration of 'strcpy'
     1>e:\gemsofatlantis\trunk\windows\game\game\profile.cpp(16): warning C4996: 'sprintf': This function or variable may be unsafe. Consider using sprintf_s instead. To disable deprecation, use _CRT_SECURE_NO_WARNINGS. See online help for details.
                 c:\program files (x86)\microsoft visual studio 10.0\vc\include\stdio.h(371) : see declaration of 'sprintf'
     1>e:\gemsofatlantis\trunk\windows\game\game\profile.cpp(29): warning C4996: 'strcpy': This function or variable may be unsafe. Consider using strcpy_s instead. To disable deprecation, use _CRT_SECURE_NO_WARNINGS. See online help for details.
                 c:\program files (x86)\microsoft visual studio 10.0\vc\include\string.h(105) : see declaration of 'strcpy'
     1>e:\gemsofatlantis\trunk\windows\game\game\profile.cpp(277): warning C4996: 'fopen': This function or variable may be unsafe. Consider using fopen_s instead. To disable deprecation, use _CRT_SECURE_NO_WARNINGS. See online help for details.
                 c:\program files (x86)\microsoft visual studio 10.0\vc\include\stdio.h(234) : see declaration of 'fopen'
     1>e:\gemsofatlantis\trunk\windows\game\game\profile.cpp(305): warning C4996: 'fopen': This function or variable may be unsafe. Consider using fopen_s instead. To disable deprecation, use _CRT_SECURE_NO_WARNINGS. See online help for details.
                 c:\program files (x86)\microsoft visual studio 10.0\vc\include\stdio.h(234) : see declaration of 'fopen'
     1>e:\gemsofatlantis\trunk\windows\game\game\profile.cpp(311): warning C4996: 'fscanf': This function or variable may be unsafe. Consider using fscanf_s instead. To disable deprecation, use _CRT_SECURE_NO_WARNINGS. See online help for details.
                 c:\program files (x86)\microsoft visual studio 10.0\vc\include\stdio.h(253) : see declaration of 'fscanf'
     1>e:\gemsofatlantis\trunk\windows\game\game\profile.cpp(315): warning C4996: 'fscanf': This function or variable may be unsafe. Consider using fscanf_s instead. To disable deprecation, use _CRT_SECURE_NO_WARNINGS. See online help for details.
                 c:\program files (x86)\microsoft visual studio 10.0\vc\include\stdio.h(253) : see declaration of 'fscanf'
     1>e:\gemsofatlantis\trunk\windows\game\game\profile.cpp(318): warning C4996: 'fscanf': This function or variable may be unsafe. Consider using fscanf_s instead. To disable deprecation, use _CRT_SECURE_NO_WARNINGS. See online help for details.
                 c:\program files (x86)\microsoft visual studio 10.0\vc\include\stdio.h(253) : see declaration of 'fscanf'
         Screen.cpp
     1>e:\gemsofatlantis\trunk\windows\game\game\screen.cpp(128): warning C4018: '<' : signed/unsigned mismatch
     1>e:\gemsofatlantis\trunk\windows\game\game\screen.cpp(314): warning C4018: '<' : signed/unsigned mismatch
     1>e:\gemsofatlantis\trunk\windows\game\game\screen.cpp(323): warning C4018: '<' : signed/unsigned mismatch
     1>e:\gemsofatlantis\trunk\windows\game\game\screen.cpp(332): warning C4018: '<' : signed/unsigned mismatch
     1>e:\gemsofatlantis\trunk\windows\game\game\screen.cpp(341): warning C4018: '<' : signed/unsigned mismatch
     1>e:\gemsofatlantis\trunk\windows\game\game\screen.cpp(350): warning C4018: '<' : signed/unsigned mismatch
     1>e:\gemsofatlantis\trunk\windows\game\game\screen.cpp(359): warning C4018: '<' : signed/unsigned mismatch
     1>e:\gemsofatlantis\trunk\windows\game\game\screen.cpp(368): warning C4018: '<' : signed/unsigned mismatch
     1>e:\gemsofatlantis\trunk\windows\game\game\screen.cpp(377): warning C4018: '<' : signed/unsigned mismatch
     1>e:\gemsofatlantis\trunk\windows\game\game\screen.cpp(386): warning C4018: '<' : signed/unsigned mismatch
     1>e:\gemsofatlantis\trunk\windows\game\game\screen.cpp(395): warning C4018: '<' : signed/unsigned mismatch
     1>e:\gemsofatlantis\trunk\windows\game\game\screen.cpp(404): warning C4018: '<' : signed/unsigned mismatch
     1>e:\gemsofatlantis\trunk\windows\game\game\screen.cpp(413): warning C4018: '<' : signed/unsigned mismatch
     1>e:\gemsofatlantis\trunk\windows\game\game\screen.cpp(422): warning C4018: '<' : signed/unsigned mismatch
     1>e:\gemsofatlantis\trunk\windows\game\game\screen.cpp(431): warning C4018: '<' : signed/unsigned mismatch
     1>e:\gemsofatlantis\trunk\windows\game\game\screen.cpp(440): warning C4018: '<' : signed/unsigned mismatch
         Sprite.cpp
     1>e:\gemsofatlantis\trunk\windows\game\game\sprite.cpp(474): warning C4244: 'argument' : conversion from 'int' to 'float', possible loss of data
     1>e:\gemsofatlantis\trunk\windows\game\game\sprite.cpp(474): warning C4244: 'argument' : conversion from 'int' to 'float', possible loss of data
         SpriteFont.cpp
     1>e:\gemsofatlantis\trunk\windows\game\game\spritefont.cpp(63): warning C4018: '<' : signed/unsigned mismatch
     1>e:\gemsofatlantis\trunk\windows\game\game\spritefont.cpp(343): warning C4018: '<' : signed/unsigned mismatch
         SpriteObject.cpp
         SinTable.cpp
     1>e:\gemsofatlantis\trunk\windows\game\game\src\math\sintable.cpp(14): warning C4244: 'initializing' : conversion from 'float' to 'int', possible loss of data
     1>e:\gemsofatlantis\trunk\windows\game\game\src\math\sintable.cpp(14): warning C4244: '+=' : conversion from 'float' to 'int', possible loss of data
     1>e:\gemsofatlantis\trunk\windows\game\game\src\math\sintable.cpp(20): warning C4305: '=' : truncation from 'double' to 'float'
     1>e:\gemsofatlantis\trunk\windows\game\game\src\math\sintable.cpp(22): warning C4244: 'initializing' : conversion from 'double' to 'int', possible loss of data
     1>e:\gemsofatlantis\trunk\windows\game\game\src\math\sintable.cpp(22): warning C4244: '+=' : conversion from 'float' to 'int', possible loss of data
         Tween.cpp
     1>e:\gemsofatlantis\trunk\windows\game\game\tween.cpp(95): warning C4244: '=' : conversion from 'double' to 'float', possible loss of data
     1>e:\gemsofatlantis\trunk\windows\game\game\tween.cpp(100): warning C4244: '=' : conversion from 'double' to 'float', possible loss of data
     1>e:\gemsofatlantis\trunk\windows\game\game\tween.cpp(105): warning C4244: '=' : conversion from 'double' to 'float', possible loss of data
     1>e:\gemsofatlantis\trunk\windows\game\game\tween.cpp(109): warning C4244: '=' : conversion from 'double' to 'float', possible loss of data
     1>e:\gemsofatlantis\trunk\windows\game\game\tween.cpp(128): warning C4244: '=' : conversion from 'double' to 'float', possible loss of data
     1>e:\gemsofatlantis\trunk\windows\game\game\tween.cpp(133): warning C4244: '=' : conversion from 'double' to 'float', possible loss of data
     1>e:\gemsofatlantis\trunk\windows\game\game\tween.cpp(138): warning C4244: '=' : conversion from 'double' to 'float', possible loss of data
     1>e:\gemsofatlantis\trunk\windows\game\game\tween.cpp(142): warning C4244: '=' : conversion from 'double' to 'float', possible loss of data
     1>e:\gemsofatlantis\trunk\windows\game\game\tween.cpp(195): warning C4305: 'initializing' : truncation from 'double' to 'const float'
     1>e:\gemsofatlantis\trunk\windows\game\game\tween.cpp(197): warning C4305: 'initializing' : truncation from 'double' to 'const float'
     1>e:\gemsofatlantis\trunk\windows\game\game\tween.cpp(206): warning C4305: 'initializing' : truncation from 'double' to 'const float'
     1>e:\gemsofatlantis\trunk\windows\game\game\tween.cpp(208): warning C4305: 'initializing' : truncation from 'double' to 'const float'
     1>e:\gemsofatlantis\trunk\windows\game\game\tween.cpp(322): warning C4305: 'initializing' : truncation from 'double' to 'const float'
     1>e:\gemsofatlantis\trunk\windows\game\game\tween.cpp(329): warning C4305: 'initializing' : truncation from 'double' to 'const float'
         Unzip.cpp
     1>e:\gemsofatlantis\trunk\windows\game\game\unzip.cpp(3692): warning C4996: 'strcpy': This function or variable may be unsafe. Consider using strcpy_s instead. To disable deprecation, use _CRT_SECURE_NO_WARNINGS. See online help for details.
                 c:\program files (x86)\microsoft visual studio 10.0\vc\include\string.h(105) : see declaration of 'strcpy'
     1>e:\gemsofatlantis\trunk\windows\game\game\unzip.cpp(3718): warning C4996: 'strcat': This function or variable may be unsafe. Consider using strcat_s instead. To disable deprecation, use _CRT_SECURE_NO_WARNINGS. See online help for details.
                 c:\program files (x86)\microsoft visual studio 10.0\vc\include\string.h(110) : see declaration of 'strcat'
     1>e:\gemsofatlantis\trunk\windows\game\game\unzip.cpp(3734): warning C4996: 'strcpy': This function or variable may be unsafe. Consider using strcpy_s instead. To disable deprecation, use _CRT_SECURE_NO_WARNINGS. See online help for details.
                 c:\program files (x86)\microsoft visual studio 10.0\vc\include\string.h(105) : see declaration of 'strcpy'
     1>e:\gemsofatlantis\trunk\windows\game\game\unzip.cpp(3736): warning C4996: 'strcat': This function or variable may be unsafe. Consider using strcat_s instead. To disable deprecation, use _CRT_SECURE_NO_WARNINGS. See online help for details.
                 c:\program files (x86)\microsoft visual studio 10.0\vc\include\string.h(110) : see declaration of 'strcat'
     1>e:\gemsofatlantis\trunk\windows\game\game\unzip.cpp(3773): warning C4996: 'strcpy': This function or variable may be unsafe. Consider using strcpy_s instead. To disable deprecation, use _CRT_SECURE_NO_WARNINGS. See online help for details.
                 c:\program files (x86)\microsoft visual studio 10.0\vc\include\string.h(105) : see declaration of 'strcpy'
     1>e:\gemsofatlantis\trunk\windows\game\game\unzip.cpp(3793): warning C4996: 'strcpy': This function or variable may be unsafe. Consider using strcpy_s instead. To disable deprecation, use _CRT_SECURE_NO_WARNINGS. See online help for details.
                 c:\program files (x86)\microsoft visual studio 10.0\vc\include\string.h(105) : see declaration of 'strcpy'
     1>e:\gemsofatlantis\trunk\windows\game\game\unzip.cpp(3868): warning C4996: 'strcpy': This function or variable may be unsafe. Consider using strcpy_s instead. To disable deprecation, use _CRT_SECURE_NO_WARNINGS. See online help for details.
                 c:\program files (x86)\microsoft visual studio 10.0\vc\include\string.h(105) : see declaration of 'strcpy'
     1>e:\gemsofatlantis\trunk\windows\game\game\unzip.cpp(3898): warning C4996: 'strcpy': This function or variable may be unsafe. Consider using strcpy_s instead. To disable deprecation, use _CRT_SECURE_NO_WARNINGS. See online help for details.
                 c:\program files (x86)\microsoft visual studio 10.0\vc\include\string.h(105) : see declaration of 'strcpy'
     1>e:\gemsofatlantis\trunk\windows\game\game\unzip.cpp(3949): warning C4996: 'strcpy': This function or variable may be unsafe. Consider using strcpy_s instead. To disable deprecation, use _CRT_SECURE_NO_WARNINGS. See online help for details.
                 c:\program files (x86)\microsoft visual studio 10.0\vc\include\string.h(105) : see declaration of 'strcpy'
     1>e:\gemsofatlantis\trunk\windows\game\game\unzip.cpp(4020): warning C4996: '_tcsncpy': This function or variable may be unsafe. Consider using _tcsncpy_s instead. To disable deprecation, use _CRT_SECURE_NO_WARNINGS. See online help for details.
                 c:\program files (x86)\microsoft visual studio 10.0\vc\include\tchar.h(1516) : see declaration of '_tcsncpy'
         Zip.cpp
     1>e:\gemsofatlantis\trunk\windows\game\game\zip.cpp(2221): warning C4996: 'strcpy': This function or variable may be unsafe. Consider using strcpy_s instead. To disable deprecation, use _CRT_SECURE_NO_WARNINGS. See online help for details.
                 c:\program files (x86)\microsoft visual studio 10.0\vc\include\string.h(105) : see declaration of 'strcpy'
     1>e:\gemsofatlantis\trunk\windows\game\game\zip.cpp(2554): warning C4996: 'strcpy': This function or variable may be unsafe. Consider using strcpy_s instead. To disable deprecation, use _CRT_SECURE_NO_WARNINGS. See online help for details.
                 c:\program files (x86)\microsoft visual studio 10.0\vc\include\string.h(105) : see declaration of 'strcpy'
     1>e:\gemsofatlantis\trunk\windows\game\game\zip.cpp(2575): warning C4996: 'strcpy': This function or variable may be unsafe. Consider using strcpy_s instead. To disable deprecation, use _CRT_SECURE_NO_WARNINGS. See online help for details.
                 c:\program files (x86)\microsoft visual studio 10.0\vc\include\string.h(105) : see declaration of 'strcpy'
     1>e:\gemsofatlantis\trunk\windows\game\game\zip.cpp(2579): warning C4996: 'strcpy': This function or variable may be unsafe. Consider using strcpy_s instead. To disable deprecation, use _CRT_SECURE_NO_WARNINGS. See online help for details.
                 c:\program files (x86)\microsoft visual studio 10.0\vc\include\string.h(105) : see declaration of 'strcpy'
     1>e:\gemsofatlantis\trunk\windows\game\game\zip.cpp(2582): warning C4996: 'strcat': This function or variable may be unsafe. Consider using strcat_s instead. To disable deprecation, use _CRT_SECURE_NO_WARNINGS. See online help for details.
                 c:\program files (x86)\microsoft visual studio 10.0\vc\include\string.h(110) : see declaration of 'strcat'
     1>e:\gemsofatlantis\trunk\windows\game\game\zip.cpp(2583): warning C4996: 'strcpy': This function or variable may be unsafe. Consider using strcpy_s instead. To disable deprecation, use _CRT_SECURE_NO_WARNINGS. See online help for details.
                 c:\program files (x86)\microsoft visual studio 10.0\vc\include\string.h(105) : see declaration of 'strcpy'
     1>e:\gemsofatlantis\trunk\windows\game\game\zip.cpp(2758): warning C4996: 'strncpy': This function or variable may be unsafe. Consider using strncpy_s instead. To disable deprecation, use _CRT_SECURE_NO_WARNINGS. See online help for details.
                 c:\program files (x86)\microsoft visual studio 10.0\vc\include\string.h(188) : see declaration of 'strncpy'
         Generating Code...
       ResourceCompile:
         C:\Program Files (x86)\Microsoft SDKs\Windows\v7.0A\bin\rc.exe /l"0x0409" /nologo /fo"Debug\resource.res" resource.rc 
       Link:
         C:\Program Files (x86)\Microsoft Visual Studio 10.0\VC\bin\link.exe /ERRORREPORT:PROMPT /OUT:"E:\GemsOfAtlantis\trunk\windows\Game\Debug\Game.exe" /INCREMENTAL:NO /NOLOGO /LIBPATH:..\..\SDL\lib\x86 /LIBPATH:..\..\SDL_image\lib\x86 /LIBPATH:..\..\SDL_mixer\lib\x86 /LIBPATH:"C:\Program Files (x86)\Visual Leak Detector\lib\Win32" opengl32.lib SDL.lib SDLmain.lib SDL_image.lib SDL_mixer.lib vld.lib kernel32.lib user32.lib gdi32.lib winspool.lib comdlg32.lib advapi32.lib shell32.lib ole32.lib oleaut32.lib uuid.lib odbc32.lib odbccp32.lib /NODEFAULTLIB:msvcrt.lib /MANIFEST:NO /DEBUG /PDB:"E:\GemsOfAtlantis\trunk\windows\Game\Debug\Game.pdb" /SUBSYSTEM:CONSOLE /TLBID:1 /DYNAMICBASE /NXCOMPAT /IMPLIB:"E:\GemsOfAtlantis\trunk\windows\Game\Debug\Game.lib" /MACHINE:X86 /PROFILE Debug\resource.res
         Debug\Animation.obj
         Debug\Bezier.obj
         Debug\Button.obj
         Debug\Checkbox.obj
         Debug\CRSpline.obj
         Debug\Datafile.obj
         Debug\eCongratulations.obj
         Debug\eCredits.obj
         Debug\eHelp.obj
         Debug\eIngame.obj
         Debug\eIntro.obj
         Debug\eLanguage.obj
         Debug\eLevelMenu.obj
         Debug\eMainMenu.obj
         Debug\ePostGame.obj
         Debug\ePostTroophy.obj
         Debug\ePreload.obj
         Debug\eSettings.obj
         Debug\eTroophy.obj
         Debug\FXManager.obj
         Debug\Game.obj
         Debug\GameObject.obj
         Debug\GameSettings.obj
         Debug\HighScore.obj
         Debug\MobileKeyboard.obj
         Debug\Mouse.obj
         Debug\OGL.obj
         Debug\Particle2D.obj
         Debug\Particle2DManager.obj
         Debug\Popup.obj
         Debug\Profile.obj
         Debug\Screen.obj
         Debug\Sprite.obj
         Debug\SpriteFont.obj
         Debug\SpriteObject.obj
         Debug\SinTable.obj
         Debug\Tween.obj
         Debug\Unzip.obj
         Debug\Zip.obj
     1>Animation.obj : warning LNK4075: ignoring '/EDITANDCONTINUE' due to '/OPT:REF' specification
         Game.vcxproj -> E:\GemsOfAtlantis\trunk\windows\Game\Debug\Game.exe
       FinalizeBuildStatus:
         Deleting file "Debug\Game.unsuccessfulbuild".
         Touching "Debug\Game.lastbuildstate".
     1>Done Building Project "E:\GemsOfAtlantis\trunk\windows\Game\Game\Game.vcxproj" (build target(s)).

Build succeeded.

Time Elapsed 00:00:16.22
