Project file contains ToolsVersion="12.0". This toolset may be unknown or missing, in which case you may be able to resolve this by installing the appropriate version of MSBuild, or the build may have been forced to a particular ToolsVersion for policy reasons. Treating the project as if it had ToolsVersion="4.0". For more information, please see http://go.microsoft.com/fwlink/?LinkId=291333.
  Clamp.cpp
  Generating Code...
  Compiling...
  Congratulations.cpp
  Generating Code...
  Compiling...
  SpriteFont.cpp
  Mouse.cpp
  MobileKeyboard.cpp
  Checkbox.cpp
  Button.cpp
  HighScore.cpp
  GameSettings.cpp
  Datafile.cpp
  Sprite.cpp
  Screen.cpp
  Popup.cpp
  Particle2DManager.cpp
  Particle2D.cpp
  FontTTF.cpp
  FXManager.cpp
  Animation.cpp
  GameObject.cpp
  Ingame.cpp
  Game.cpp
  Generating Code...
camera.obj : warning LNK4075: ignoring '/EDITANDCONTINUE' due to '/OPT:LBR' specification
  Game.vcxproj -> C:\Projects\testSDL\Game\Debug\Game.exe
