Build started 2014-11-27 23:45:25.
     1>Project "y:\Gems Of Atlantis.current\windows\Game\Game\Game.vcxproj" on node 2 (build target(s)).
     1>InitializeBuildStatus:
         Creating "Release\Game.unsuccessfulbuild" because "AlwaysCreate" was specified.
       ClCompile:
         C:\Program Files (x86)\Microsoft Visual Studio 10.0\VC\bin\CL.exe /c /IC:\iProjects\GemsOfAtlantis\windows\SDL\include /IC:\iProjects\GemsOfAtlantis\windows\SDL_image\include /IC:\iProjects\GemsOfAtlantis\windows\SDL_mixer\include /Zi /nologo /W3 /WX- /Ox /Oi /Ot /Oy- /GL /D WIN32 /D NDEBUG /D _CONSOLE /D _MBCS /Gm- /EHsc /MD /GS /Gy /fp:precise /Zc:wchar_t /Zc:forScope /Fo"Release\\" /Fd"Release\vc100.pdb" /Gd /TP /analyze- /errorReport:prompt Animation.cpp Bezier.cpp Button.cpp Checkbox.cpp CRSpline.cpp Datafile.cpp eCongratulations.cpp eCredits.cpp eHelp.cpp eIngame.cpp eIntro.cpp eLanguage.cpp eLevelMenu.cpp eMainMenu.cpp ePostGame.cpp ePostTroophy.cpp ePreload.cpp eSettings.cpp eTroophy.cpp FXManager.cpp Game.cpp GameObject.cpp GameSettings.cpp HighScore.cpp MobileKeyboard.cpp Mouse.cpp OGL.cpp Particle2D.cpp Particle2DManager.cpp Popup.cpp Profile.cpp Screen.cpp SpriteFont.cpp SpriteObject.cpp src\math\SinTable.cpp Tween.cpp Unzip.cpp Zip.cpp
         Animation.cpp
     1>y:\gems of atlantis.current\windows\game\game\Screen.h(43): fatal error C1083: Cannot open include file: 'SDL.h': No such file or directory
         Bezier.cpp
         Button.cpp
     1>y:\gems of atlantis.current\windows\game\game\Sprite.h(13): fatal error C1083: Cannot open include file: 'SDL.h': No such file or directory
         Checkbox.cpp
     1>y:\gems of atlantis.current\windows\game\game\Sprite.h(13): fatal error C1083: Cannot open include file: 'SDL.h': No such file or directory
         CRSpline.cpp
     1>CRSpline.cpp(26): warning C4244: 'initializing' : conversion from 'double' to 'float', possible loss of data
     1>CRSpline.cpp(27): warning C4244: 'initializing' : conversion from 'double' to 'float', possible loss of data
     1>CRSpline.cpp(28): warning C4244: 'initializing' : conversion from 'double' to 'float', possible loss of data
     1>CRSpline.cpp(29): warning C4244: 'initializing' : conversion from 'double' to 'float', possible loss of data
         Datafile.cpp
     1>Datafile.cpp(18): warning C4996: 'fopen': This function or variable may be unsafe. Consider using fopen_s instead. To disable deprecation, use _CRT_SECURE_NO_WARNINGS. See online help for details.
                 C:\Program Files (x86)\Microsoft Visual Studio 10.0\VC\include\stdio.h(234) : see declaration of 'fopen'
     1>Datafile.cpp(26): warning C4996: 'fscanf': This function or variable may be unsafe. Consider using fscanf_s instead. To disable deprecation, use _CRT_SECURE_NO_WARNINGS. See online help for details.
                 C:\Program Files (x86)\Microsoft Visual Studio 10.0\VC\include\stdio.h(253) : see declaration of 'fscanf'
     1>Datafile.cpp(49): warning C4996: 'fopen': This function or variable may be unsafe. Consider using fopen_s instead. To disable deprecation, use _CRT_SECURE_NO_WARNINGS. See online help for details.
                 C:\Program Files (x86)\Microsoft Visual Studio 10.0\VC\include\stdio.h(234) : see declaration of 'fopen'
     1>Datafile.cpp(58): warning C4018: '<' : signed/unsigned mismatch
         eCongratulations.cpp
     1>y:\gems of atlantis.current\windows\game\game\Screen.h(43): fatal error C1083: Cannot open include file: 'SDL.h': No such file or directory
         eCredits.cpp
     1>y:\gems of atlantis.current\windows\game\game\Screen.h(43): fatal error C1083: Cannot open include file: 'SDL.h': No such file or directory
         eHelp.cpp
     1>y:\gems of atlantis.current\windows\game\game\Screen.h(43): fatal error C1083: Cannot open include file: 'SDL.h': No such file or directory
         eIngame.cpp
     1>y:\gems of atlantis.current\windows\game\game\eIngame.h(5): fatal error C1083: Cannot open include file: 'SDL_mixer.h': No such file or directory
         eIntro.cpp
     1>y:\gems of atlantis.current\windows\game\game\Screen.h(43): fatal error C1083: Cannot open include file: 'SDL.h': No such file or directory
         eLanguage.cpp
     1>y:\gems of atlantis.current\windows\game\game\Screen.h(43): fatal error C1083: Cannot open include file: 'SDL.h': No such file or directory
         eLevelMenu.cpp
     1>y:\gems of atlantis.current\windows\game\game\Screen.h(43): fatal error C1083: Cannot open include file: 'SDL.h': No such file or directory
         eMainMenu.cpp
     1>y:\gems of atlantis.current\windows\game\game\Screen.h(43): fatal error C1083: Cannot open include file: 'SDL.h': No such file or directory
         ePostGame.cpp
     1>y:\gems of atlantis.current\windows\game\game\Screen.h(43): fatal error C1083: Cannot open include file: 'SDL.h': No such file or directory
         ePostTroophy.cpp
     1>y:\gems of atlantis.current\windows\game\game\ePostTroophy.h(29): fatal error C1083: Cannot open include file: 'SDL_mixer.h': No such file or directory
         ePreload.cpp
     1>y:\gems of atlantis.current\windows\game\game\Screen.h(43): fatal error C1083: Cannot open include file: 'SDL.h': No such file or directory
         eSettings.cpp
     1>y:\gems of atlantis.current\windows\game\game\Screen.h(43): fatal error C1083: Cannot open include file: 'SDL.h': No such file or directory
         eTroophy.cpp
     1>y:\gems of atlantis.current\windows\game\game\Screen.h(43): fatal error C1083: Cannot open include file: 'SDL.h': No such file or directory
         FXManager.cpp
     1>y:\gems of atlantis.current\windows\game\game\Screen.h(43): fatal error C1083: Cannot open include file: 'SDL.h': No such file or directory
         Compiling...
         Game.cpp
     1>Game.cpp(10): fatal error C1083: Cannot open include file: 'SDL.h': No such file or directory
         GameObject.cpp
     1>y:\gems of atlantis.current\windows\game\game\Screen.h(43): fatal error C1083: Cannot open include file: 'SDL.h': No such file or directory
         GameSettings.cpp
     1>GameSettings.cpp(61): warning C4800: 'char' : forcing value to bool 'true' or 'false' (performance warning)
     1>GameSettings.cpp(66): warning C4800: 'char' : forcing value to bool 'true' or 'false' (performance warning)
     1>GameSettings.cpp(71): warning C4800: 'char' : forcing value to bool 'true' or 'false' (performance warning)
         HighScore.cpp
         MobileKeyboard.cpp
     1>y:\gems of atlantis.current\windows\game\game\Screen.h(43): fatal error C1083: Cannot open include file: 'SDL.h': No such file or directory
         Mouse.cpp
     1>y:\gems of atlantis.current\windows\game\game\Screen.h(43): fatal error C1083: Cannot open include file: 'SDL.h': No such file or directory
         OGL.cpp
     1>y:\gems of atlantis.current\windows\game\game\OGL.h(3): fatal error C1083: Cannot open include file: 'SDL.h': No such file or directory
         Particle2D.cpp
         Particle2DManager.cpp
     1>y:\gems of atlantis.current\windows\game\game\Screen.h(43): fatal error C1083: Cannot open include file: 'SDL.h': No such file or directory
         Popup.cpp
     1>y:\gems of atlantis.current\windows\game\game\Screen.h(43): fatal error C1083: Cannot open include file: 'SDL.h': No such file or directory
         Profile.cpp
     1>Profile.cpp(7): warning C4996: 'strcpy': This function or variable may be unsafe. Consider using strcpy_s instead. To disable deprecation, use _CRT_SECURE_NO_WARNINGS. See online help for details.
                 C:\Program Files (x86)\Microsoft Visual Studio 10.0\VC\include\string.h(105) : see declaration of 'strcpy'
     1>Profile.cpp(16): warning C4996: 'sprintf': This function or variable may be unsafe. Consider using sprintf_s instead. To disable deprecation, use _CRT_SECURE_NO_WARNINGS. See online help for details.
                 C:\Program Files (x86)\Microsoft Visual Studio 10.0\VC\include\stdio.h(371) : see declaration of 'sprintf'
     1>Profile.cpp(29): warning C4996: 'strcpy': This function or variable may be unsafe. Consider using strcpy_s instead. To disable deprecation, use _CRT_SECURE_NO_WARNINGS. See online help for details.
                 C:\Program Files (x86)\Microsoft Visual Studio 10.0\VC\include\string.h(105) : see declaration of 'strcpy'
     1>Profile.cpp(277): warning C4996: 'fopen': This function or variable may be unsafe. Consider using fopen_s instead. To disable deprecation, use _CRT_SECURE_NO_WARNINGS. See online help for details.
                 C:\Program Files (x86)\Microsoft Visual Studio 10.0\VC\include\stdio.h(234) : see declaration of 'fopen'
     1>Profile.cpp(305): warning C4996: 'fopen': This function or variable may be unsafe. Consider using fopen_s instead. To disable deprecation, use _CRT_SECURE_NO_WARNINGS. See online help for details.
                 C:\Program Files (x86)\Microsoft Visual Studio 10.0\VC\include\stdio.h(234) : see declaration of 'fopen'
     1>Profile.cpp(311): warning C4996: 'fscanf': This function or variable may be unsafe. Consider using fscanf_s instead. To disable deprecation, use _CRT_SECURE_NO_WARNINGS. See online help for details.
                 C:\Program Files (x86)\Microsoft Visual Studio 10.0\VC\include\stdio.h(253) : see declaration of 'fscanf'
     1>Profile.cpp(315): warning C4996: 'fscanf': This function or variable may be unsafe. Consider using fscanf_s instead. To disable deprecation, use _CRT_SECURE_NO_WARNINGS. See online help for details.
                 C:\Program Files (x86)\Microsoft Visual Studio 10.0\VC\include\stdio.h(253) : see declaration of 'fscanf'
     1>Profile.cpp(318): warning C4996: 'fscanf': This function or variable may be unsafe. Consider using fscanf_s instead. To disable deprecation, use _CRT_SECURE_NO_WARNINGS. See online help for details.
                 C:\Program Files (x86)\Microsoft Visual Studio 10.0\VC\include\stdio.h(253) : see declaration of 'fscanf'
         Screen.cpp
     1>y:\gems of atlantis.current\windows\game\game\Screen.h(43): fatal error C1083: Cannot open include file: 'SDL.h': No such file or directory
         SpriteFont.cpp
     1>y:\gems of atlantis.current\windows\game\game\Sprite.h(13): fatal error C1083: Cannot open include file: 'SDL.h': No such file or directory
         SpriteObject.cpp
     1>y:\gems of atlantis.current\windows\game\game\SpriteObject.h(4): fatal error C1083: Cannot open include file: 'SDL.h': No such file or directory
         SinTable.cpp
     1>src\math\SinTable.cpp(14): warning C4244: 'initializing' : conversion from 'float' to 'int', possible loss of data
     1>src\math\SinTable.cpp(14): warning C4244: '+=' : conversion from 'float' to 'int', possible loss of data
     1>src\math\SinTable.cpp(20): warning C4305: '=' : truncation from 'double' to 'float'
     1>src\math\SinTable.cpp(22): warning C4244: 'initializing' : conversion from 'double' to 'int', possible loss of data
     1>src\math\SinTable.cpp(22): warning C4244: '+=' : conversion from 'float' to 'int', possible loss of data
         Tween.cpp
     1>Tween.cpp(95): warning C4244: '=' : conversion from 'double' to 'float', possible loss of data
     1>Tween.cpp(100): warning C4244: '=' : conversion from 'double' to 'float', possible loss of data
     1>Tween.cpp(105): warning C4244: '=' : conversion from 'double' to 'float', possible loss of data
     1>Tween.cpp(109): warning C4244: '=' : conversion from 'double' to 'float', possible loss of data
     1>Tween.cpp(128): warning C4244: '=' : conversion from 'double' to 'float', possible loss of data
     1>Tween.cpp(133): warning C4244: '=' : conversion from 'double' to 'float', possible loss of data
     1>Tween.cpp(138): warning C4244: '=' : conversion from 'double' to 'float', possible loss of data
     1>Tween.cpp(142): warning C4244: '=' : conversion from 'double' to 'float', possible loss of data
     1>Tween.cpp(195): warning C4305: 'initializing' : truncation from 'double' to 'const float'
     1>Tween.cpp(197): warning C4305: 'initializing' : truncation from 'double' to 'const float'
     1>Tween.cpp(206): warning C4305: 'initializing' : truncation from 'double' to 'const float'
     1>Tween.cpp(208): warning C4305: 'initializing' : truncation from 'double' to 'const float'
     1>Tween.cpp(322): warning C4305: 'initializing' : truncation from 'double' to 'const float'
     1>Tween.cpp(329): warning C4305: 'initializing' : truncation from 'double' to 'const float'
         Unzip.cpp
     1>Unzip.cpp(3692): warning C4996: 'strcpy': This function or variable may be unsafe. Consider using strcpy_s instead. To disable deprecation, use _CRT_SECURE_NO_WARNINGS. See online help for details.
                 C:\Program Files (x86)\Microsoft Visual Studio 10.0\VC\include\string.h(105) : see declaration of 'strcpy'
     1>Unzip.cpp(3718): warning C4996: 'strcat': This function or variable may be unsafe. Consider using strcat_s instead. To disable deprecation, use _CRT_SECURE_NO_WARNINGS. See online help for details.
                 C:\Program Files (x86)\Microsoft Visual Studio 10.0\VC\include\string.h(110) : see declaration of 'strcat'
     1>Unzip.cpp(3734): warning C4996: 'strcpy': This function or variable may be unsafe. Consider using strcpy_s instead. To disable deprecation, use _CRT_SECURE_NO_WARNINGS. See online help for details.
                 C:\Program Files (x86)\Microsoft Visual Studio 10.0\VC\include\string.h(105) : see declaration of 'strcpy'
     1>Unzip.cpp(3736): warning C4996: 'strcat': This function or variable may be unsafe. Consider using strcat_s instead. To disable deprecation, use _CRT_SECURE_NO_WARNINGS. See online help for details.
                 C:\Program Files (x86)\Microsoft Visual Studio 10.0\VC\include\string.h(110) : see declaration of 'strcat'
     1>Unzip.cpp(3773): warning C4996: 'strcpy': This function or variable may be unsafe. Consider using strcpy_s instead. To disable deprecation, use _CRT_SECURE_NO_WARNINGS. See online help for details.
                 C:\Program Files (x86)\Microsoft Visual Studio 10.0\VC\include\string.h(105) : see declaration of 'strcpy'
     1>Unzip.cpp(3793): warning C4996: 'strcpy': This function or variable may be unsafe. Consider using strcpy_s instead. To disable deprecation, use _CRT_SECURE_NO_WARNINGS. See online help for details.
                 C:\Program Files (x86)\Microsoft Visual Studio 10.0\VC\include\string.h(105) : see declaration of 'strcpy'
     1>Unzip.cpp(3868): warning C4996: 'strcpy': This function or variable may be unsafe. Consider using strcpy_s instead. To disable deprecation, use _CRT_SECURE_NO_WARNINGS. See online help for details.
                 C:\Program Files (x86)\Microsoft Visual Studio 10.0\VC\include\string.h(105) : see declaration of 'strcpy'
     1>Unzip.cpp(3898): warning C4996: 'strcpy': This function or variable may be unsafe. Consider using strcpy_s instead. To disable deprecation, use _CRT_SECURE_NO_WARNINGS. See online help for details.
                 C:\Program Files (x86)\Microsoft Visual Studio 10.0\VC\include\string.h(105) : see declaration of 'strcpy'
     1>Unzip.cpp(3898): warning C4996: 'strcat': This function or variable may be unsafe. Consider using strcat_s instead. To disable deprecation, use _CRT_SECURE_NO_WARNINGS. See online help for details.
                 C:\Program Files (x86)\Microsoft Visual Studio 10.0\VC\include\string.h(110) : see declaration of 'strcat'
     1>Unzip.cpp(3949): warning C4996: 'strcpy': This function or variable may be unsafe. Consider using strcpy_s instead. To disable deprecation, use _CRT_SECURE_NO_WARNINGS. See online help for details.
                 C:\Program Files (x86)\Microsoft Visual Studio 10.0\VC\include\string.h(105) : see declaration of 'strcpy'
     1>Unzip.cpp(4020): warning C4996: '_tcsncpy': This function or variable may be unsafe. Consider using _tcsncpy_s instead. To disable deprecation, use _CRT_SECURE_NO_WARNINGS. See online help for details.
                 C:\Program Files (x86)\Microsoft Visual Studio 10.0\VC\include\tchar.h(1516) : see declaration of '_tcsncpy'
         Zip.cpp
     1>Zip.cpp(2228): warning C4996: 'strcpy': This function or variable may be unsafe. Consider using strcpy_s instead. To disable deprecation, use _CRT_SECURE_NO_WARNINGS. See online help for details.
                 C:\Program Files (x86)\Microsoft Visual Studio 10.0\VC\include\string.h(105) : see declaration of 'strcpy'
     1>Zip.cpp(2561): warning C4996: 'strcpy': This function or variable may be unsafe. Consider using strcpy_s instead. To disable deprecation, use _CRT_SECURE_NO_WARNINGS. See online help for details.
                 C:\Program Files (x86)\Microsoft Visual Studio 10.0\VC\include\string.h(105) : see declaration of 'strcpy'
     1>Zip.cpp(2582): warning C4996: 'strcpy': This function or variable may be unsafe. Consider using strcpy_s instead. To disable deprecation, use _CRT_SECURE_NO_WARNINGS. See online help for details.
                 C:\Program Files (x86)\Microsoft Visual Studio 10.0\VC\include\string.h(105) : see declaration of 'strcpy'
     1>Zip.cpp(2586): warning C4996: 'strcpy': This function or variable may be unsafe. Consider using strcpy_s instead. To disable deprecation, use _CRT_SECURE_NO_WARNINGS. See online help for details.
                 C:\Program Files (x86)\Microsoft Visual Studio 10.0\VC\include\string.h(105) : see declaration of 'strcpy'
     1>Zip.cpp(2589): warning C4996: 'strcat': This function or variable may be unsafe. Consider using strcat_s instead. To disable deprecation, use _CRT_SECURE_NO_WARNINGS. See online help for details.
                 C:\Program Files (x86)\Microsoft Visual Studio 10.0\VC\include\string.h(110) : see declaration of 'strcat'
     1>Zip.cpp(2590): warning C4996: 'strcpy': This function or variable may be unsafe. Consider using strcpy_s instead. To disable deprecation, use _CRT_SECURE_NO_WARNINGS. See online help for details.
                 C:\Program Files (x86)\Microsoft Visual Studio 10.0\VC\include\string.h(105) : see declaration of 'strcpy'
     1>Zip.cpp(2765): warning C4996: 'strncpy': This function or variable may be unsafe. Consider using strncpy_s instead. To disable deprecation, use _CRT_SECURE_NO_WARNINGS. See online help for details.
                 C:\Program Files (x86)\Microsoft Visual Studio 10.0\VC\include\string.h(188) : see declaration of 'strncpy'
     1>Done Building Project "y:\Gems Of Atlantis.current\windows\Game\Game\Game.vcxproj" (build target(s)) -- FAILED.

Build FAILED.

Time Elapsed 00:00:18.07
