e:\fenix.trunk\windows\game\debug\vc141.pdb
e:\fenix.trunk\windows\game\debug\vc141.idb
e:\fenix.trunk\windows\game\debug\clax.obj
e:\fenix.trunk\windows\game\debug\camera.obj
e:\fenix.trunk\windows\game\debug\sprite.obj
e:\fenix.trunk\windows\game\debug\screen.obj
e:\fenix.trunk\windows\game\debug\ogl.obj
e:\fenix.trunk\windows\game\debug\fontttf.obj
e:\fenix.trunk\windows\game\debug\gameobject.obj
e:\fenix.trunk\windows\game\debug\vector.obj
e:\fenix.trunk\windows\game\debug\spline.obj
e:\fenix.trunk\windows\game\debug\quatern.obj
e:\fenix.trunk\windows\game\debug\matrix.obj
e:\fenix.trunk\windows\game\debug\file_clx.obj
e:\fenix.trunk\windows\game\debug\file_3ds.obj
e:\fenix.trunk\windows\game\debug\ytable.obj
e:\fenix.trunk\windows\game\debug\vector2d.obj
e:\fenix.trunk\windows\game\debug\tween.obj
e:\fenix.trunk\windows\game\debug\sintable.obj
e:\fenix.trunk\windows\game\debug\interpolate.obj
e:\fenix.trunk\windows\game\debug\hsv.obj
e:\fenix.trunk\windows\game\debug\hermite.obj
e:\fenix.trunk\windows\game\debug\equationsystem.obj
e:\fenix.trunk\windows\game\debug\crspline.obj
e:\fenix.trunk\windows\game\debug\clamp.obj
e:\fenix.trunk\windows\game\debug\bspline.obj
e:\fenix.trunk\windows\game\debug\box.obj
e:\fenix.trunk\windows\game\debug\bezier.obj
e:\fenix.trunk\windows\game\debug\spriteobject.obj
e:\fenix.trunk\windows\game\debug\vc143.pdb
e:\fenix.trunk\windows\game\debug\vc143.idb
e:\fenix.trunk\windows\game\debug\troophy.obj
e:\fenix.trunk\windows\game\debug\skeletaleditor.obj
e:\fenix.trunk\windows\game\debug\settings.obj
e:\fenix.trunk\windows\game\debug\seqeditor.obj
e:\fenix.trunk\windows\game\debug\sceneeditor.obj
e:\fenix.trunk\windows\game\debug\preload.obj
e:\fenix.trunk\windows\game\debug\posttroophy.obj
e:\fenix.trunk\windows\game\debug\postgame.obj
e:\fenix.trunk\windows\game\debug\particleeditor.obj
e:\fenix.trunk\windows\game\debug\mainmenu.obj
e:\fenix.trunk\windows\game\debug\levelmenu.obj
e:\fenix.trunk\windows\game\debug\language.obj
e:\fenix.trunk\windows\game\debug\intro.obj
e:\fenix.trunk\windows\game\debug\ingame.obj
e:\fenix.trunk\windows\game\debug\help.obj
e:\fenix.trunk\windows\game\debug\credits.obj
e:\fenix.trunk\windows\game\debug\congratulations.obj
e:\fenix.trunk\windows\game\debug\animationeditor.obj
e:\fenix.trunk\windows\game\debug\popup.obj
e:\fenix.trunk\windows\game\debug\particle2dmanager.obj
e:\fenix.trunk\windows\game\debug\particle2d.obj
e:\fenix.trunk\windows\game\debug\fxmanager.obj
e:\fenix.trunk\windows\game\debug\animationevent.obj
e:\fenix.trunk\windows\game\debug\animation.obj
e:\fenix.trunk\windows\game\debug\game.obj
e:\fenix.trunk\windows\game\debug\gamesettings.obj
e:\fenix.trunk\windows\game\debug\zip.obj
e:\fenix.trunk\windows\game\debug\unzip.obj
e:\fenix.trunk\windows\game\debug\profile.obj
e:\fenix.trunk\windows\game\debug\highscore.obj
e:\fenix.trunk\windows\game\debug\datafile.obj
e:\fenix.trunk\windows\game\debug\spritefont.obj
e:\fenix.trunk\windows\game\debug\mouse.obj
e:\fenix.trunk\windows\game\debug\mobilekeyboard.obj
e:\fenix.trunk\windows\game\debug\checkbox.obj
e:\fenix.trunk\windows\game\debug\buttonttf.obj
e:\fenix.trunk\windows\game\debug\button.obj
e:\fenix.trunk\windows\game\debug\vc120.pdb
e:\fenix.trunk\windows\game\debug\vc120.idb
e:\fenix.trunk\windows\game\debug\animationtrack.obj
e:\fenix.trunk\windows\game\debug\spritemanager.obj
e:\fenix.trunk\windows\debug\game.lib
e:\fenix.trunk\windows\debug\game.exp
e:\fenix.trunk\windows\debug\game.ilk
e:\fenix.trunk\windows\debug\game.exe
e:\fenix.trunk\windows\debug\game.pdb
e:\fenix.trunk\windows\game\debug\game.ilk
e:\fenix.trunk\windows\game\debug\game.tlog\cl.command.1.tlog
e:\fenix.trunk\windows\game\debug\game.tlog\cl.read.1.tlog
e:\fenix.trunk\windows\game\debug\game.tlog\cl.write.1.tlog
e:\fenix.trunk\windows\game\debug\game.tlog\game.write.1u.tlog
e:\fenix.trunk\windows\game\debug\game.tlog\link.command.1.tlog
e:\fenix.trunk\windows\game\debug\game.tlog\link.read.1.tlog
e:\fenix.trunk\windows\game\debug\game.tlog\link.write.1.tlog
