c:\projekty\fenix\windows\game\game\debug\vc140.pdb
c:\projekty\fenix\windows\game\game\debug\vc140.idb
c:\projekty\fenix\windows\game\game\debug\clamp.obj
c:\projekty\fenix\windows\game\game\debug\crspline.obj
c:\projekty\fenix\windows\game\game\debug\hermite.obj
c:\projekty\fenix\windows\game\game\debug\hsv.obj
c:\projekty\fenix\windows\game\game\debug\sintable.obj
c:\projekty\fenix\windows\game\game\debug\tween.obj
c:\projekty\fenix\windows\game\game\debug\camera.obj
c:\projekty\fenix\windows\game\game\debug\clax.obj
c:\projekty\fenix\windows\game\game\debug\file_3ds.obj
c:\projekty\fenix\windows\game\game\debug\file_clx.obj
c:\projekty\fenix\windows\game\game\debug\matrix.obj
c:\projekty\fenix\windows\game\game\debug\quatern.obj
c:\projekty\fenix\windows\game\game\debug\spline.obj
c:\projekty\fenix\windows\game\game\debug\vector.obj
c:\projekty\fenix\windows\game\game\debug\fontttf.obj
c:\projekty\fenix\windows\game\game\debug\particle2d.obj
c:\projekty\fenix\windows\game\game\debug\bezier.obj
c:\projekty\fenix\windows\game\game\debug\bspline.obj
c:\projekty\fenix\windows\game\game\debug\datafile.obj
c:\projekty\fenix\windows\game\game\debug\gamesettings.obj
c:\projekty\fenix\windows\game\game\debug\highscore.obj
c:\projekty\fenix\windows\game\game\debug\profile.obj
c:\projekty\fenix\windows\game\game\debug\unzip.obj
c:\projekty\fenix\windows\game\game\debug\zip.obj
c:\projekty\fenix\windows\game\game\debug\gameobject.obj
c:\projekty\fenix\windows\game\game\debug\fxmanager.obj
c:\projekty\fenix\windows\game\game\debug\spriteobject.obj
c:\projekty\fenix\windows\game\game\debug\mouse.obj
c:\projekty\fenix\windows\game\game\debug\spritefont.obj
c:\projekty\fenix\windows\game\game\debug\mobilekeyboard.obj
c:\projekty\fenix\windows\game\game\debug\game.tlog\cl.command.1.tlog
c:\projekty\fenix\windows\game\game\debug\game.tlog\cl.read.1.tlog
c:\projekty\fenix\windows\game\game\debug\game.tlog\cl.write.1.tlog
