59 [44472] INFO perfrun.launcher <> - Launcher main begin
63 [44472] INFO perfrun.launcher <> - MessageCatalogInit finished
63 [44472] INFO perfrun.launcher <> - Launcher instance created
63 [44472] INFO perfrun.launcher <> - argc = 7; cmdline = C:\Program Files (x86)\IntelSWTools\system_studio_2020\Advisor_2020\bin64\advixe-runss.exe --ui-output-format xml --ui-output-fd 3856 --option-file G:\Fenix\trunk\windows\Game\My Advisor Results - Game\e000\hs000\config\runss.options 
87 [44472] INFO perfrun.launcher <> - New signal handler callback was added
97 [44472] INFO perfrun.launcher <> - plugin remoteplug has been added successfully
97 [44472] INFO perfrun.launcher <> - plugin system has been added successfully
97 [44472] INFO perfrun.launcher <> - plugin  has been added successfully
97 [44472] INFO perfrun.launcher <> - plugin  has been added successfully
97 [44472] INFO perfrun.launcher <> - plugin  has been added successfully
98 [44472] INFO perfrun.launcher <> - plugin  has been added successfully
98 [44472] INFO perfrun.launcher <> - plugin  has been added successfully
98 [44472] INFO perfrun.launcher <> - plugin  has been added successfully
98 [44472] INFO perfrun.launcher <> - plugin  has been added successfully
98 [44472] INFO perfrun.launcher <> - plugin mrte has been added successfully
98 [44472] INFO perfrun.launcher <> - plugin  has been added successfully
98 [44472] INFO perfrun.launcher <> - plugin  has been added successfully
98 [44472] INFO perfrun.launcher <> - plugin  has been added successfully
98 [44472] INFO perfrun.launcher <> - plugin  has been added successfully
98 [44472] INFO perfrun.launcher <> - plugin  has been added successfully
98 [44472] INFO perfrun.launcher <> - plugin  has been added successfully
102 [44472] INFO perfrun.launcher <> - plugin tpss has been added successfully
102 [44472] INFO perfrun.launcher <> - plugin  has been added successfully
102 [44472] INFO perfrun.launcher <> - plugin  has been added successfully
102 [44472] INFO perfrun.launcher <> - plugin  has been added successfully
102 [44472] INFO perfrun.launcher <> - plugin  has been added successfully
102 [44472] INFO perfrun.launcher <> - plugin  has been added successfully
102 [44472] INFO perfrun.launcher <> - plugin  has been added successfully
102 [44472] INFO perfrun.launcher <> - plugin  has been added successfully
102 [44472] INFO perfrun.launcher <> - the option was added --interval: Specify an interval of data collection (for example, sampling) in milliseconds.
102 [44472] INFO perfrun.launcher <> - the option was added --follow-child: Profile process with or without children.
102 [44472] INFO perfrun.launcher <> - the option was added --gelding: BADMSG: perfrun1.launcher.plugin_manager::gelding
102 [44472] INFO perfrun.launcher <> - the option was added --time-source: Specify time source for measurement. Possible values: sys - wall clock time; tsc - time stamp counter; ext - time from an external source; auto - auto select accurate time source.
102 [44472] INFO perfrun.launcher <> - the option was added --stack: Enable or disable collection of stacks.
103 [44472] INFO perfrun.launcher <> - the option was added --stack-stitching: Enable or disable the stack stitching algorithm for Intel TBB-based applications.
103 [44472] INFO perfrun.launcher <> - the option was added --type: Specify type of data to be collected. For example, --type cpu:counters,waiting:nostack,io.
103 [44472] INFO perfrun.launcher <> - the option was added --mrte-mode: Specify Java/.NET/other managed runtime collection mode. Possible values: native - collect information only for native code; managed - collect information only for managed code; mixed - collect information for both managed and native code; auto - choose the mode based on binary type.
103 [44472] INFO perfrun.launcher <> - the option was added --mrte-mode-list: List supported Java/.NET/other managed runtime collection modes.
103 [44472] INFO perfrun.launcher <> - the option was added --mrte-type: Specify which managed runtimes to collect. Possible values: java - collect information for Java; dotnet - collect information for .NET; python - collect information for CPython. You can specify several values separated by comma.
103 [44472] INFO perfrun.launcher <> - the option was added --mrte-type-list: List supported Java/.NET/other managed runtime types.
103 [44472] INFO perfrun.launcher <> - the option was added --trace-strategy: Specify how to profile a process tree. <string> can be "<process>:trace:notrace" - profile the process but do not profile its children. Shorthand parameters: t - trace, nt - notrace. For example, "vtunedemo.exe:t:t".
103 [44472] INFO perfrun.launcher <> - the option was added --collector: BADMSG: perfrun1.launcher.plugin_manager::collector
103 [44472] INFO perfrun.launcher <> - the option was added --system-wide: Enable system-wide profiling. This mode may require additional permissions.
103 [44472] INFO perfrun.launcher <> - the option was added --kvm-guest: Enable KVM guest OS profiling.
103 [44472] INFO perfrun.launcher <> - the option was added --kvm-guest-kallsyms: Specify a local path to the /proc/kallsyms file copied from the guest OS for proper symbol resolution.
103 [44472] INFO perfrun.launcher <> - the option was added --kvm-guest-modules: Specify a local path to the /proc/modules file copied from the guest OS for proper symbol resolution.
103 [44472] INFO perfrun.launcher <> - the option was added --bandwidth-limits: Measure bandwidth limits
103 [44472] INFO perfrun.launcher <> - the option was added --bandwidth-strategy: Bandwidth limits determination specific properties (example: --bandwidth-strategy array-size=0,duration=500).
103 [44472] INFO perfrun.launcher <> - the option was added --bandwidth-config: List of benchmarks to run.
104 [44472] INFO perfrun.launcher <> - the option was added --system-collector-config: Specify subcollectors. Possible values: all, container, device-info, none.
104 [44472] INFO perfrun.launcher <> - the option was added --stackwalk: Specify stack unwinding method. Possible values: online - unwind stacks during collection; offline - unwind stacks after collection is finished.
104 [44472] INFO perfrun.launcher <> - the option was added --filter-include: Filter data during collection. Possible values: contended=<on|off> - filter out uncontended events; contended_nostack=<time> - filter out stacks for contended events that take less than <time> microseconds; wait=<time> - ignore transitions and blocks with wait time less than <time> microseconds; wait_nostack=<time> - filter out stacks for waits that take less than <time> microseconds.
104 [44472] INFO perfrun.launcher <> - the option was added --debug-pin: Debug PIN tool and runtime.
104 [44472] INFO perfrun.launcher <> - the option was added --debug-exception: Disallow the application to set own abnormal termination handler.
104 [44472] INFO perfrun.launcher <> - the option was added --trace-type: Specify the trace file granularity. Possible values: per-thread - per-thread trace file generation; per-process - per-process trace file generation.
104 [44472] INFO perfrun.launcher <> - the option was added --instrumentation-type: Specify type of instrumentation.
104 [44472] INFO perfrun.launcher <> - the option was added --guard-pulse-event: Enable handling of PulseEvent API in order not to miss signals made by the API during Hotspots collection.
104 [44472] INFO perfrun.launcher <> - the option was added --memory-strategy: Specify a minimal memory object size to be traced and a hash table size for faster objects search; for example: --memory-strategy obj-size-min=1024,hash-table-size=4096.
104 [44472] INFO perfrun.launcher <> - the option was added --opencl-trace-mode: Specify OpenCL kernel tracing modes: 'default' to trace OpenCL kernels for Intel Graphics Driver only; 'epoch' for any non-Intel graphics, where OpenCL kernels will be traced and OpenCL profiling API timestamps will be interpreted as Unux Epoch time in nanoseconds; 'completion' to trace OpenCL kernels for any Graphics Driver and bind OpenCL profiling API timestamps to the timestamp of OpenCL completion callback.
104 [44472] INFO perfrun.launcher <> - the option was added --gpu-kernels-to-profile: Specify a comma-separated list of GPU kernel names and invocations to be profiled in the following format: kernel_name[#start_idx#step#stop_idx], where kernel_name is the name of GPU kernel; start_idx is the number of the first invocation; and stop_idx is the number of the last invocation to be profiled.
108 [44472] INFO perfrun.launcher <> - create msngr2::ICliToolContext
108 [44472] INFO perfrun.launcher <> - create file finder object
108 [44472] INFO perfrun.launcher <> - create a result directory: pattern = G:\Fenix\trunk\windows\Game\My Advisor Results - Game\e000\hs000 pid = 4294967295
113 [44472] INFO perfrun.launcher <> - create data directory = G:\Fenix\trunk\windows\Game\My Advisor Results - Game\e000\hs000\data.0
116 [44472] INFO perfrun.launcher <> - Creating the master collection flag
126 [44472] INFO perfrun.launcher <> - Done creating the master collection flag
127 [38640] INFO perfrun.launcher <> - plugin [remoteplug] was disabled because it doesn't support the given collection type.
127 [38640] INFO perfrun.sdk <> - Allocating TMU :G:\Fenix\trunk\windows\Game\My Advisor Results - Game\e000\hs000\data.0\systemcollector-46984-DESKTOP-DNA4QHB.sc
127 [38640] INFO perfrun.launcher <> - plugin [] was disabled because it doesn't support the given collection type.
127 [38640] INFO perfrun.launcher <> - plugin [] was disabled because it doesn't support the given collection type.
127 [38640] INFO perfrun.launcher <> - plugin [] was disabled because it doesn't support the given collection type.
128 [38640] INFO perfrun.launcher <> - plugin [] was disabled because it doesn't support the given collection type.
128 [38640] INFO perfrun.launcher <> - plugin [] was disabled because it doesn't support the given collection type.
128 [38640] INFO perfrun.launcher <> - plugin [] was disabled because it doesn't support the given collection type.
128 [38640] INFO perfrun.launcher <> - plugin [] was disabled because it doesn't support the given collection type.
128 [38640] INFO perfrun.mrte <> - system-wide mode is 0
128 [38640] INFO perfrun.mrte <> - Getting  mrte profiling environment ...
229 [38640] INFO perfrun.mrte <> - INTEL_MRTE_DATA_DIR=G:\Fenix\trunk\windows\Game\My Advisor Results - Game\e000\hs000\data.0
229 [38640] INFO perfrun.mrte <> - INTEL_MRTE_HOST_NAME=DESKTOP-DNA4QHB
229 [38640] INFO perfrun.mrte <> - JAVA_TOOL_OPTIONS=-agentlib:advixe_tpssmrte_javaprof_1.0
229 [38640] INFO perfrun.mrte <> - COR_ENABLE_PROFILING=1
229 [38640] INFO perfrun.mrte <> - COR_PROFILER={10337B79-F6CD-4df9-8D18-26A67272096B}
229 [38640] INFO perfrun.mrte <> - COMPLUS_ProfAPI_ProfilerCompatibilitySetting=EnableV2Profiler
229 [38640] INFO perfrun.mrte <> - CORECLR_ENABLE_PROFILING=1
229 [38640] INFO perfrun.mrte <> - CORECLR_PROFILER={10337B79-F6CD-4df9-8D18-26A67272096B}
229 [38640] INFO perfrun.mrte <> - CORECLR_PROFILER_PATH=C:\Program Files (x86)\IntelSWTools\system_studio_2020\Advisor_2020\bin64/advixe_tpssmrte_clrprof_1.0.dll
229 [38640] INFO perfrun.mrte <> - INTEL_MRTE_PROFILER_MODE=mixed
229 [38640] INFO perfrun.mrte <> - Data directory: G:\Fenix\trunk\windows\Game\My Advisor Results - Game\e000\hs000\data.0
229 [38640] INFO perfrun.mrte <> - Mrte plugin is initialized
229 [38640] INFO perfrun.launcher <> - plugin [] was disabled because it doesn't support the given collection type.
229 [38640] INFO perfrun.launcher <> - plugin [] was disabled because it doesn't support the given collection type.
229 [38640] INFO perfrun.launcher <> - plugin [] was disabled because it doesn't support the given collection type.
229 [38640] INFO perfrun.launcher <> - plugin [] was disabled because it doesn't support the given collection type.
229 [38640] INFO perfrun.launcher <> - plugin [] was disabled because it doesn't support the given collection type.
229 [38640] INFO perfrun.launcher <> - plugin [] was disabled because it doesn't support the given collection type.
229 [38640] INFO perfrun.tpss <> - initialize tpss controller
229 [38640] INFO perfrun.tpss <> - configure collection mode: value = cpu:stack
229 [38640] INFO perfrun.tpss <> - default obj-size-min=1024
229 [38640] INFO perfrun.tpss <> - default hash-table-size=0
229 [38640] INFO perfrun.launcher <> - plugin [] was disabled because it doesn't support the given collection type.
229 [38640] INFO perfrun.launcher <> - plugin [] was disabled because it doesn't support the given collection type.
230 [38640] INFO perfrun.launcher <> - plugin [] was disabled because it doesn't support the given collection type.
230 [38640] INFO perfrun.launcher <> - plugin [] was disabled because it doesn't support the given collection type.
230 [38640] INFO perfrun.launcher <> - plugin [] was disabled because it doesn't support the given collection type.
230 [38640] INFO perfrun.launcher <> - plugin [] was disabled because it doesn't support the given collection type.
230 [38640] INFO perfrun.launcher <> - plugin [] was disabled because it doesn't support the given collection type.
230 [44472] INFO perfrun.launcher <> - set environment variable: INTEL_MRTE_DATA_DIR = G:\Fenix\trunk\windows\Game\My Advisor Results - Game\e000\hs000\data.0
230 [44472] INFO perfrun.launcher <> - set environment variable: INTEL_MRTE_HOST_NAME = DESKTOP-DNA4QHB
230 [44472] INFO perfrun.launcher <> - set environment variable: JAVA_TOOL_OPTIONS = -agentlib:advixe_tpssmrte_javaprof_1.0
230 [44472] INFO perfrun.launcher <> - set environment variable: COR_ENABLE_PROFILING = 1
230 [44472] INFO perfrun.launcher <> - set environment variable: COR_PROFILER = {10337B79-F6CD-4df9-8D18-26A67272096B}
230 [44472] INFO perfrun.launcher <> - set environment variable: COMPLUS_ProfAPI_ProfilerCompatibilitySetting = EnableV2Profiler
230 [44472] INFO perfrun.launcher <> - set environment variable: CORECLR_ENABLE_PROFILING = 1
230 [44472] INFO perfrun.launcher <> - set environment variable: CORECLR_PROFILER = {10337B79-F6CD-4df9-8D18-26A67272096B}
230 [44472] INFO perfrun.launcher <> - set environment variable: CORECLR_PROFILER_PATH = C:\Program Files (x86)\IntelSWTools\system_studio_2020\Advisor_2020\bin64/advixe_tpssmrte_clrprof_1.0.dll
230 [44472] INFO perfrun.launcher <> - set environment variable: INTEL_MRTE_PROFILER_MODE = mixed
230 [44472] INFO perfrun.launcher <> - RpcServer: run RPC server to handle requests
258 [44472] INFO perfrun.sdk <> - IProcessUtil: the given executable 'G:\Fenix\trunk\windows\Debug\Game.exe' is valid.
258 [44472] INFO perfrun.launcher <> - Launcher: command line to start before modification = G:\Fenix\trunk\windows\Debug\Game.exe
262 [44472] INFO perfrun.launcher <> - Launcher: command line to start after modification = C:\Program Files (x86)\IntelSWTools\system_studio_2020\Advisor_2020\bin64\pin.exe -error_file G:\Fenix\trunk\windows\Game\My Advisor Results - Game\e000\hs000\data.0\pinerr.tpsslog -detach_reattach -probe -follow_execv -p32 C:\Program Files (x86)\IntelSWTools\system_studio_2020\Advisor_2020\bin32\pin.exe -p64 C:\Program Files (x86)\IntelSWTools\system_studio_2020\Advisor_2020\bin64\pin.exe -t64 C:\Program Files (x86)\IntelSWTools\system_studio_2020\Advisor_2020\bin64\tpsstool.dll -t C:\Program Files (x86)\IntelSWTools\system_studio_2020\Advisor_2020\bin32\tpsstool.dll -server_name tpss_ipc.46984 -prd_dir C:\Program Files (x86)\IntelSWTools\system_studio_2020\Advisor_2020 -- G:\Fenix\trunk\windows\Debug\Game.exe
262 [44472] INFO perfrun.launcher <> - ProcessCreator object was created
300 [44472] INFO perfrun.launcher <> - Launcher: the process was started in suspend mode
341 [38640] INFO perfrun.system <> - OpenCL gpu adapter vendor Id 4318
342 [38640] INFO perfrun.tpss <> - start tpss controller for pid #48880
401 [44472] INFO perfrun.launcher <> - Launcher: all plugins were started
401 [44472] INFO perfrun.launcher <> - DirectoryMonitor object was created
401 [44472] INFO perfrun.launcher <> - DirectoryMonitor: a callback was added
401 [44472] INFO perfrun.launcher <> - DirectoryMonitor was started with pingTime = 1000
401 [44472] INFO perfrun.launcher <> - DeadlineTimer is going to be constructed
401 [44472] INFO perfrun.launcher <> - DeadlineTimer: a callback was added
418 [44472] INFO perfrun.launcher <> - Launcher: resume the profiled application and  wait its termination or stop command
10353 [44472] INFO perfrun.launcher <> - Launcher: the profiled application was terminated  with exit code = 0
10364 [38640] INFO perfrun.tpss <> - stop tpss controller
10364 [38640] INFO perfrun.sdk <> - De-allocating TMU: G:\Fenix\trunk\windows\Game\My Advisor Results - Game\e000\hs000\data.0\systemcollector-46984-DESKTOP-DNA4QHB.sc
10383 [38640] INFO perfrun.system <> - closed the system trace file: G:\Fenix\trunk\windows\Game\My Advisor Results - Game\e000\hs000\data.0\systemcollector-46984-DESKTOP-DNA4QHB.sc
10383 [44472] INFO perfrun.launcher <> - Launcher: all plugins were stopped.
10383 [44472] INFO perfrun.launcher <> - DeadlineTimer is going to be destroyed
10383 [44472] INFO perfrun.launcher <> - DeadlineTimer was destroyed
10383 [44472] INFO perfrun.launcher <> - DirectoryMonitor object was destroyed
10383 [44472] WARN perfrun.launcher <> - Stop command is ignored because it is received when collection is already stopped, at file: vcs\perfrun1\launcher\src\command_handler.cpp:212
10384 [44472] INFO perfrun.launcher <> - Application exit code: 0
10384 [44472] INFO perfrun.launcher <> - Exit code: 0
