57 [50944] INFO perfrun.launcher <> - Launcher main begin
61 [50944] INFO perfrun.launcher <> - MessageCatalogInit finished
61 [50944] INFO perfrun.launcher <> - Launcher instance created
61 [50944] INFO perfrun.launcher <> - argc = 6; cmdline = C:\Program Files (x86)\IntelSWTools\system_studio_2020\Advisor_2020\bin64\advixe-runss.exe --ui-output-format xml --ui-output-fd 3884 --context-value-list 
80 [50944] INFO perfrun.launcher <> - New signal handler callback was added
88 [50944] INFO perfrun.launcher <> - plugin remoteplug has been added successfully
88 [50944] INFO perfrun.launcher <> - plugin system has been added successfully
88 [50944] INFO perfrun.launcher <> - plugin  has been added successfully
88 [50944] INFO perfrun.launcher <> - plugin  has been added successfully
88 [50944] INFO perfrun.launcher <> - plugin  has been added successfully
89 [50944] INFO perfrun.launcher <> - plugin  has been added successfully
89 [50944] INFO perfrun.launcher <> - plugin  has been added successfully
89 [50944] INFO perfrun.launcher <> - plugin  has been added successfully
89 [50944] INFO perfrun.launcher <> - plugin  has been added successfully
89 [50944] INFO perfrun.launcher <> - plugin mrte has been added successfully
89 [50944] INFO perfrun.launcher <> - plugin  has been added successfully
89 [50944] INFO perfrun.launcher <> - plugin  has been added successfully
89 [50944] INFO perfrun.launcher <> - plugin  has been added successfully
89 [50944] INFO perfrun.launcher <> - plugin  has been added successfully
89 [50944] INFO perfrun.launcher <> - plugin  has been added successfully
89 [50944] INFO perfrun.launcher <> - plugin  has been added successfully
93 [50944] INFO perfrun.launcher <> - plugin tpss has been added successfully
93 [50944] INFO perfrun.launcher <> - plugin  has been added successfully
93 [50944] INFO perfrun.launcher <> - plugin  has been added successfully
93 [50944] INFO perfrun.launcher <> - plugin  has been added successfully
93 [50944] INFO perfrun.launcher <> - plugin  has been added successfully
93 [50944] INFO perfrun.launcher <> - plugin  has been added successfully
93 [50944] INFO perfrun.launcher <> - plugin  has been added successfully
93 [50944] INFO perfrun.launcher <> - plugin  has been added successfully
93 [50944] INFO perfrun.launcher <> - the option was added --interval: Specify an interval of data collection (for example, sampling) in milliseconds.
93 [50944] INFO perfrun.launcher <> - the option was added --follow-child: Profile process with or without children.
94 [50944] INFO perfrun.launcher <> - the option was added --gelding: BADMSG: perfrun1.launcher.plugin_manager::gelding
94 [50944] INFO perfrun.launcher <> - the option was added --time-source: Specify time source for measurement. Possible values: sys - wall clock time; tsc - time stamp counter; ext - time from an external source; auto - auto select accurate time source.
94 [50944] INFO perfrun.launcher <> - the option was added --stack: Enable or disable collection of stacks.
94 [50944] INFO perfrun.launcher <> - the option was added --stack-stitching: Enable or disable the stack stitching algorithm for Intel TBB-based applications.
94 [50944] INFO perfrun.launcher <> - the option was added --type: Specify type of data to be collected. For example, --type cpu:counters,waiting:nostack,io.
94 [50944] INFO perfrun.launcher <> - the option was added --mrte-mode: Specify Java/.NET/other managed runtime collection mode. Possible values: native - collect information only for native code; managed - collect information only for managed code; mixed - collect information for both managed and native code; auto - choose the mode based on binary type.
94 [50944] INFO perfrun.launcher <> - the option was added --mrte-mode-list: List supported Java/.NET/other managed runtime collection modes.
94 [50944] INFO perfrun.launcher <> - the option was added --mrte-type: Specify which managed runtimes to collect. Possible values: java - collect information for Java; dotnet - collect information for .NET; python - collect information for CPython. You can specify several values separated by comma.
94 [50944] INFO perfrun.launcher <> - the option was added --mrte-type-list: List supported Java/.NET/other managed runtime types.
94 [50944] INFO perfrun.launcher <> - the option was added --trace-strategy: Specify how to profile a process tree. <string> can be "<process>:trace:notrace" - profile the process but do not profile its children. Shorthand parameters: t - trace, nt - notrace. For example, "vtunedemo.exe:t:t".
94 [50944] INFO perfrun.launcher <> - the option was added --collector: BADMSG: perfrun1.launcher.plugin_manager::collector
94 [50944] INFO perfrun.launcher <> - the option was added --system-wide: Enable system-wide profiling. This mode may require additional permissions.
95 [50944] INFO perfrun.launcher <> - the option was added --kvm-guest: Enable KVM guest OS profiling.
95 [50944] INFO perfrun.launcher <> - the option was added --kvm-guest-kallsyms: Specify a local path to the /proc/kallsyms file copied from the guest OS for proper symbol resolution.
95 [50944] INFO perfrun.launcher <> - the option was added --kvm-guest-modules: Specify a local path to the /proc/modules file copied from the guest OS for proper symbol resolution.
95 [50944] INFO perfrun.launcher <> - the option was added --bandwidth-limits: Measure bandwidth limits
95 [50944] INFO perfrun.launcher <> - the option was added --bandwidth-strategy: Bandwidth limits determination specific properties (example: --bandwidth-strategy array-size=0,duration=500).
95 [50944] INFO perfrun.launcher <> - the option was added --bandwidth-config: List of benchmarks to run.
95 [50944] INFO perfrun.launcher <> - the option was added --system-collector-config: Specify subcollectors. Possible values: all, container, device-info, none.
95 [50944] INFO perfrun.launcher <> - the option was added --stackwalk: Specify stack unwinding method. Possible values: online - unwind stacks during collection; offline - unwind stacks after collection is finished.
95 [50944] INFO perfrun.launcher <> - the option was added --filter-include: Filter data during collection. Possible values: contended=<on|off> - filter out uncontended events; contended_nostack=<time> - filter out stacks for contended events that take less than <time> microseconds; wait=<time> - ignore transitions and blocks with wait time less than <time> microseconds; wait_nostack=<time> - filter out stacks for waits that take less than <time> microseconds.
96 [50944] INFO perfrun.launcher <> - the option was added --debug-pin: Debug PIN tool and runtime.
96 [50944] INFO perfrun.launcher <> - the option was added --debug-exception: Disallow the application to set own abnormal termination handler.
96 [50944] INFO perfrun.launcher <> - the option was added --trace-type: Specify the trace file granularity. Possible values: per-thread - per-thread trace file generation; per-process - per-process trace file generation.
96 [50944] INFO perfrun.launcher <> - the option was added --instrumentation-type: Specify type of instrumentation.
96 [50944] INFO perfrun.launcher <> - the option was added --guard-pulse-event: Enable handling of PulseEvent API in order not to miss signals made by the API during Hotspots collection.
96 [50944] INFO perfrun.launcher <> - the option was added --memory-strategy: Specify a minimal memory object size to be traced and a hash table size for faster objects search; for example: --memory-strategy obj-size-min=1024,hash-table-size=4096.
96 [50944] INFO perfrun.launcher <> - the option was added --opencl-trace-mode: Specify OpenCL kernel tracing modes: 'default' to trace OpenCL kernels for Intel Graphics Driver only; 'epoch' for any non-Intel graphics, where OpenCL kernels will be traced and OpenCL profiling API timestamps will be interpreted as Unux Epoch time in nanoseconds; 'completion' to trace OpenCL kernels for any Graphics Driver and bind OpenCL profiling API timestamps to the timestamp of OpenCL completion callback.
96 [50944] INFO perfrun.launcher <> - the option was added --gpu-kernels-to-profile: Specify a comma-separated list of GPU kernel names and invocations to be profiled in the following format: kernel_name[#start_idx#step#stop_idx], where kernel_name is the name of GPU kernel; start_idx is the number of the first invocation; and stop_idx is the number of the last invocation to be profiled.
97 [50944] INFO perfrun.launcher <> - create msngr2::ICliToolContext
98 [50944] INFO perfrun.launcher <> - create file finder object
140 [50944] INFO perfrun.launcher <> - Put into the variant bag the context value: name = targetOS; value = Windows
141 [50944] INFO perfrun.launcher <> - Put into the variant bag the context value: name = OS; value = Windows
141 [50944] INFO perfrun.launcher <> - Put into the variant bag the context value: name = OSBuildNumber; value = 19041
141 [50944] INFO perfrun.launcher <> - Put into the variant bag the context value: name = OSBitness; value = 64
141 [50944] INFO perfrun.launcher <> - Put into the variant bag the context value: name = AdministratorPrivileges; value = false
141 [50944] INFO perfrun.launcher <> - Put into the variant bag the context value: name = isPtraceScopeLimited; value = false
141 [50944] INFO perfrun.launcher <> - Put into the variant bag the context value: name = isCATSupportedByCPU; value = false
141 [50944] INFO perfrun.launcher <> - Put into the variant bag the context value: name = isTSXAvailable; value = false
141 [50944] INFO perfrun.launcher <> - Put into the variant bag the context value: name = isHTEnabled; value = true
141 [50944] INFO perfrun.launcher <> - Put into the variant bag the context value: name = fpgaOnBoard; value = None
142 [50944] INFO perfrun.launcher <> - Put into the variant bag the context value: name = omniPathOnBoard; value = None
142 [50944] INFO perfrun.launcher <> - Put into the variant bag the context value: name = pciClassParts; value = 
142 [50944] INFO perfrun.launcher <> - Put into the variant bag the context value: name = isSGXAvailable; value = false
142 [50944] INFO perfrun.launcher <> - Put into the variant bag the context value: name = Hypervisor; value = None
142 [50944] INFO perfrun.launcher <> - Put into the variant bag the context value: name = PerfmonVersion; value = 3
142 [50944] INFO perfrun.launcher <> - Put into the variant bag the context value: name = isMaxDRAMBandwidthMeasurementSupported; value = true
142 [50944] INFO perfrun.launcher <> - Put into the variant bag the context value: name = isTPSSAvailable; value = true
142 [50944] INFO perfrun.launcher <> - Put into the variant bag the context value: name = isPytraceAvailable; value = true
143 [50944] INFO perfrun.launcher <> - Put into the variant bag the context value: name = isGENDebugInfoAvailable; value = false
143 [50944] INFO perfrun.launcher <> - Put into the variant bag the context value: name = isGTPinCollectionAvailable; value = ErrorNotSupported
143 [50944] INFO perfrun.launcher <> - Put into the variant bag the context value: name = forceShowInlines; value = false
143 [50944] INFO perfrun.launcher <> - Application exit code: 0
143 [50944] INFO perfrun.launcher <> - Exit code: 0
