Build started 25.08.2022 13:21:56.
     1>Project "e:\Fenix.trunk\libs\SDL_image\VisualC\SDL_image.vcxproj" on node 2 (build target(s)).
     1>InitializeBuildStatus:
         Creating ".\Debug\SDL_image.unsuccessfulbuild" because "AlwaysCreate" was specified.
       ClCompile:
         C:\Program Files (x86)\Microsoft Visual Studio 10.0\VC\bin\CL.exe /c /Iexternal\include /ZI /nologo /W3 /WX- /Od /Oy- /D _DEBUG /D WIN32 /D _WINDOWS /D LOAD_BMP /D LOAD_GIF /D LOAD_JPG /D "LOAD_JPG_DYNAMIC=\"libjpeg-8.dll\"" /D LOAD_LBM /D LOAD_PCX /D LOAD_PNG /D "LOAD_PNG_DYNAMIC=\"libpng15-15.dll\"" /D LOAD_PNM /D LOAD_TGA /D LOAD_TIF /D "LOAD_TIF_DYNAMIC=\"libtiff-5.dll\"" /D LOAD_WEBP /D "LOAD_WEBP_DYNAMIC=\"libwebp-2.dll\"" /D LOAD_XPM /D LOAD_XV /D PNG_USE_DLL /D ZLIB_DLL /D _VC80_UPGRADE=0x0600 /D _WINDLL /Gm /EHsc /MD /GS /fp:precise /Zc:wchar_t /Zc:forScope /Fo".\Debug\\" /Fd".\Debug\vc100.pdb" /Gd /TC /analyze- /errorReport:prompt ..\IMG.c ..\IMG_bmp.c ..\IMG_gif.c ..\IMG_jpg.c ..\IMG_lbm.c ..\IMG_pcx.c ..\IMG_png.c ..\IMG_pnm.c ..\IMG_tga.c ..\IMG_tif.c ..\IMG_webp.c ..\IMG_xcf.c ..\IMG_xpm.c ..\IMG_xv.c ..\IMG_xxx.c
         IMG_xxx.c
     1>e:\fenix.trunk\libs\sdl_image\sdl_image.h(27): fatal error C1083: Cannot open include file: 'SDL.h': No such file or directory
         IMG_xv.c
     1>e:\fenix.trunk\libs\sdl_image\sdl_image.h(27): fatal error C1083: Cannot open include file: 'SDL.h': No such file or directory
         IMG_xpm.c
     1>e:\fenix.trunk\libs\sdl_image\sdl_image.h(27): fatal error C1083: Cannot open include file: 'SDL.h': No such file or directory
         IMG_xcf.c
     1>e:\fenix.trunk\libs\sdl_image\img_xcf.c(29): fatal error C1083: Cannot open include file: 'SDL_endian.h': No such file or directory
         IMG_webp.c
     1>e:\fenix.trunk\libs\sdl_image\sdl_image.h(27): fatal error C1083: Cannot open include file: 'SDL.h': No such file or directory
         IMG_tif.c
     1>e:\fenix.trunk\libs\sdl_image\sdl_image.h(27): fatal error C1083: Cannot open include file: 'SDL.h': No such file or directory
         IMG_tga.c
     1>e:\fenix.trunk\libs\sdl_image\img_tga.c(30): fatal error C1083: Cannot open include file: 'SDL_endian.h': No such file or directory
         IMG_pnm.c
     1>e:\fenix.trunk\libs\sdl_image\sdl_image.h(27): fatal error C1083: Cannot open include file: 'SDL.h': No such file or directory
         IMG_png.c
     1>e:\fenix.trunk\libs\sdl_image\sdl_image.h(27): fatal error C1083: Cannot open include file: 'SDL.h': No such file or directory
         IMG_pcx.c
     1>e:\fenix.trunk\libs\sdl_image\img_pcx.c(38): fatal error C1083: Cannot open include file: 'SDL_endian.h': No such file or directory
         IMG_lbm.c
     1>e:\fenix.trunk\libs\sdl_image\img_lbm.c(37): fatal error C1083: Cannot open include file: 'SDL_endian.h': No such file or directory
         IMG_jpg.c
     1>e:\fenix.trunk\libs\sdl_image\sdl_image.h(27): fatal error C1083: Cannot open include file: 'SDL.h': No such file or directory
         IMG_gif.c
     1>e:\fenix.trunk\libs\sdl_image\sdl_image.h(27): fatal error C1083: Cannot open include file: 'SDL.h': No such file or directory
         IMG_bmp.c
     1>e:\fenix.trunk\libs\sdl_image\sdl_image.h(27): fatal error C1083: Cannot open include file: 'SDL.h': No such file or directory
         IMG.c
     1>e:\fenix.trunk\libs\sdl_image\sdl_image.h(27): fatal error C1083: Cannot open include file: 'SDL.h': No such file or directory
         Generating Code...
     1>Done Building Project "e:\Fenix.trunk\libs\SDL_image\VisualC\SDL_image.vcxproj" (build target(s)) -- FAILED.

Build FAILED.

Time Elapsed 00:00:00.26
