C:\PROJECTS\TESTSDL\GAME\GAME\DEBUG\SPRITEOBJECT.OBJ
C:\PROJECTS\TESTSDL\GAME\GAME\DEBUG\DATAFILE.OBJ
C:\PROJECTS\TESTSDL\GAME\GAME\DEBUG\GAMESETTINGS.OBJ
C:\PROJECTS\TESTSDL\GAME\GAME\DEBUG\HIGHSCORE.OBJ
C:\PROJECTS\TESTSDL\GAME\GAME\DEBUG\PROFILE.OBJ
C:\PROJECTS\TESTSDL\GAME\GAME\DEBUG\UNZIP.OBJ
C:\PROJECTS\TESTSDL\GAME\GAME\DEBUG\ZIP.OBJ
C:\PROJECTS\TESTSDL\GAME\GAME\DEBUG\BEZIER.OBJ
C:\PROJECTS\TESTSDL\GAME\GAME\DEBUG\BSPLINE.OBJ
C:\PROJECTS\TESTSDL\GAME\GAME\DEBUG\CRSPLINE.OBJ
C:\PROJECTS\TESTSDL\GAME\GAME\DEBUG\HERMITE.OBJ
C:\PROJECTS\TESTSDL\GAME\GAME\DEBUG\SINTABLE.OBJ
C:\PROJECTS\TESTSDL\GAME\GAME\DEBUG\TWEEN.OBJ
C:\PROJECTS\TESTSDL\GAME\GAME\DEBUG\BUTTON.OBJ
C:\PROJECTS\TESTSDL\GAME\GAME\DEBUG\CHECKBOX.OBJ
C:\PROJECTS\TESTSDL\GAME\GAME\DEBUG\MOBILEKEYBOARD.OBJ
C:\PROJECTS\TESTSDL\GAME\GAME\DEBUG\MOUSE.OBJ
C:\PROJECTS\TESTSDL\GAME\GAME\DEBUG\SPRITEFONT.OBJ
C:\PROJECTS\TESTSDL\GAME\GAME\DEBUG\GAME.OBJ
C:\PROJECTS\TESTSDL\GAME\GAME\DEBUG\INGAME.OBJ
C:\PROJECTS\TESTSDL\GAME\GAME\DEBUG\CAMERA.OBJ
C:\PROJECTS\TESTSDL\GAME\GAME\DEBUG\CLAX.OBJ
C:\PROJECTS\TESTSDL\GAME\GAME\DEBUG\FILE_3DS.OBJ
C:\PROJECTS\TESTSDL\GAME\GAME\DEBUG\FILE_CLX.OBJ
C:\PROJECTS\TESTSDL\GAME\GAME\DEBUG\MATRIX.OBJ
C:\PROJECTS\TESTSDL\GAME\GAME\DEBUG\QUATERN.OBJ
C:\PROJECTS\TESTSDL\GAME\GAME\DEBUG\SPLINE.OBJ
C:\PROJECTS\TESTSDL\GAME\GAME\DEBUG\VECTOR.OBJ
C:\PROJECTS\TESTSDL\GAME\GAME\DEBUG\CONGRATULATIONS.OBJ
C:\PROJECTS\TESTSDL\GAME\GAME\DEBUG\GAMEOBJECT.OBJ
C:\PROJECTS\TESTSDL\GAME\GAME\DEBUG\ANIMATION.OBJ
C:\PROJECTS\TESTSDL\GAME\GAME\DEBUG\FONTTTF.OBJ
C:\PROJECTS\TESTSDL\GAME\GAME\DEBUG\FXMANAGER.OBJ
C:\PROJECTS\TESTSDL\GAME\GAME\DEBUG\OGL.OBJ
C:\PROJECTS\TESTSDL\GAME\GAME\DEBUG\PARTICLE2D.OBJ
C:\PROJECTS\TESTSDL\GAME\GAME\DEBUG\PARTICLE2DMANAGER.OBJ
C:\PROJECTS\TESTSDL\GAME\GAME\DEBUG\POPUP.OBJ
C:\PROJECTS\TESTSDL\GAME\GAME\DEBUG\SCREEN.OBJ
C:\PROJECTS\TESTSDL\GAME\GAME\DEBUG\SPRITE.OBJ
C:\PROJECTS\TESTSDL\GAME\GAME\DEBUG\VC110.PDB
C:\PROJECTS\TESTSDL\GAME\DEBUG\GAME.EXE
C:\PROJECTS\TESTSDL\GAME\DEBUG\GAME.PDB
C:\PROJECTS\TESTSDL\GAME\GAME\DEBUG\RESOURCE.RES
C:\Projects\testSDL\Game\Game\Debug\Animation.obj
C:\Projects\testSDL\Game\Game\Debug\Bezier.obj
C:\Projects\testSDL\Game\Game\Debug\BSpline.obj
C:\Projects\testSDL\Game\Game\Debug\Button.obj
C:\Projects\testSDL\Game\Game\Debug\camera.obj
C:\Projects\testSDL\Game\Game\Debug\Checkbox.obj
C:\Projects\testSDL\Game\Game\Debug\clax.obj
C:\Projects\testSDL\Game\Game\Debug\Congratulations.obj
C:\Projects\testSDL\Game\Game\Debug\CRSpline.obj
C:\Projects\testSDL\Game\Game\Debug\Datafile.obj
C:\Projects\testSDL\Game\Game\Debug\file_3ds.obj
C:\Projects\testSDL\Game\Game\Debug\file_clx.obj
C:\Projects\testSDL\Game\Game\Debug\FontTTF.obj
C:\Projects\testSDL\Game\Game\Debug\FXManager.obj
C:\Projects\testSDL\Game\Game\Debug\Game.obj
C:\Projects\testSDL\Game\Game\Debug\GameObject.obj
C:\Projects\testSDL\Game\Game\Debug\GameSettings.obj
C:\Projects\testSDL\Game\Game\Debug\Hermite.obj
C:\Projects\testSDL\Game\Game\Debug\HighScore.obj
C:\Projects\testSDL\Game\Game\Debug\Ingame.obj
C:\Projects\testSDL\Game\Game\Debug\matrix.obj
C:\Projects\testSDL\Game\Game\Debug\MobileKeyboard.obj
C:\Projects\testSDL\Game\Game\Debug\Mouse.obj
C:\Projects\testSDL\Game\Game\Debug\OGL.obj
C:\Projects\testSDL\Game\Game\Debug\Particle2D.obj
C:\Projects\testSDL\Game\Game\Debug\Particle2DManager.obj
C:\Projects\testSDL\Game\Game\Debug\Popup.obj
C:\Projects\testSDL\Game\Game\Debug\Profile.obj
C:\Projects\testSDL\Game\Game\Debug\quatern.obj
C:\Projects\testSDL\Game\Game\Debug\Screen.obj
C:\Projects\testSDL\Game\Game\Debug\SinTable.obj
C:\Projects\testSDL\Game\Game\Debug\spline.obj
C:\Projects\testSDL\Game\Game\Debug\Sprite.obj
C:\Projects\testSDL\Game\Game\Debug\SpriteFont.obj
C:\Projects\testSDL\Game\Game\Debug\SpriteObject.obj
C:\Projects\testSDL\Game\Game\Debug\Tween.obj
C:\Projects\testSDL\Game\Game\Debug\Unzip.obj
C:\Projects\testSDL\Game\Game\Debug\vector.obj
C:\Projects\testSDL\Game\Game\Debug\Zip.obj
C:\Projects\testSDL\Game\Game\Debug\cl.command.1.tlog
C:\Projects\testSDL\Game\Game\Debug\CL.read.1.tlog
C:\Projects\testSDL\Game\Game\Debug\CL.write.1.tlog
C:\Projects\testSDL\Game\Game\Debug\link-cvtres.read.1.tlog
C:\Projects\testSDL\Game\Game\Debug\link-cvtres.write.1.tlog
C:\Projects\testSDL\Game\Game\Debug\link-rc.read.1.tlog
C:\Projects\testSDL\Game\Game\Debug\link-rc.write.1.tlog
C:\Projects\testSDL\Game\Game\Debug\link.command.1.tlog
C:\Projects\testSDL\Game\Game\Debug\link.read.1.tlog
C:\Projects\testSDL\Game\Game\Debug\link.write.1.tlog
C:\Projects\testSDL\Game\Game\Debug\rc.command.1.tlog
C:\Projects\testSDL\Game\Game\Debug\rc.read.1.tlog
C:\Projects\testSDL\Game\Game\Debug\rc.write.1.tlog
C:\Projects\testSDL\Game\Game\Debug\resource.res
C:\Projects\testSDL\Game\Game\Debug\vc110.idb
C:\Projects\testSDL\Game\Game\Debug\vc110.pdb
C:\Projects\testSDL\Game\Debug\Game.pdb
C:\Projects\testSDL\Game\Debug\Game.exe
