Build started 2013-07-19 00:03:09.
     1>Project "c:\iProjects\GemsOfAtlantis\windows\Game\Game\Game.vcxproj" on node 2 (build target(s)).
     1>InitializeBuildStatus:
         Creating "Debug\Game.unsuccessfulbuild" because "AlwaysCreate" was specified.
       ClCompile:
         C:\Program Files (x86)\Microsoft Visual Studio 10.0\VC\bin\CL.exe /c /IC:\iProjects\GemsOfAtlantis\windows\SDL\include /IC:\iProjects\GemsOfAtlantis\windows\SDL_image\include /IC:\iProjects\GemsOfAtlantis\windows\SDL_mixer\include /ZI /nologo /W3 /WX- /Od /Oy- /D WIN32 /D _DEBUG /D _CONSOLE /D _MBCS /Gm /EHsc /RTC1 /MDd /GS /fp:precise /Zc:wchar_t /Zc:forScope /Fo"Debug\\" /Fd"Debug\vc100.pdb" /Gd /TP /analyze- /errorReport:prompt Game.cpp eIngame.cpp eMainMenu.cpp
         eMainMenu.cpp
     1>c:\iprojects\gemsofatlantis\windows\game\game\emainmenu.cpp(420): warning C4244: 'argument' : conversion from 'double' to 'float', possible loss of data
         eIngame.cpp
     1>c:\iprojects\gemsofatlantis\windows\game\game\eingame.cpp(1067): warning C4244: '=' : conversion from 'int' to 'float', possible loss of data
     1>c:\iprojects\gemsofatlantis\windows\game\game\eingame.cpp(1089): warning C4244: 'argument' : conversion from 'int' to 'float', possible loss of data
     1>c:\iprojects\gemsofatlantis\windows\game\game\eingame.cpp(1280): warning C4244: 'argument' : conversion from 'unsigned long' to 'unsigned char', possible loss of data
     1>c:\iprojects\gemsofatlantis\windows\game\game\eingame.cpp(1647): warning C4244: 'argument' : conversion from 'unsigned long' to 'float', possible loss of data
     1>c:\iprojects\gemsofatlantis\windows\game\game\eingame.cpp(1763): warning C4018: '>' : signed/unsigned mismatch
         Generating Code...
         Compiling...
         Game.cpp
     1>c:\iprojects\gemsofatlantis\windows\game\game\game.cpp(107): warning C4244: 'return' : conversion from 'DWORDLONG' to 'size_t', possible loss of data
     1>c:\iprojects\gemsofatlantis\windows\game\game\game.cpp(149): warning C4244: 'argument' : conversion from 'int' to 'float', possible loss of data
         Generating Code...
       ManifestResourceCompile:
         All outputs are up-to-date.
       Link:
         C:\Program Files (x86)\Microsoft Visual Studio 10.0\VC\bin\link.exe /ERRORREPORT:PROMPT /OUT:"C:\iProjects\GemsOfAtlantis\windows\Game\Debug\Game.exe" /INCREMENTAL /NOLOGO /LIBPATH:C:\iProjects\GemsOfAtlantis\windows\SDL\lib\x86 /LIBPATH:C:\iProjects\GemsOfAtlantis\windows\SDL_image\lib\x86 /LIBPATH:C:\iProjects\GemsOfAtlantis\windows\SDL_mixer\lib\x86 opengl32.lib SDL.lib SDLmain.lib SDL_image.lib SDL_mixer.lib kernel32.lib user32.lib gdi32.lib winspool.lib comdlg32.lib advapi32.lib shell32.lib ole32.lib oleaut32.lib uuid.lib odbc32.lib odbccp32.lib /NODEFAULTLIB:msvcrt.lib /MANIFEST /ManifestFile:"Debug\Game.exe.intermediate.manifest" /MANIFESTUAC:"level='asInvoker' uiAccess='false'" /DEBUG /PDB:"C:\iProjects\GemsOfAtlantis\windows\Game\Debug\Game.pdb" /SUBSYSTEM:WINDOWS /TLBID:1 /DYNAMICBASE /NXCOMPAT /IMPLIB:"C:\iProjects\GemsOfAtlantis\windows\Game\Debug\Game.lib" /MACHINE:X86 Debug\Game.exe.embed.manifest.res
         Debug\Animation.obj
         Debug\Button.obj
         Debug\Checkbox.obj
         Debug\eCongratulations.obj
         Debug\eCredits.obj
         Debug\eHelp.obj
         Debug\eIngame.obj
         Debug\eIntro.obj
         Debug\eLanguage.obj
         Debug\eLevelMenu.obj
         Debug\eMainMenu.obj
         Debug\ePostGame.obj
         Debug\ePostTroophy.obj
         Debug\ePreload.obj
         Debug\eSettings.obj
         Debug\eTroophy.obj
         Debug\Game.obj
         Debug\GameObject.obj
         Debug\GameSettings.obj
         Debug\HighScore.obj
         Debug\MobileKeyboard.obj
         Debug\Mouse.obj
         Debug\OGL.obj
         Debug\Particle2D.obj
         Debug\Particle2DManager.obj
         Debug\Popup.obj
         Debug\Profile.obj
         Debug\Screen.obj
         Debug\Sprite.obj
         Debug\SpriteFont.obj
         Debug\Unzip.obj
         Debug\Zip.obj
       Manifest:
         C:\Program Files (x86)\Microsoft SDKs\Windows\v7.0A\bin\mt.exe /nologo /verbose /out:"Debug\Game.exe.embed.manifest" /manifest Debug\Game.exe.intermediate.manifest
         All outputs are up-to-date.
       LinkEmbedManifest:
         All outputs are up-to-date.
         Game.vcxproj -> C:\iProjects\GemsOfAtlantis\windows\Game\Debug\Game.exe
       FinalizeBuildStatus:
         Deleting file "Debug\Game.unsuccessfulbuild".
         Touching "Debug\Game.lastbuildstate".
     1>Done Building Project "c:\iProjects\GemsOfAtlantis\windows\Game\Game\Game.vcxproj" (build target(s)).

Build succeeded.

Time Elapsed 00:00:04.22
