c:\iprojects\gemsofatlantis\windows\game\game\release\fxmanager.obj
c:\iprojects\gemsofatlantis\windows\game\game\release\etroophy.obj
c:\iprojects\gemsofatlantis\windows\game\game\release\esettings.obj
c:\iprojects\gemsofatlantis\windows\game\game\release\epreload.obj
c:\iprojects\gemsofatlantis\windows\game\game\release\eposttroophy.obj
c:\iprojects\gemsofatlantis\windows\game\game\release\epostgame.obj
c:\iprojects\gemsofatlantis\windows\game\game\release\emainmenu.obj
c:\iprojects\gemsofatlantis\windows\game\game\release\elevelmenu.obj
c:\iprojects\gemsofatlantis\windows\game\game\release\elanguage.obj
c:\iprojects\gemsofatlantis\windows\game\game\release\eintro.obj
c:\iprojects\gemsofatlantis\windows\game\game\release\eingame.obj
c:\iprojects\gemsofatlantis\windows\game\game\release\ehelp.obj
c:\iprojects\gemsofatlantis\windows\game\game\release\ecredits.obj
c:\iprojects\gemsofatlantis\windows\game\game\release\econgratulations.obj
c:\iprojects\gemsofatlantis\windows\game\game\release\datafile.obj
c:\iprojects\gemsofatlantis\windows\game\game\release\crspline.obj
c:\iprojects\gemsofatlantis\windows\game\game\release\checkbox.obj
c:\iprojects\gemsofatlantis\windows\game\game\release\button.obj
c:\iprojects\gemsofatlantis\windows\game\game\release\bezier.obj
c:\iprojects\gemsofatlantis\windows\game\game\release\animation.obj
c:\iprojects\gemsofatlantis\windows\game\game\release\zip.obj
c:\iprojects\gemsofatlantis\windows\game\game\release\unzip.obj
c:\iprojects\gemsofatlantis\windows\game\game\release\tween.obj
c:\iprojects\gemsofatlantis\windows\game\game\release\sintable.obj
c:\iprojects\gemsofatlantis\windows\game\game\release\spriteobject.obj
c:\iprojects\gemsofatlantis\windows\game\game\release\spritefont.obj
c:\iprojects\gemsofatlantis\windows\game\game\release\screen.obj
c:\iprojects\gemsofatlantis\windows\game\game\release\profile.obj
c:\iprojects\gemsofatlantis\windows\game\game\release\popup.obj
c:\iprojects\gemsofatlantis\windows\game\game\release\particle2dmanager.obj
c:\iprojects\gemsofatlantis\windows\game\game\release\particle2d.obj
c:\iprojects\gemsofatlantis\windows\game\game\release\ogl.obj
c:\iprojects\gemsofatlantis\windows\game\game\release\mouse.obj
c:\iprojects\gemsofatlantis\windows\game\game\release\mobilekeyboard.obj
c:\iprojects\gemsofatlantis\windows\game\game\release\highscore.obj
c:\iprojects\gemsofatlantis\windows\game\game\release\gamesettings.obj
c:\iprojects\gemsofatlantis\windows\game\game\release\gameobject.obj
c:\iprojects\gemsofatlantis\windows\game\game\release\game.obj
c:\iprojects\gemsofatlantis\windows\game\game\release\vc100.pdb
c:\iprojects\gemsofatlantis\windows\game\game\release\sprite.obj
c:\iprojects\gemsofatlantis\windows\game\release\game.exe
c:\iprojects\gemsofatlantis\windows\game\game\release\game.exe.intermediate.manifest
c:\iprojects\gemsofatlantis\windows\game\release\game.pdb
c:\iprojects\gemsofatlantis\windows\game\game\release\resource.res
c:\iprojects\gemsofatlantis\windows\game\game\release\game.vcxprojresolveassemblyreference.cache
c:\iprojects\gemsofatlantis\windows\game\game\release\cl.command.1.tlog
c:\iprojects\gemsofatlantis\windows\game\game\release\cl.read.1.tlog
c:\iprojects\gemsofatlantis\windows\game\game\release\cl.write.1.tlog
c:\iprojects\gemsofatlantis\windows\game\game\release\game.write.1.tlog
c:\iprojects\gemsofatlantis\windows\game\game\release\link-cvtres.read.1.tlog
c:\iprojects\gemsofatlantis\windows\game\game\release\link-cvtres.write.1.tlog
c:\iprojects\gemsofatlantis\windows\game\game\release\link.command.1.tlog
c:\iprojects\gemsofatlantis\windows\game\game\release\link.read.1.tlog
c:\iprojects\gemsofatlantis\windows\game\game\release\link.write.1.tlog
c:\iprojects\gemsofatlantis\windows\game\game\release\mt.command.1.tlog
c:\iprojects\gemsofatlantis\windows\game\game\release\mt.read.1.tlog
c:\iprojects\gemsofatlantis\windows\game\game\release\mt.write.1.tlog
c:\iprojects\gemsofatlantis\windows\game\game\release\rc.command.1.tlog
c:\iprojects\gemsofatlantis\windows\game\game\release\rc.read.1.tlog
c:\iprojects\gemsofatlantis\windows\game\game\release\rc.write.1.tlog
