  Screen.cpp
Screen.cpp(128): warning C4018: '<' : signed/unsigned mismatch
Screen.cpp(314): warning C4018: '<' : signed/unsigned mismatch
Screen.cpp(323): warning C4018: '<' : signed/unsigned mismatch
Screen.cpp(332): warning C4018: '<' : signed/unsigned mismatch
Screen.cpp(341): warning C4018: '<' : signed/unsigned mismatch
Screen.cpp(350): warning C4018: '<' : signed/unsigned mismatch
Screen.cpp(359): warning C4018: '<' : signed/unsigned mismatch
Screen.cpp(368): warning C4018: '<' : signed/unsigned mismatch
Screen.cpp(377): warning C4018: '<' : signed/unsigned mismatch
Screen.cpp(386): warning C4018: '<' : signed/unsigned mismatch
Screen.cpp(395): warning C4018: '<' : signed/unsigned mismatch
Screen.cpp(404): warning C4018: '<' : signed/unsigned mismatch
Screen.cpp(413): warning C4018: '<' : signed/unsigned mismatch
Screen.cpp(422): warning C4018: '<' : signed/unsigned mismatch
Screen.cpp(431): warning C4018: '<' : signed/unsigned mismatch
Screen.cpp(440): warning C4018: '<' : signed/unsigned mismatch
  Generating code
  Finished generating code
  Game.vcxproj -> C:\iProjects\GemsOfAtlantis\windows\Game\Release\Game.exe
